2025-04-02T10:39:33.417375Z: t=44ec: info: log: start logger (dunamis::setLogger.logger.cpp.43)
2025-04-02T10:39:33.417797Z: t=44ec: info: session: initialize session: sdk-version=1.41.0+20240103 session-guid=a049cd64-39a6-4f02-87aa-3800464eeb74 (dunamis::Session::Session.session.cpp.472)
2025-04-02T10:39:33.418037Z: t=44ec: warn: types: unknown source category: UNKNOWN defaulting to UNKNOWN (dunamis::sourceCategoryFromString.core_types.cpp.153)
2025-04-02T10:39:33.418375Z: t=44ec: info: api: End setIngestConfig: configGuid=bb81900e-4af5-4888-bae6-fe4715c8c58b project=ccd-win-service apiKey=ccd-win-service (dunamis_setIngestConfig::<lambda_a2ccc8d219964b7bd43dcc59b71c44d4>::operator ().dunamis.cpp.270)
2025-04-02T10:39:33.418734Z: t=44ec: info: api: Begin ingest start for config=bb81900e-4af5-4888-bae6-fe4715c8c58b (dunamis_ingest_start::<lambda_0ecc30bd4ea65f8192e2d8b11b7b22cc>::operator ().ingest.cpp.62)
2025-04-02T10:39:33.420115Z: t=44ec: info: fs: locked path=C:\Users\T99\AppData\Roaming\com.adobe.dunamis\bb81900e-4af5-4888-bae6-fe4715c8c58b\v1\0 (dunamis::Filesystem::trylock.filesystem_win.cpp.154)
2025-04-02T10:39:33.430197Z: t=44ec: info: event.store: Loading eventstore: num_files=1 name=main.meta_events.0.v1.bb81900e-4af5-4888-bae6-fe4715c8c58b (dunamis::EventStore::loadEventStoreIfPresent.eventstore.cpp.199)
2025-04-02T10:39:33.437360Z: t=44ec: info: event.store: Loaded eventstore: num_events=0 name=main.meta_events.0.v1.bb81900e-4af5-4888-bae6-fe4715c8c58b (dunamis::EventStore::loadEventStoreIfPresent.eventstore.cpp.213)
2025-04-02T10:39:33.437384Z: t=44ec: info: pipeline: Open pipeline: num_events=0 name=main.meta_events.0.v1.bb81900e-4af5-4888-bae6-fe4715c8c58b (dunamis::Pipeline::Pipeline.pipeline.cpp.152)
2025-04-02T10:39:33.437845Z: t=44ec: info: pipeline: Open pipeline: num_events=0 name=main.auth_invalid_events.0.v1.bb81900e-4af5-4888-bae6-fe4715c8c58b (dunamis::Pipeline::Pipeline.pipeline.cpp.152)
2025-04-02T10:39:33.438252Z: t=44ec: info: pipeline: Open pipeline: num_events=0 name=main.auth_events.0.v1.bb81900e-4af5-4888-bae6-fe4715c8c58b (dunamis::Pipeline::Pipeline.pipeline.cpp.152)
2025-04-02T10:39:33.438647Z: t=44ec: info: pipeline: Open pipeline: num_events=0 name=main.anon_invalid_events.0.v1.bb81900e-4af5-4888-bae6-fe4715c8c58b (dunamis::Pipeline::Pipeline.pipeline.cpp.152)
2025-04-02T10:39:33.445231Z: t=44ec: info: event.store: Loading eventstore: num_files=1 name=main.anon_events.0.v1.bb81900e-4af5-4888-bae6-fe4715c8c58b (dunamis::EventStore::loadEventStoreIfPresent.eventstore.cpp.199)
2025-04-02T10:39:33.451841Z: t=44ec: info: event.store: Loaded eventstore: num_events=0 name=main.anon_events.0.v1.bb81900e-4af5-4888-bae6-fe4715c8c58b (dunamis::EventStore::loadEventStoreIfPresent.eventstore.cpp.213)
2025-04-02T10:39:33.451865Z: t=44ec: info: pipeline: Open pipeline: num_events=0 name=main.anon_events.0.v1.bb81900e-4af5-4888-bae6-fe4715c8c58b (dunamis::Pipeline::Pipeline.pipeline.cpp.152)
2025-04-02T10:39:33.452244Z: t=44ec: info: mpfqs: open name=main.multi_part_events.0.v1.bb81900e-4af5-4888-bae6-fe4715c8c58b (dunamis::MPFQStore::MPFQStore.mpfqstore.cpp.58)
2025-04-02T10:39:33.452714Z: t=44ec: info: orphaninstance: Initializing OrphanInstance (dunamis::OrphanInstance::OrphanInstance.orphaninstance.cpp.49)
2025-04-02T10:39:33.452751Z: t=44ec: info: sampler: Initializing Sampler (dunamis::profiler::Sampler::Sampler.sampler.cpp.37)
2025-04-02T10:39:33.452780Z: t=44ec: always: healthcheck: Initializing healthcheck (dunamis::HealthCheck::HealthCheck.healthcheck.cpp.44)
2025-04-02T10:39:33.452786Z: t=44f4: info: orphaninstance: Starting new orphan instance (dunamis::OrphanInstance::startNewInstance.orphaninstance.cpp.98)
2025-04-02T10:39:33.452791Z: t=44ec: always: ingestinstance: Initializing IngestInstanceImpl (dunamis::IngestInstanceImpl::IngestInstanceImpl.ingestinstanceimpl.cpp.129)
2025-04-02T10:39:33.453194Z: t=44ec: error: fs: FindFirstFile failed: errno=3 path=C:\Users\T99\AppData\Roaming\com.adobe.dunamis\bb81900e-4af5-4888-bae6-fe4715c8c58b\v1\0\multi_part_events (dunamis::Filesystem::listDirectory.filesystem_win.cpp.96)
2025-04-02T10:39:33.453282Z: t=44ec: info: sampler: Started Sampler (dunamis::profiler::Sampler::start.sampler.cpp.54)
2025-04-02T10:39:33.453489Z: t=44f4: warn: fs: cannot lock: errno=32 path=C:\Users\T99\AppData\Roaming\com.adobe.dunamis\bb81900e-4af5-4888-bae6-fe4715c8c58b\v1\0 (dunamis::Filesystem::trylock.filesystem_win.cpp.150)
2025-04-02T10:39:33.453694Z: t=44ec: info: ingestinstance: submit batch=1 kind=meta validate=-1 json={"event.workflow":"Lifecycle","event.subcategory":"Host","event.type":"success","event.subtype":"init","entity.config":{"guid":"bb81900e-4af5-4888-bae6-fe4715c8c58b"},"entity.debug":{"cache":{"0":{"namespace":"primary"}}}} (dunamis::IngestInstanceImpl::submitEventInPipeline.ingestinstanceimpl.cpp.334)
2025-04-02T10:39:33.453662Z: t=44fc: info: ingestinstance: Begin reportError: e=27 (dunamis::IngestInstanceImpl::reportError.ingestinstanceimpl.cpp.259)
2025-04-02T10:39:33.453743Z: t=44fc: info: ingestinstance: End reportError: e=27 (dunamis::IngestInstanceImpl::reportError.ingestinstanceimpl.cpp.259)
2025-04-02T10:39:33.453958Z: t=44f4: info: fs: locked path=C:\Users\T99\AppData\Roaming\com.adobe.dunamis\bb81900e-4af5-4888-bae6-fe4715c8c58b\v1\1 (dunamis::Filesystem::trylock.filesystem_win.cpp.154)
2025-04-02T10:39:33.455943Z: t=44ec: info: event.store: pushed=1 balance=1 name=main.meta_events.0.v1.bb81900e-4af5-4888-bae6-fe4715c8c58b (dunamis::EventStore::push.eventstore.cpp.127)
2025-04-02T10:39:33.455963Z: t=44ec: info: api: End ingest start for config=bb81900e-4af5-4888-bae6-fe4715c8c58b (dunamis_ingest_start::<lambda_0ecc30bd4ea65f8192e2d8b11b7b22cc>::operator ().ingest.cpp.62)
2025-04-02T10:39:33.455977Z: t=44ec: info: api: Begin online (dunamis_online::<lambda_dbfd0087fde4bb0eeef0f4d212e1976f>::operator ().dunamis.cpp.212)
2025-04-02T10:39:33.455986Z: t=44ec: info: netmon: Starting network monitor (dunamis::NetworkMonitor::start.networkmonitor.cpp.62)
2025-04-02T10:39:33.456551Z: t=44ec: info: netmon: network is online (dunamis::NetworkMonitor::updateNetworkState.networkmonitor.cpp.43)
2025-04-02T10:39:33.456569Z: t=44ec: info: session: network is online (dunamis::Session::onNetworkStateChange.session.cpp.507)
2025-04-02T10:39:33.456591Z: t=44ec: info: netpoll: Starting network poller (dunamis::NetworkPoller::start.networkpoller.cpp.42)
2025-04-02T10:39:33.456686Z: t=44fc: info: pipeline: Change state: name=main.anon_events.0.v1.bb81900e-4af5-4888-bae6-fe4715c8c58b state=On (dunamis::Pipeline::changeState.pipeline.cpp.188)
2025-04-02T10:39:33.456714Z: t=44fc: info: pipeline: Change state: name=main.meta_events.0.v1.bb81900e-4af5-4888-bae6-fe4715c8c58b state=On (dunamis::Pipeline::changeState.pipeline.cpp.188)
2025-04-02T10:39:33.456728Z: t=44fc: info: ingestinstance: Begin reportError: e=27 (dunamis::IngestInstanceImpl::reportError.ingestinstanceimpl.cpp.259)
2025-04-02T10:39:33.456737Z: t=44fc: info: ingestinstance: End reportError: e=27 (dunamis::IngestInstanceImpl::reportError.ingestinstanceimpl.cpp.259)
2025-04-02T10:39:33.457067Z: t=44ec: info: api: End online (dunamis_online::<lambda_dbfd0087fde4bb0eeef0f4d212e1976f>::operator ().dunamis.cpp.212)
2025-04-02T10:39:33.457094Z: t=4504: info: ingestinstance: Begin reportError: e=27 (dunamis::IngestInstanceImpl::reportError.ingestinstanceimpl.cpp.259)
2025-04-02T10:39:33.457118Z: t=4504: info: ingestinstance: End reportError: e=27 (dunamis::IngestInstanceImpl::reportError.ingestinstanceimpl.cpp.259)
2025-04-02T10:39:33.457122Z: t=44ec: info: api: Begin setIngestConfig: configGuid=34003c9f-54e9-43ea-b2d6-ed396a98b4b7 project=ccd-win-debug-service apiKey=ccd-win-debug-service (dunamis_setIngestConfig::<lambda_a2ccc8d219964b7bd43dcc59b71c44d4>::operator ().dunamis.cpp.270)
2025-04-02T10:39:33.457140Z: t=44ec: info: api: End setIngestConfig: configGuid=34003c9f-54e9-43ea-b2d6-ed396a98b4b7 project=ccd-win-debug-service apiKey=ccd-win-debug-service (dunamis_setIngestConfig::<lambda_a2ccc8d219964b7bd43dcc59b71c44d4>::operator ().dunamis.cpp.270)
2025-04-02T10:39:33.457176Z: t=44ec: info: api: Begin ingest start for config=34003c9f-54e9-43ea-b2d6-ed396a98b4b7 (dunamis_ingest_start::<lambda_0ecc30bd4ea65f8192e2d8b11b7b22cc>::operator ().ingest.cpp.62)
2025-04-02T10:39:33.457939Z: t=44ec: info: fs: locked path=C:\Users\T99\AppData\Roaming\com.adobe.dunamis\34003c9f-54e9-43ea-b2d6-ed396a98b4b7\v1\0 (dunamis::Filesystem::trylock.filesystem_win.cpp.154)
2025-04-02T10:39:33.461106Z: t=44f4: info: event.store: Loading eventstore: num_files=1 name=orphan.meta_events.1.v1.bb81900e-4af5-4888-bae6-fe4715c8c58b (dunamis::EventStore::loadEventStoreIfPresent.eventstore.cpp.199)
2025-04-02T10:39:33.467579Z: t=44ec: info: event.store: Loading eventstore: num_files=1 name=main.meta_events.0.v1.34003c9f-54e9-43ea-b2d6-ed396a98b4b7 (dunamis::EventStore::loadEventStoreIfPresent.eventstore.cpp.199)
2025-04-02T10:39:33.470031Z: t=44f4: info: event.store: Loaded eventstore: num_events=0 name=orphan.meta_events.1.v1.bb81900e-4af5-4888-bae6-fe4715c8c58b (dunamis::EventStore::loadEventStoreIfPresent.eventstore.cpp.213)
2025-04-02T10:39:33.470054Z: t=44f4: info: pipeline: Open pipeline: num_events=0 name=orphan.meta_events.1.v1.bb81900e-4af5-4888-bae6-fe4715c8c58b (dunamis::Pipeline::Pipeline.pipeline.cpp.152)
2025-04-02T10:39:33.475142Z: t=44ec: info: event.store: Loaded eventstore: num_events=0 name=main.meta_events.0.v1.34003c9f-54e9-43ea-b2d6-ed396a98b4b7 (dunamis::EventStore::loadEventStoreIfPresent.eventstore.cpp.213)
2025-04-02T10:39:33.475169Z: t=44ec: info: pipeline: Open pipeline: num_events=0 name=main.meta_events.0.v1.34003c9f-54e9-43ea-b2d6-ed396a98b4b7 (dunamis::Pipeline::Pipeline.pipeline.cpp.152)
2025-04-02T10:39:33.475649Z: t=44ec: info: pipeline: Open pipeline: num_events=0 name=main.auth_invalid_events.0.v1.34003c9f-54e9-43ea-b2d6-ed396a98b4b7 (dunamis::Pipeline::Pipeline.pipeline.cpp.152)
2025-04-02T10:39:33.476147Z: t=44ec: info: pipeline: Open pipeline: num_events=0 name=main.auth_events.0.v1.34003c9f-54e9-43ea-b2d6-ed396a98b4b7 (dunamis::Pipeline::Pipeline.pipeline.cpp.152)
2025-04-02T10:39:33.476569Z: t=44ec: info: pipeline: Open pipeline: num_events=0 name=main.anon_invalid_events.0.v1.34003c9f-54e9-43ea-b2d6-ed396a98b4b7 (dunamis::Pipeline::Pipeline.pipeline.cpp.152)
2025-04-02T10:39:33.477675Z: t=44f4: info: event.store: Loading eventstore: num_files=1 name=orphan.anon_events.1.v1.bb81900e-4af5-4888-bae6-fe4715c8c58b (dunamis::EventStore::loadEventStoreIfPresent.eventstore.cpp.199)
2025-04-02T10:39:33.484488Z: t=44ec: info: event.store: Loading eventstore: num_files=1 name=main.anon_events.0.v1.34003c9f-54e9-43ea-b2d6-ed396a98b4b7 (dunamis::EventStore::loadEventStoreIfPresent.eventstore.cpp.199)
2025-04-02T10:39:33.485121Z: t=44f4: info: event.store: Loaded eventstore: num_events=0 name=orphan.anon_events.1.v1.bb81900e-4af5-4888-bae6-fe4715c8c58b (dunamis::EventStore::loadEventStoreIfPresent.eventstore.cpp.213)
2025-04-02T10:39:33.485139Z: t=44f4: info: pipeline: Open pipeline: num_events=0 name=orphan.anon_events.1.v1.bb81900e-4af5-4888-bae6-fe4715c8c58b (dunamis::Pipeline::Pipeline.pipeline.cpp.152)
2025-04-02T10:39:33.485260Z: t=44f4: info: pipeline: Change state: name=orphan.meta_events.1.v1.bb81900e-4af5-4888-bae6-fe4715c8c58b state=On (dunamis::Pipeline::changeState.pipeline.cpp.188)
2025-04-02T10:39:33.485274Z: t=44f4: info: orphaninstance: meta is empty (dunamis::OrphanInstance::startNewInstance::<lambda_5f9bc10a1884f0c6f205bcbbf02493a3>::operator ().orphaninstance.cpp.119)
2025-04-02T10:39:33.485310Z: t=44f4: info: pipeline: Change state: name=orphan.anon_events.1.v1.bb81900e-4af5-4888-bae6-fe4715c8c58b state=On (dunamis::Pipeline::changeState.pipeline.cpp.188)
2025-04-02T10:39:33.485319Z: t=44f4: info: orphaninstance: anon is empty (dunamis::OrphanInstance::startNewInstance::<lambda_7704b4ce1f5a1cce9e384848461588ed>::operator ().orphaninstance.cpp.179)
2025-04-02T10:39:33.485328Z: t=44f4: info: orphaninstance: Starting new orphan instance (dunamis::OrphanInstance::startNewInstance.orphaninstance.cpp.98)
2025-04-02T10:39:33.485342Z: t=44f4: info: pipeline: Change state: name=orphan.meta_events.1.v1.bb81900e-4af5-4888-bae6-fe4715c8c58b state=SaveOnly (dunamis::Pipeline::changeState.pipeline.cpp.188)
2025-04-02T10:39:33.485377Z: t=44f4: info: utils: Begin wait for active tasks (this=00000253F89B64C8) to be complete (dunamis::waitFor.asynchelper.hpp.51)
2025-04-02T10:39:33.485388Z: t=44f4: info: utils: End wait for active tasks (this=00000253F89B64C8) to be complete (dunamis::waitFor.asynchelper.hpp.51)
2025-04-02T10:39:33.485413Z: t=44f4: info: utils: Begin wait for active tasks (this=00000253F89B6220) to be complete (dunamis::waitFor.asynchelper.hpp.51)
2025-04-02T10:39:33.485421Z: t=44f4: info: utils: End wait for active tasks (this=00000253F89B6220) to be complete (dunamis::waitFor.asynchelper.hpp.51)
2025-04-02T10:39:33.485430Z: t=44f4: info: pipeline: Close pipeline: num_events=0 name=orphan.meta_events.1.v1.bb81900e-4af5-4888-bae6-fe4715c8c58b (dunamis::Pipeline::~Pipeline.pipeline.cpp.158)
2025-04-02T10:39:33.485469Z: t=44f4: info: event.store: Delete eventstore: num_events=0 name=orphan.meta_events.1.v1.bb81900e-4af5-4888-bae6-fe4715c8c58b (dunamis::EventStore::removeEventStore.eventstore.cpp.162)
2025-04-02T10:39:33.486072Z: t=44f4: info: pipeline: Change state: name=orphan.anon_events.1.v1.bb81900e-4af5-4888-bae6-fe4715c8c58b state=SaveOnly (dunamis::Pipeline::changeState.pipeline.cpp.188)
2025-04-02T10:39:33.486092Z: t=44f4: info: utils: Begin wait for active tasks (this=00000253F89D9168) to be complete (dunamis::waitFor.asynchelper.hpp.51)
2025-04-02T10:39:33.486102Z: t=44f4: info: utils: End wait for active tasks (this=00000253F89D9168) to be complete (dunamis::waitFor.asynchelper.hpp.51)
2025-04-02T10:39:33.486126Z: t=44f4: info: utils: Begin wait for active tasks (this=00000253F89D8EC0) to be complete (dunamis::waitFor.asynchelper.hpp.51)
2025-04-02T10:39:33.486152Z: t=44f4: info: utils: End wait for active tasks (this=00000253F89D8EC0) to be complete (dunamis::waitFor.asynchelper.hpp.51)
2025-04-02T10:39:33.486161Z: t=44f4: info: pipeline: Close pipeline: num_events=0 name=orphan.anon_events.1.v1.bb81900e-4af5-4888-bae6-fe4715c8c58b (dunamis::Pipeline::~Pipeline.pipeline.cpp.158)
2025-04-02T10:39:33.486210Z: t=44f4: info: event.store: Delete eventstore: num_events=0 name=orphan.anon_events.1.v1.bb81900e-4af5-4888-bae6-fe4715c8c58b (dunamis::EventStore::removeEventStore.eventstore.cpp.162)
2025-04-02T10:39:33.486736Z: t=44f4: info: orphaninstance: Delete: path=C:\Users\T99\AppData\Roaming\com.adobe.dunamis\bb81900e-4af5-4888-bae6-fe4715c8c58b\v1\1 (dunamis::OrphanInstance::checkIfPipelinesAreEmpty.orphaninstance.cpp.229)
2025-04-02T10:39:33.486965Z: t=44f4: info: fs: unlocked path=C:\Users\T99\AppData\Roaming\com.adobe.dunamis\bb81900e-4af5-4888-bae6-fe4715c8c58b\v1\1 (dunamis::Filesystem::unlock.filesystem_win.cpp.169)
2025-04-02T10:39:33.486990Z: t=44f4: info: orphaninstance: Starting new orphan instance (dunamis::OrphanInstance::startNewInstance.orphaninstance.cpp.98)
2025-04-02T10:39:33.487428Z: t=44f4: warn: fs: cannot lock: errno=32 path=C:\Users\T99\AppData\Roaming\com.adobe.dunamis\bb81900e-4af5-4888-bae6-fe4715c8c58b\v1\0 (dunamis::Filesystem::trylock.filesystem_win.cpp.150)
2025-04-02T10:39:33.492625Z: t=44ec: info: event.store: Loaded eventstore: num_events=0 name=main.anon_events.0.v1.34003c9f-54e9-43ea-b2d6-ed396a98b4b7 (dunamis::EventStore::loadEventStoreIfPresent.eventstore.cpp.213)
2025-04-02T10:39:33.492648Z: t=44ec: info: pipeline: Open pipeline: num_events=0 name=main.anon_events.0.v1.34003c9f-54e9-43ea-b2d6-ed396a98b4b7 (dunamis::Pipeline::Pipeline.pipeline.cpp.152)
2025-04-02T10:39:33.493076Z: t=44ec: info: mpfqs: open name=main.multi_part_events.0.v1.34003c9f-54e9-43ea-b2d6-ed396a98b4b7 (dunamis::MPFQStore::MPFQStore.mpfqstore.cpp.58)
2025-04-02T10:39:33.493098Z: t=44ec: info: orphaninstance: Initializing OrphanInstance (dunamis::OrphanInstance::OrphanInstance.orphaninstance.cpp.49)
2025-04-02T10:39:33.493128Z: t=44ec: info: sampler: Initializing Sampler (dunamis::profiler::Sampler::Sampler.sampler.cpp.37)
2025-04-02T10:39:33.493137Z: t=44ec: always: healthcheck: Initializing healthcheck (dunamis::HealthCheck::HealthCheck.healthcheck.cpp.44)
2025-04-02T10:39:33.493180Z: t=44ec: always: ingestinstance: Initializing IngestInstanceImpl (dunamis::IngestInstanceImpl::IngestInstanceImpl.ingestinstanceimpl.cpp.129)
2025-04-02T10:39:33.493141Z: t=44f4: info: orphaninstance: Starting new orphan instance (dunamis::OrphanInstance::startNewInstance.orphaninstance.cpp.98)
2025-04-02T10:39:33.493707Z: t=44ec: error: fs: FindFirstFile failed: errno=3 path=C:\Users\T99\AppData\Roaming\com.adobe.dunamis\34003c9f-54e9-43ea-b2d6-ed396a98b4b7\v1\0\multi_part_events (dunamis::Filesystem::listDirectory.filesystem_win.cpp.96)
2025-04-02T10:39:33.493737Z: t=44ec: info: sampler: Started Sampler (dunamis::profiler::Sampler::start.sampler.cpp.54)
2025-04-02T10:39:33.493876Z: t=44ec: info: ingestinstance: submit batch=1 kind=meta validate=-1 json={"event.workflow":"Lifecycle","event.subcategory":"Host","event.type":"success","event.subtype":"init","entity.config":{"guid":"34003c9f-54e9-43ea-b2d6-ed396a98b4b7"},"entity.debug":{"cache":{"0":{"namespace":"primary"}}}} (dunamis::IngestInstanceImpl::submitEventInPipeline.ingestinstanceimpl.cpp.334)
2025-04-02T10:39:33.494012Z: t=4504: info: pipeline: Change state: name=main.anon_events.0.v1.34003c9f-54e9-43ea-b2d6-ed396a98b4b7 state=On (dunamis::Pipeline::changeState.pipeline.cpp.188)
2025-04-02T10:39:33.494064Z: t=44f4: warn: fs: cannot lock: errno=32 path=C:\Users\T99\AppData\Roaming\com.adobe.dunamis\34003c9f-54e9-43ea-b2d6-ed396a98b4b7\v1\0 (dunamis::Filesystem::trylock.filesystem_win.cpp.150)
2025-04-02T10:39:33.494211Z: t=4504: info: pipeline: Change state: name=main.meta_events.0.v1.34003c9f-54e9-43ea-b2d6-ed396a98b4b7 state=On (dunamis::Pipeline::changeState.pipeline.cpp.188)
2025-04-02T10:39:33.494234Z: t=4504: info: ingestinstance: Begin reportError: e=27 (dunamis::IngestInstanceImpl::reportError.ingestinstanceimpl.cpp.259)
2025-04-02T10:39:33.494244Z: t=4504: info: ingestinstance: End reportError: e=27 (dunamis::IngestInstanceImpl::reportError.ingestinstanceimpl.cpp.259)
2025-04-02T10:39:33.494518Z: t=44f4: info: fs: locked path=C:\Users\T99\AppData\Roaming\com.adobe.dunamis\34003c9f-54e9-43ea-b2d6-ed396a98b4b7\v1\1 (dunamis::Filesystem::trylock.filesystem_win.cpp.154)
2025-04-02T10:39:33.496053Z: t=44ec: info: event.store: pushed=1 balance=1 name=main.meta_events.0.v1.34003c9f-54e9-43ea-b2d6-ed396a98b4b7 (dunamis::EventStore::push.eventstore.cpp.127)
2025-04-02T10:39:33.496071Z: t=44ec: info: api: End ingest start for config=34003c9f-54e9-43ea-b2d6-ed396a98b4b7 (dunamis_ingest_start::<lambda_0ecc30bd4ea65f8192e2d8b11b7b22cc>::operator ().ingest.cpp.62)
2025-04-02T10:39:33.496117Z: t=44ec: info: api: Begin setIngestConfig: configGuid=821020c6-fb75-4576-8a01-b83cb7143f93 project=unc-thor-service apiKey=unc-thor-service (dunamis_setIngestConfig::<lambda_a2ccc8d219964b7bd43dcc59b71c44d4>::operator ().dunamis.cpp.270)
2025-04-02T10:39:33.496131Z: t=44ec: info: api: End setIngestConfig: configGuid=821020c6-fb75-4576-8a01-b83cb7143f93 project=unc-thor-service apiKey=unc-thor-service (dunamis_setIngestConfig::<lambda_a2ccc8d219964b7bd43dcc59b71c44d4>::operator ().dunamis.cpp.270)
2025-04-02T10:39:33.496150Z: t=44ec: info: api: Begin ingest start for config=821020c6-fb75-4576-8a01-b83cb7143f93 (dunamis_ingest_start::<lambda_0ecc30bd4ea65f8192e2d8b11b7b22cc>::operator ().ingest.cpp.62)
2025-04-02T10:39:33.496825Z: t=44ec: info: fs: locked path=C:\Users\T99\AppData\Roaming\com.adobe.dunamis\821020c6-fb75-4576-8a01-b83cb7143f93\v1\0 (dunamis::Filesystem::trylock.filesystem_win.cpp.154)
2025-04-02T10:39:33.502670Z: t=44f4: info: event.store: Loading eventstore: num_files=1 name=orphan.meta_events.1.v1.34003c9f-54e9-43ea-b2d6-ed396a98b4b7 (dunamis::EventStore::loadEventStoreIfPresent.eventstore.cpp.199)
2025-04-02T10:39:33.506950Z: t=44ec: info: event.store: Loading eventstore: num_files=1 name=main.meta_events.0.v1.821020c6-fb75-4576-8a01-b83cb7143f93 (dunamis::EventStore::loadEventStoreIfPresent.eventstore.cpp.199)
2025-04-02T10:39:33.512578Z: t=44f4: info: event.store: Loaded eventstore: num_events=0 name=orphan.meta_events.1.v1.34003c9f-54e9-43ea-b2d6-ed396a98b4b7 (dunamis::EventStore::loadEventStoreIfPresent.eventstore.cpp.213)
2025-04-02T10:39:33.512605Z: t=44f4: info: pipeline: Open pipeline: num_events=0 name=orphan.meta_events.1.v1.34003c9f-54e9-43ea-b2d6-ed396a98b4b7 (dunamis::Pipeline::Pipeline.pipeline.cpp.152)
2025-04-02T10:39:33.515084Z: t=44ec: info: event.store: Loaded eventstore: num_events=0 name=main.meta_events.0.v1.821020c6-fb75-4576-8a01-b83cb7143f93 (dunamis::EventStore::loadEventStoreIfPresent.eventstore.cpp.213)
2025-04-02T10:39:33.515110Z: t=44ec: info: pipeline: Open pipeline: num_events=0 name=main.meta_events.0.v1.821020c6-fb75-4576-8a01-b83cb7143f93 (dunamis::Pipeline::Pipeline.pipeline.cpp.152)
2025-04-02T10:39:33.515623Z: t=44ec: info: pipeline: Open pipeline: num_events=0 name=main.auth_invalid_events.0.v1.821020c6-fb75-4576-8a01-b83cb7143f93 (dunamis::Pipeline::Pipeline.pipeline.cpp.152)
2025-04-02T10:39:33.516059Z: t=44ec: info: pipeline: Open pipeline: num_events=0 name=main.auth_events.0.v1.821020c6-fb75-4576-8a01-b83cb7143f93 (dunamis::Pipeline::Pipeline.pipeline.cpp.152)
2025-04-02T10:39:33.516480Z: t=44ec: info: pipeline: Open pipeline: num_events=0 name=main.anon_invalid_events.0.v1.821020c6-fb75-4576-8a01-b83cb7143f93 (dunamis::Pipeline::Pipeline.pipeline.cpp.152)
2025-04-02T10:39:33.521262Z: t=44f4: info: event.store: Loading eventstore: num_files=1 name=orphan.anon_events.1.v1.34003c9f-54e9-43ea-b2d6-ed396a98b4b7 (dunamis::EventStore::loadEventStoreIfPresent.eventstore.cpp.199)
2025-04-02T10:39:33.525557Z: t=44ec: info: event.store: Loading eventstore: num_files=1 name=main.anon_events.0.v1.821020c6-fb75-4576-8a01-b83cb7143f93 (dunamis::EventStore::loadEventStoreIfPresent.eventstore.cpp.199)
2025-04-02T10:39:33.530532Z: t=44f4: info: event.store: Loaded eventstore: num_events=1 name=orphan.anon_events.1.v1.34003c9f-54e9-43ea-b2d6-ed396a98b4b7 (dunamis::EventStore::loadEventStoreIfPresent.eventstore.cpp.213)
2025-04-02T10:39:33.530563Z: t=44f4: info: pipeline: Open pipeline: num_events=1 name=orphan.anon_events.1.v1.34003c9f-54e9-43ea-b2d6-ed396a98b4b7 (dunamis::Pipeline::Pipeline.pipeline.cpp.152)
2025-04-02T10:39:33.530668Z: t=44f4: info: pipeline: Change state: name=orphan.meta_events.1.v1.34003c9f-54e9-43ea-b2d6-ed396a98b4b7 state=On (dunamis::Pipeline::changeState.pipeline.cpp.188)
2025-04-02T10:39:33.530682Z: t=44f4: info: orphaninstance: meta is empty (dunamis::OrphanInstance::startNewInstance::<lambda_5f9bc10a1884f0c6f205bcbbf02493a3>::operator ().orphaninstance.cpp.119)
2025-04-02T10:39:33.530697Z: t=44f4: info: pipeline: Change state: name=orphan.anon_events.1.v1.34003c9f-54e9-43ea-b2d6-ed396a98b4b7 state=On (dunamis::Pipeline::changeState.pipeline.cpp.188)
2025-04-02T10:39:33.530707Z: t=44f4: info: orphaninstance: Starting new orphan instance (dunamis::OrphanInstance::startNewInstance.orphaninstance.cpp.98)
2025-04-02T10:39:33.530719Z: t=44f4: info: pipeline: Change state: name=orphan.meta_events.1.v1.34003c9f-54e9-43ea-b2d6-ed396a98b4b7 state=SaveOnly (dunamis::Pipeline::changeState.pipeline.cpp.188)
2025-04-02T10:39:33.530731Z: t=44f4: info: utils: Begin wait for active tasks (this=00000253F89D9168) to be complete (dunamis::waitFor.asynchelper.hpp.51)
2025-04-02T10:39:33.530739Z: t=44f4: info: utils: End wait for active tasks (this=00000253F89D9168) to be complete (dunamis::waitFor.asynchelper.hpp.51)
2025-04-02T10:39:33.530749Z: t=44f4: info: utils: Begin wait for active tasks (this=00000253F89D8EC0) to be complete (dunamis::waitFor.asynchelper.hpp.51)
2025-04-02T10:39:33.530757Z: t=44f4: info: utils: End wait for active tasks (this=00000253F89D8EC0) to be complete (dunamis::waitFor.asynchelper.hpp.51)
2025-04-02T10:39:33.530766Z: t=44f4: info: pipeline: Close pipeline: num_events=0 name=orphan.meta_events.1.v1.34003c9f-54e9-43ea-b2d6-ed396a98b4b7 (dunamis::Pipeline::~Pipeline.pipeline.cpp.158)
2025-04-02T10:39:33.530805Z: t=44f4: info: event.store: Delete eventstore: num_events=0 name=orphan.meta_events.1.v1.34003c9f-54e9-43ea-b2d6-ed396a98b4b7 (dunamis::EventStore::removeEventStore.eventstore.cpp.162)
2025-04-02T10:39:33.533537Z: t=44ec: info: event.store: Loaded eventstore: num_events=0 name=main.anon_events.0.v1.821020c6-fb75-4576-8a01-b83cb7143f93 (dunamis::EventStore::loadEventStoreIfPresent.eventstore.cpp.213)
2025-04-02T10:39:33.533561Z: t=44ec: info: pipeline: Open pipeline: num_events=0 name=main.anon_events.0.v1.821020c6-fb75-4576-8a01-b83cb7143f93 (dunamis::Pipeline::Pipeline.pipeline.cpp.152)
2025-04-02T10:39:33.533941Z: t=44ec: info: mpfqs: open name=main.multi_part_events.0.v1.821020c6-fb75-4576-8a01-b83cb7143f93 (dunamis::MPFQStore::MPFQStore.mpfqstore.cpp.58)
2025-04-02T10:39:33.533963Z: t=44ec: info: orphaninstance: Initializing OrphanInstance (dunamis::OrphanInstance::OrphanInstance.orphaninstance.cpp.49)
2025-04-02T10:39:33.533974Z: t=44ec: info: sampler: Initializing Sampler (dunamis::profiler::Sampler::Sampler.sampler.cpp.37)
2025-04-02T10:39:33.533982Z: t=44ec: always: healthcheck: Initializing healthcheck (dunamis::HealthCheck::HealthCheck.healthcheck.cpp.44)
2025-04-02T10:39:33.533989Z: t=44ec: always: ingestinstance: Initializing IngestInstanceImpl (dunamis::IngestInstanceImpl::IngestInstanceImpl.ingestinstanceimpl.cpp.129)
2025-04-02T10:39:33.534021Z: t=44f4: info: orphaninstance: Starting new orphan instance (dunamis::OrphanInstance::startNewInstance.orphaninstance.cpp.98)
2025-04-02T10:39:33.534392Z: t=44ec: error: fs: FindFirstFile failed: errno=3 path=C:\Users\T99\AppData\Roaming\com.adobe.dunamis\821020c6-fb75-4576-8a01-b83cb7143f93\v1\0\multi_part_events (dunamis::Filesystem::listDirectory.filesystem_win.cpp.96)
2025-04-02T10:39:33.534586Z: t=44ec: info: sampler: Started Sampler (dunamis::profiler::Sampler::start.sampler.cpp.54)
2025-04-02T10:39:33.534628Z: t=44ec: info: ingestinstance: submit batch=1 kind=meta validate=-1 json={"event.workflow":"Lifecycle","event.subcategory":"Host","event.type":"success","event.subtype":"init","entity.config":{"guid":"821020c6-fb75-4576-8a01-b83cb7143f93"},"entity.debug":{"cache":{"0":{"namespace":"primary"}}}} (dunamis::IngestInstanceImpl::submitEventInPipeline.ingestinstanceimpl.cpp.334)
2025-04-02T10:39:33.534863Z: t=4504: info: pipeline: Change state: name=main.anon_events.0.v1.821020c6-fb75-4576-8a01-b83cb7143f93 state=On (dunamis::Pipeline::changeState.pipeline.cpp.188)
2025-04-02T10:39:33.534885Z: t=4504: info: pipeline: Change state: name=main.meta_events.0.v1.821020c6-fb75-4576-8a01-b83cb7143f93 state=On (dunamis::Pipeline::changeState.pipeline.cpp.188)
2025-04-02T10:39:33.534898Z: t=4504: info: ingestinstance: Begin reportError: e=27 (dunamis::IngestInstanceImpl::reportError.ingestinstanceimpl.cpp.259)
2025-04-02T10:39:33.534907Z: t=4504: info: ingestinstance: End reportError: e=27 (dunamis::IngestInstanceImpl::reportError.ingestinstanceimpl.cpp.259)
2025-04-02T10:39:33.534906Z: t=44f4: warn: fs: cannot lock: errno=32 path=C:\Users\T99\AppData\Roaming\com.adobe.dunamis\821020c6-fb75-4576-8a01-b83cb7143f93\v1\0 (dunamis::Filesystem::trylock.filesystem_win.cpp.150)
2025-04-02T10:39:33.535363Z: t=44f4: info: fs: locked path=C:\Users\T99\AppData\Roaming\com.adobe.dunamis\821020c6-fb75-4576-8a01-b83cb7143f93\v1\1 (dunamis::Filesystem::trylock.filesystem_win.cpp.154)
2025-04-02T10:39:33.536724Z: t=44ec: info: event.store: pushed=1 balance=1 name=main.meta_events.0.v1.821020c6-fb75-4576-8a01-b83cb7143f93 (dunamis::EventStore::push.eventstore.cpp.127)
2025-04-02T10:39:33.536743Z: t=44ec: info: api: End ingest start for config=821020c6-fb75-4576-8a01-b83cb7143f93 (dunamis_ingest_start::<lambda_0ecc30bd4ea65f8192e2d8b11b7b22cc>::operator ().ingest.cpp.62)
2025-04-02T10:39:33.543334Z: t=44f4: info: event.store: Loading eventstore: num_files=1 name=orphan.meta_events.1.v1.821020c6-fb75-4576-8a01-b83cb7143f93 (dunamis::EventStore::loadEventStoreIfPresent.eventstore.cpp.199)
2025-04-02T10:39:33.551855Z: t=44f4: info: event.store: Loaded eventstore: num_events=0 name=orphan.meta_events.1.v1.821020c6-fb75-4576-8a01-b83cb7143f93 (dunamis::EventStore::loadEventStoreIfPresent.eventstore.cpp.213)
2025-04-02T10:39:33.551884Z: t=44f4: info: pipeline: Open pipeline: num_events=0 name=orphan.meta_events.1.v1.821020c6-fb75-4576-8a01-b83cb7143f93 (dunamis::Pipeline::Pipeline.pipeline.cpp.152)
2025-04-02T10:39:33.552171Z: t=44f4: info: pipeline: Change state: name=orphan.meta_events.1.v1.821020c6-fb75-4576-8a01-b83cb7143f93 state=On (dunamis::Pipeline::changeState.pipeline.cpp.188)
2025-04-02T10:39:33.552186Z: t=44f4: info: orphaninstance: meta is empty (dunamis::OrphanInstance::startNewInstance::<lambda_5f9bc10a1884f0c6f205bcbbf02493a3>::operator ().orphaninstance.cpp.119)
2025-04-02T10:39:33.552200Z: t=44f4: info: orphaninstance: Starting new orphan instance (dunamis::OrphanInstance::startNewInstance.orphaninstance.cpp.98)
2025-04-02T10:39:33.552210Z: t=44f4: info: pipeline: Change state: name=orphan.meta_events.1.v1.821020c6-fb75-4576-8a01-b83cb7143f93 state=SaveOnly (dunamis::Pipeline::changeState.pipeline.cpp.188)
2025-04-02T10:39:33.552223Z: t=44f4: info: utils: Begin wait for active tasks (this=00000253F89D9168) to be complete (dunamis::waitFor.asynchelper.hpp.51)
2025-04-02T10:39:33.552233Z: t=44f4: info: utils: End wait for active tasks (this=00000253F89D9168) to be complete (dunamis::waitFor.asynchelper.hpp.51)
2025-04-02T10:39:33.552245Z: t=44f4: info: utils: Begin wait for active tasks (this=00000253F89D8EC0) to be complete (dunamis::waitFor.asynchelper.hpp.51)
2025-04-02T10:39:33.552254Z: t=44f4: info: utils: End wait for active tasks (this=00000253F89D8EC0) to be complete (dunamis::waitFor.asynchelper.hpp.51)
2025-04-02T10:39:33.552263Z: t=44f4: info: pipeline: Close pipeline: num_events=0 name=orphan.meta_events.1.v1.821020c6-fb75-4576-8a01-b83cb7143f93 (dunamis::Pipeline::~Pipeline.pipeline.cpp.158)
2025-04-02T10:39:33.552301Z: t=44f4: info: event.store: Delete eventstore: num_events=0 name=orphan.meta_events.1.v1.821020c6-fb75-4576-8a01-b83cb7143f93 (dunamis::EventStore::removeEventStore.eventstore.cpp.162)
2025-04-02T10:39:33.552873Z: t=44f4: info: orphaninstance: Delete: path=C:\Users\T99\AppData\Roaming\com.adobe.dunamis\821020c6-fb75-4576-8a01-b83cb7143f93\v1\1 (dunamis::OrphanInstance::checkIfPipelinesAreEmpty.orphaninstance.cpp.229)
2025-04-02T10:39:33.553090Z: t=44f4: info: fs: unlocked path=C:\Users\T99\AppData\Roaming\com.adobe.dunamis\821020c6-fb75-4576-8a01-b83cb7143f93\v1\1 (dunamis::Filesystem::unlock.filesystem_win.cpp.169)
2025-04-02T10:39:33.553115Z: t=44f4: info: orphaninstance: Starting new orphan instance (dunamis::OrphanInstance::startNewInstance.orphaninstance.cpp.98)
2025-04-02T10:39:33.553548Z: t=44f4: warn: fs: cannot lock: errno=32 path=C:\Users\T99\AppData\Roaming\com.adobe.dunamis\821020c6-fb75-4576-8a01-b83cb7143f93\v1\0 (dunamis::Filesystem::trylock.filesystem_win.cpp.150)
2025-04-02T10:39:39.254042Z: t=4644: info: api: Begin submitEvent for instance=00000253F89B02E0 json={"ccd.account_type":"","ccd.authGuid":"","ccd.countryCode":"","event.device_guid":"06F8A372-8D36-4FBA-9C1E-294ECBBEF4B0","event.language":"en_US","event.session_guid":"5CF6EF9E-AAD8-47B6-B10F-003149260BBA","event.subcategory":"Initialize","event.subtype":"app","event.type":"launch","event.user_agent":"CreativeCloud/6.5.0.348/Win-10.0","event.value":"user-initiated-or-restart","event.workflow":"Launch","source.client_id":"CreativeCloud_v6_5","source.device":"Intel(R) Core(TM) i7-8650U CPU @ 1.90GHz","source.os_version":"10.0.26100:64","source.platform":"Win-x86:64","source.version":"6.5.0.348","user.service_level":""}
 batch=1 auth=0 validate=0 (dunamis_ingest_submitEvent::<lambda_eb25fa684c23db87f8ae717642a0e9c0>::operator ().ingest.cpp.163)
2025-04-02T10:39:39.254073Z: t=4644: info: ingestinstance: submit batch=1 kind=anon validate=0 json={"ccd.account_type":"","ccd.authGuid":"","ccd.countryCode":"","event.device_guid":"06F8A372-8D36-4FBA-9C1E-294ECBBEF4B0","event.language":"en_US","event.session_guid":"5CF6EF9E-AAD8-47B6-B10F-003149260BBA","event.subcategory":"Initialize","event.subtype":"app","event.type":"launch","event.user_agent":"CreativeCloud/6.5.0.348/Win-10.0","event.value":"user-initiated-or-restart","event.workflow":"Launch","source.client_id":"CreativeCloud_v6_5","source.device":"Intel(R) Core(TM) i7-8650U CPU @ 1.90GHz","source.os_version":"10.0.26100:64","source.platform":"Win-x86:64","source.version":"6.5.0.348","user.service_level":""}
 (dunamis::IngestInstanceImpl::submitEventInPipeline.ingestinstanceimpl.cpp.334)
2025-04-02T10:39:39.256219Z: t=4644: info: event.store: pushed=1 balance=1 name=main.anon_events.0.v1.bb81900e-4af5-4888-bae6-fe4715c8c58b (dunamis::EventStore::push.eventstore.cpp.127)
2025-04-02T10:39:39.256246Z: t=4644: info: api: End submitEvent for instance=00000253F89B02E0 json={"ccd.account_type":"","ccd.authGuid":"","ccd.countryCode":"","event.device_guid":"06F8A372-8D36-4FBA-9C1E-294ECBBEF4B0","event.language":"en_US","event.session_guid":"5CF6EF9E-AAD8-47B6-B10F-003149260BBA","event.subcategory":"Initialize","event.subtype":"app","event.type":"launch","event.user_agent":"CreativeCloud/6.5.0.348/Win-10.0","event.value":"user-initiated-or-restart","event.workflow":"Launch","source.client_id":"CreativeCloud_v6_5","source.device":"Intel(R) Core(TM) i7-8650U CPU @ 1.90GHz","source.os_version":"10.0.26100:64","source.platform":"Win-x86:64","source.version":"6.5.0.348","user.service_level":""}
 batch=1 auth=0 validate=0 (dunamis_ingest_submitEvent::<lambda_eb25fa684c23db87f8ae717642a0e9c0>::operator ().ingest.cpp.163)
2025-04-02T10:39:39.269776Z: t=4648: info: api: Begin submitEvent for instance=00000253F89C66D0 json={"ccd.account_type":"","ccd.authGuid":"","ccd.countryCode":"","ccd.process_name":"CCD","ccd.rel_cpu_usage":"530","ccd.rel_memory_usage":"33792","ccd.rel_time_elapsed":"1","ccd.total_cpu_usage":"735","ccd.total_memory_usage":"60416","ccd.total_time_elapsed":"1743590374","ccd.workflow":"start-workflow","event.device_guid":"06F8A372-8D36-4FBA-9C1E-294ECBBEF4B0","event.event_code":"health-check","event.language":"en_US","event.session_guid":"5CF6EF9E-AAD8-47B6-B10F-003149260BBA","event.subcategory":"ContainerUI","event.subtype":"log","event.type":"debug","event.user_agent":"CreativeCloud/6.5.0.348/Win-10.0","event.workflow":"Debug","source.client_id":"CreativeCloud_v6_5","source.device":"Intel(R) Core(TM) i7-8650U CPU @ 1.90GHz","source.os_version":"10.0.26100:64","source.platform":"Win-x86:64","source.version":"6.5.0.348","user.service_level":""}
 batch=1 auth=0 validate=0 (dunamis_ingest_submitEvent::<lambda_eb25fa684c23db87f8ae717642a0e9c0>::operator ().ingest.cpp.163)
2025-04-02T10:39:39.269809Z: t=4648: info: ingestinstance: submit batch=1 kind=anon validate=0 json={"ccd.account_type":"","ccd.authGuid":"","ccd.countryCode":"","ccd.process_name":"CCD","ccd.rel_cpu_usage":"530","ccd.rel_memory_usage":"33792","ccd.rel_time_elapsed":"1","ccd.total_cpu_usage":"735","ccd.total_memory_usage":"60416","ccd.total_time_elapsed":"1743590374","ccd.workflow":"start-workflow","event.device_guid":"06F8A372-8D36-4FBA-9C1E-294ECBBEF4B0","event.event_code":"health-check","event.language":"en_US","event.session_guid":"5CF6EF9E-AAD8-47B6-B10F-003149260BBA","event.subcategory":"ContainerUI","event.subtype":"log","event.type":"debug","event.user_agent":"CreativeCloud/6.5.0.348/Win-10.0","event.workflow":"Debug","source.client_id":"CreativeCloud_v6_5","source.device":"Intel(R) Core(TM) i7-8650U CPU @ 1.90GHz","source.os_version":"10.0.26100:64","source.platform":"Win-x86:64","source.version":"6.5.0.348","user.service_level":""}
 (dunamis::IngestInstanceImpl::submitEventInPipeline.ingestinstanceimpl.cpp.334)
2025-04-02T10:39:39.272278Z: t=4648: info: event.store: pushed=1 balance=1 name=main.anon_events.0.v1.34003c9f-54e9-43ea-b2d6-ed396a98b4b7 (dunamis::EventStore::push.eventstore.cpp.127)
2025-04-02T10:39:39.272310Z: t=4648: info: api: End submitEvent for instance=00000253F89C66D0 json={"ccd.account_type":"","ccd.authGuid":"","ccd.countryCode":"","ccd.process_name":"CCD","ccd.rel_cpu_usage":"530","ccd.rel_memory_usage":"33792","ccd.rel_time_elapsed":"1","ccd.total_cpu_usage":"735","ccd.total_memory_usage":"60416","ccd.total_time_elapsed":"1743590374","ccd.workflow":"start-workflow","event.device_guid":"06F8A372-8D36-4FBA-9C1E-294ECBBEF4B0","event.event_code":"health-check","event.language":"en_US","event.session_guid":"5CF6EF9E-AAD8-47B6-B10F-003149260BBA","event.subcategory":"ContainerUI","event.subtype":"log","event.type":"debug","event.user_agent":"CreativeCloud/6.5.0.348/Win-10.0","event.workflow":"Debug","source.client_id":"CreativeCloud_v6_5","source.device":"Intel(R) Core(TM) i7-8650U CPU @ 1.90GHz","source.os_version":"10.0.26100:64","source.platform":"Win-x86:64","source.version":"6.5.0.348","user.service_level":""}
 batch=1 auth=0 validate=0 (dunamis_ingest_submitEvent::<lambda_eb25fa684c23db87f8ae717642a0e9c0>::operator ().ingest.cpp.163)
2025-04-02T10:39:40.895667Z: t=4a78: info: api: Begin submitEvent for instance=00000253F89C66D0 json={"ccd.account_type":"","ccd.authGuid":"","ccd.countryCode":"","ccd.event_code":"animation-view-duration","event.device_guid":"06F8A372-8D36-4FBA-9C1E-294ECBBEF4B0","event.language":"en_US","event.session_guid":"5CF6EF9E-AAD8-47B6-B10F-003149260BBA","event.subcategory":"CCD Container","event.subtype":"log","event.type":"success","event.user_agent":"CreativeCloud/6.5.0.348/Win-10.0","event.value":"7692","event.workflow":"Debug","source.client_id":"CreativeCloud_v6_5","source.device":"Intel(R) Core(TM) i7-8650U CPU @ 1.90GHz","source.os_version":"10.0.26100:64","source.platform":"Win-x86:64","source.version":"6.5.0.348","user.service_level":""}
 batch=1 auth=0 validate=0 (dunamis_ingest_submitEvent::<lambda_eb25fa684c23db87f8ae717642a0e9c0>::operator ().ingest.cpp.163)
2025-04-02T10:39:40.895757Z: t=4a78: info: ingestinstance: submit batch=1 kind=anon validate=0 json={"ccd.account_type":"","ccd.authGuid":"","ccd.countryCode":"","ccd.event_code":"animation-view-duration","event.device_guid":"06F8A372-8D36-4FBA-9C1E-294ECBBEF4B0","event.language":"en_US","event.session_guid":"5CF6EF9E-AAD8-47B6-B10F-003149260BBA","event.subcategory":"CCD Container","event.subtype":"log","event.type":"success","event.user_agent":"CreativeCloud/6.5.0.348/Win-10.0","event.value":"7692","event.workflow":"Debug","source.client_id":"CreativeCloud_v6_5","source.device":"Intel(R) Core(TM) i7-8650U CPU @ 1.90GHz","source.os_version":"10.0.26100:64","source.platform":"Win-x86:64","source.version":"6.5.0.348","user.service_level":""}
 (dunamis::IngestInstanceImpl::submitEventInPipeline.ingestinstanceimpl.cpp.334)
2025-04-02T10:39:40.901435Z: t=4a78: info: event.store: pushed=1 balance=2 name=main.anon_events.0.v1.34003c9f-54e9-43ea-b2d6-ed396a98b4b7 (dunamis::EventStore::push.eventstore.cpp.127)
2025-04-02T10:39:40.901492Z: t=4a78: info: api: End submitEvent for instance=00000253F89C66D0 json={"ccd.account_type":"","ccd.authGuid":"","ccd.countryCode":"","ccd.event_code":"animation-view-duration","event.device_guid":"06F8A372-8D36-4FBA-9C1E-294ECBBEF4B0","event.language":"en_US","event.session_guid":"5CF6EF9E-AAD8-47B6-B10F-003149260BBA","event.subcategory":"CCD Container","event.subtype":"log","event.type":"success","event.user_agent":"CreativeCloud/6.5.0.348/Win-10.0","event.value":"7692","event.workflow":"Debug","source.client_id":"CreativeCloud_v6_5","source.device":"Intel(R) Core(TM) i7-8650U CPU @ 1.90GHz","source.os_version":"10.0.26100:64","source.platform":"Win-x86:64","source.version":"6.5.0.348","user.service_level":""}
 batch=1 auth=0 validate=0 (dunamis_ingest_submitEvent::<lambda_eb25fa684c23db87f8ae717642a0e9c0>::operator ().ingest.cpp.163)
2025-04-02T10:40:03.468613Z: t=4504: info: pipeline: Http request: name=main.anon_events.0.v1.bb81900e-4af5-4888-bae6-fe4715c8c58b (dunamis::Pipeline::doPostBatch.pipeline.cpp.559)
2025-04-02T10:40:03.468794Z: t=4504: info: http: Request: POST https://cc-api-data.adobe.io/ingest (dunamis::transfer::ExecutorImpl::createContext.executorimpl.cpp.180)
2025-04-02T10:40:03.468811Z: t=44f4: info: pipeline: Http request: name=main.meta_events.0.v1.bb81900e-4af5-4888-bae6-fe4715c8c58b (dunamis::Pipeline::doPostBatch.pipeline.cpp.559)
2025-04-02T10:40:03.469005Z: t=44f4: info: http: Request: POST https://cc-api-data.adobe.io/ingest (dunamis::transfer::ExecutorImpl::createContext.executorimpl.cpp.180)
2025-04-02T10:40:03.498159Z: t=44fc: info: pipeline: Http request: name=main.meta_events.0.v1.34003c9f-54e9-43ea-b2d6-ed396a98b4b7 (dunamis::Pipeline::doPostBatch.pipeline.cpp.559)
2025-04-02T10:40:03.498241Z: t=44fc: info: http: Request: POST https://cc-api-data.adobe.io/ingest (dunamis::transfer::ExecutorImpl::createContext.executorimpl.cpp.180)
2025-04-02T10:40:03.498461Z: t=2124: info: pipeline: Http request: name=main.anon_events.0.v1.34003c9f-54e9-43ea-b2d6-ed396a98b4b7 (dunamis::Pipeline::doPostBatch.pipeline.cpp.559)
2025-04-02T10:40:03.498504Z: t=2124: info: http: Request: POST https://cc-api-data.adobe.io/ingest (dunamis::transfer::ExecutorImpl::createContext.executorimpl.cpp.180)
2025-04-02T10:40:03.545691Z: t=20e4: info: pipeline: Http request: name=orphan.anon_events.1.v1.34003c9f-54e9-43ea-b2d6-ed396a98b4b7 (dunamis::Pipeline::doPostBatch.pipeline.cpp.559)
2025-04-02T10:40:03.545728Z: t=20e4: info: http: Request: POST https://cc-api-data.adobe.io/ingest (dunamis::transfer::ExecutorImpl::createContext.executorimpl.cpp.180)
2025-04-02T10:40:03.545822Z: t=2634: info: pipeline: Http request: name=main.meta_events.0.v1.821020c6-fb75-4576-8a01-b83cb7143f93 (dunamis::Pipeline::doPostBatch.pipeline.cpp.559)
2025-04-02T10:40:03.545843Z: t=2634: info: http: Request: POST https://cc-api-data.adobe.io/ingest (dunamis::transfer::ExecutorImpl::createContext.executorimpl.cpp.180)
2025-04-02T10:40:03.694147Z: t=44f4: info: transfer: Request completed sucessfully. url=https://cc-api-data.adobe.io/ingest, status=0 None, reason=, verb=POST, latency=224532 microseconds (dunamis::transfer::TransferImpl::doLogMessage.transferimpl.cpp.342)
2025-04-02T10:40:03.694213Z: t=44f4: info: transfer: Perform request=1 scheduled=1 (dunamis::transfer::TransferImpl::perform.transferimpl.cpp.126)
2025-04-02T10:40:03.694280Z: t=44f4: info: pipeline: Http response: name=main.meta_events.0.v1.bb81900e-4af5-4888-bae6-fe4715c8c58b x-request-id= bvt6LvYirJzpin24n9DuRdD2NTfsABLe status=0 None (dunamis::`anonymous-namespace'::logHTTPResponse.pipeline.cpp.88)
2025-04-02T10:40:03.694324Z: t=44f4: info: event.store: popped=1 balance=0 name=main.meta_events.0.v1.bb81900e-4af5-4888-bae6-fe4715c8c58b (dunamis::EventStore::pop.eventstore.cpp.141)
2025-04-02T10:40:03.697040Z: t=2124: info: transfer: Request completed sucessfully. url=https://cc-api-data.adobe.io/ingest, status=0 None, reason=, verb=POST, latency=198506 microseconds (dunamis::transfer::TransferImpl::doLogMessage.transferimpl.cpp.342)
2025-04-02T10:40:03.697040Z: t=44fc: info: transfer: Request completed sucessfully. url=https://cc-api-data.adobe.io/ingest, status=0 None, reason=, verb=POST, latency=198739 microseconds (dunamis::transfer::TransferImpl::doLogMessage.transferimpl.cpp.342)
2025-04-02T10:40:03.697084Z: t=2124: info: transfer: Perform request=1 scheduled=1 (dunamis::transfer::TransferImpl::perform.transferimpl.cpp.126)
2025-04-02T10:40:03.697109Z: t=2124: info: pipeline: Http response: name=main.anon_events.0.v1.34003c9f-54e9-43ea-b2d6-ed396a98b4b7 x-request-id= hjoSs5iZAWXUOrSRduUfXEccP4L83S2b status=0 None (dunamis::`anonymous-namespace'::logHTTPResponse.pipeline.cpp.88)
2025-04-02T10:40:03.697154Z: t=2124: info: event.store: popped=2 balance=0 name=main.anon_events.0.v1.34003c9f-54e9-43ea-b2d6-ed396a98b4b7 (dunamis::EventStore::pop.eventstore.cpp.141)
2025-04-02T10:40:03.697113Z: t=44fc: info: transfer: Perform request=1 scheduled=1 (dunamis::transfer::TransferImpl::perform.transferimpl.cpp.126)
2025-04-02T10:40:03.697207Z: t=44fc: info: pipeline: Http response: name=main.meta_events.0.v1.34003c9f-54e9-43ea-b2d6-ed396a98b4b7 x-request-id= bXMe5aibSAbmICVyXiOqKLXA2Uw9UpJ8 status=0 None (dunamis::`anonymous-namespace'::logHTTPResponse.pipeline.cpp.88)
2025-04-02T10:40:03.697296Z: t=44fc: info: event.store: popped=1 balance=0 name=main.meta_events.0.v1.34003c9f-54e9-43ea-b2d6-ed396a98b4b7 (dunamis::EventStore::pop.eventstore.cpp.141)
2025-04-02T10:40:03.698218Z: t=4504: info: transfer: Request completed sucessfully. url=https://cc-api-data.adobe.io/ingest, status=0 None, reason=, verb=POST, latency=228631 microseconds (dunamis::transfer::TransferImpl::doLogMessage.transferimpl.cpp.342)
2025-04-02T10:40:03.698250Z: t=4504: info: transfer: Perform request=1 scheduled=1 (dunamis::transfer::TransferImpl::perform.transferimpl.cpp.126)
2025-04-02T10:40:03.698273Z: t=4504: info: pipeline: Http response: name=main.anon_events.0.v1.bb81900e-4af5-4888-bae6-fe4715c8c58b x-request-id= adyceYVy3ToffO1V6tpGrriLmYtNKzQ3 status=0 None (dunamis::`anonymous-namespace'::logHTTPResponse.pipeline.cpp.88)
2025-04-02T10:40:03.698309Z: t=4504: info: event.store: popped=1 balance=0 name=main.anon_events.0.v1.bb81900e-4af5-4888-bae6-fe4715c8c58b (dunamis::EventStore::pop.eventstore.cpp.141)
2025-04-02T10:40:03.735213Z: t=2634: info: transfer: Request completed sucessfully. url=https://cc-api-data.adobe.io/ingest, status=0 None, reason=, verb=POST, latency=189330 microseconds (dunamis::transfer::TransferImpl::doLogMessage.transferimpl.cpp.342)
2025-04-02T10:40:03.735264Z: t=2634: info: transfer: Perform request=1 scheduled=1 (dunamis::transfer::TransferImpl::perform.transferimpl.cpp.126)
2025-04-02T10:40:03.735290Z: t=2634: info: pipeline: Http response: name=main.meta_events.0.v1.821020c6-fb75-4576-8a01-b83cb7143f93 x-request-id= iYSZxN2Yqr4Qh5hGs2DduUxYPHmigBBd status=0 None (dunamis::`anonymous-namespace'::logHTTPResponse.pipeline.cpp.88)
2025-04-02T10:40:03.735337Z: t=2634: info: event.store: popped=1 balance=0 name=main.meta_events.0.v1.821020c6-fb75-4576-8a01-b83cb7143f93 (dunamis::EventStore::pop.eventstore.cpp.141)
2025-04-02T10:40:03.737305Z: t=20e4: info: transfer: Request completed sucessfully. url=https://cc-api-data.adobe.io/ingest, status=0 None, reason=, verb=POST, latency=191530 microseconds (dunamis::transfer::TransferImpl::doLogMessage.transferimpl.cpp.342)
2025-04-02T10:40:03.737377Z: t=20e4: info: transfer: Perform request=1 scheduled=1 (dunamis::transfer::TransferImpl::perform.transferimpl.cpp.126)
2025-04-02T10:40:03.737403Z: t=20e4: info: pipeline: Http response: name=orphan.anon_events.1.v1.34003c9f-54e9-43ea-b2d6-ed396a98b4b7 x-request-id= iCxUh4Ukf21GqY32uQSEHNeXgQiJ3cNJ status=0 None (dunamis::`anonymous-namespace'::logHTTPResponse.pipeline.cpp.88)
2025-04-02T10:40:03.737485Z: t=20e4: info: event.store: popped=1 balance=0 name=orphan.anon_events.1.v1.34003c9f-54e9-43ea-b2d6-ed396a98b4b7 (dunamis::EventStore::pop.eventstore.cpp.141)
2025-04-02T10:40:03.737501Z: t=20e4: info: orphaninstance: anon is empty (dunamis::OrphanInstance::startNewInstance::<lambda_7704b4ce1f5a1cce9e384848461588ed>::operator ().orphaninstance.cpp.179)
2025-04-02T10:40:03.737518Z: t=20e4: info: pipeline: Change state: name=orphan.anon_events.1.v1.34003c9f-54e9-43ea-b2d6-ed396a98b4b7 state=SaveOnly (dunamis::Pipeline::changeState.pipeline.cpp.188)
2025-04-02T10:40:03.737531Z: t=20e4: info: utils: Begin wait for active tasks (this=00000253F89D3258) to be complete (dunamis::waitFor.asynchelper.hpp.51)
2025-04-02T10:40:03.737538Z: t=20e4: info: utils: End wait for active tasks (this=00000253F89D3258) to be complete (dunamis::waitFor.asynchelper.hpp.51)
2025-04-02T10:40:03.737547Z: t=20e4: info: utils: Begin wait for active tasks (this=00000253F89D2FB0) to be complete (dunamis::waitFor.asynchelper.hpp.51)
2025-04-02T10:40:03.737554Z: t=20e4: info: utils: End wait for active tasks (this=00000253F89D2FB0) to be complete (dunamis::waitFor.asynchelper.hpp.51)
2025-04-02T10:40:03.737562Z: t=20e4: info: pipeline: Close pipeline: num_events=0 name=orphan.anon_events.1.v1.34003c9f-54e9-43ea-b2d6-ed396a98b4b7 (dunamis::Pipeline::~Pipeline.pipeline.cpp.158)
2025-04-02T10:40:03.737624Z: t=20e4: info: event.store: Delete eventstore: num_events=0 name=orphan.anon_events.1.v1.34003c9f-54e9-43ea-b2d6-ed396a98b4b7 (dunamis::EventStore::removeEventStore.eventstore.cpp.162)
2025-04-02T10:40:03.738635Z: t=20e4: info: orphaninstance: Delete: path=C:\Users\T99\AppData\Roaming\com.adobe.dunamis\34003c9f-54e9-43ea-b2d6-ed396a98b4b7\v1\1 (dunamis::OrphanInstance::checkIfPipelinesAreEmpty.orphaninstance.cpp.229)
2025-04-02T10:40:03.739013Z: t=20e4: info: fs: unlocked path=C:\Users\T99\AppData\Roaming\com.adobe.dunamis\34003c9f-54e9-43ea-b2d6-ed396a98b4b7\v1\1 (dunamis::Filesystem::unlock.filesystem_win.cpp.169)
2025-04-02T10:40:03.739042Z: t=20e4: info: orphaninstance: Starting new orphan instance (dunamis::OrphanInstance::startNewInstance.orphaninstance.cpp.98)
2025-04-02T10:40:03.739510Z: t=20e4: warn: fs: cannot lock: errno=32 path=C:\Users\T99\AppData\Roaming\com.adobe.dunamis\34003c9f-54e9-43ea-b2d6-ed396a98b4b7\v1\0 (dunamis::Filesystem::trylock.filesystem_win.cpp.150)
2025-04-02T10:40:03.739711Z: t=20e4: warn: fs: cannot lock: errno=32 path=C:\Users\T99\AppData\Roaming\com.adobe.dunamis\34003c9f-54e9-43ea-b2d6-ed396a98b4b7\v1\2 (dunamis::Filesystem::trylock.filesystem_win.cpp.150)
2025-04-02T10:40:03.739965Z: t=20e4: warn: fs: cannot lock: errno=32 path=C:\Users\T99\AppData\Roaming\com.adobe.dunamis\34003c9f-54e9-43ea-b2d6-ed396a98b4b7\v1\3 (dunamis::Filesystem::trylock.filesystem_win.cpp.150)
