2025-04-02T10:39:37.094861Z: t=47e0: info: log: start logger (dunamis::setLogger.logger.cpp.43)
2025-04-02T10:39:37.095193Z: t=47e0: info: session: initialize session: sdk-version=1.41.0+20240103 session-guid=1f35fc0d-670c-417f-92a6-b50e0adc6afb (dunamis::Session::Session.session.cpp.472)
2025-04-02T10:39:37.095485Z: t=47e0: warn: types: unknown source category: UNKNOWN defaulting to UNKNOWN (dunamis::sourceCategoryFromString.core_types.cpp.153)
2025-04-02T10:39:37.096021Z: t=47e0: info: api: End setIngestConfig: configGuid=34003c9f-54e9-43ea-b2d6-ed396a98b4b7 project=ccd-win-debug-service apiKey=ccd-win-debug-service (dunamis_setIngestConfig::<lambda_a2ccc8d219964b7bd43dcc59b71c44d4>::operator ().dunamis.cpp.270)
2025-04-02T10:39:37.096165Z: t=47e0: info: api: Begin ingest start for config=34003c9f-54e9-43ea-b2d6-ed396a98b4b7 (dunamis_ingest_start::<lambda_0ecc30bd4ea65f8192e2d8b11b7b22cc>::operator ().ingest.cpp.62)
2025-04-02T10:39:37.097424Z: t=47e0: warn: fs: cannot lock: errno=32 path=C:\Users\T99\AppData\Roaming\com.adobe.dunamis\34003c9f-54e9-43ea-b2d6-ed396a98b4b7\v1\0 (dunamis::Filesystem::trylock.filesystem_win.cpp.150)
2025-04-02T10:39:37.097656Z: t=47e0: warn: fs: cannot lock: errno=32 path=C:\Users\T99\AppData\Roaming\com.adobe.dunamis\34003c9f-54e9-43ea-b2d6-ed396a98b4b7\v1\1 (dunamis::Filesystem::trylock.filesystem_win.cpp.150)
2025-04-02T10:39:37.097869Z: t=47e0: warn: fs: cannot lock: errno=32 path=C:\Users\T99\AppData\Roaming\com.adobe.dunamis\34003c9f-54e9-43ea-b2d6-ed396a98b4b7\v1\2 (dunamis::Filesystem::trylock.filesystem_win.cpp.150)
2025-04-02T10:39:37.098287Z: t=47e0: info: fs: locked path=C:\Users\T99\AppData\Roaming\com.adobe.dunamis\34003c9f-54e9-43ea-b2d6-ed396a98b4b7\v1\3 (dunamis::Filesystem::trylock.filesystem_win.cpp.154)
2025-04-02T10:39:37.102886Z: t=47e0: info: pipeline: Open pipeline: num_events=0 name=main.meta_events.3.v1.34003c9f-54e9-43ea-b2d6-ed396a98b4b7 (dunamis::Pipeline::Pipeline.pipeline.cpp.152)
2025-04-02T10:39:37.103332Z: t=47e0: info: pipeline: Open pipeline: num_events=0 name=main.auth_invalid_events.3.v1.34003c9f-54e9-43ea-b2d6-ed396a98b4b7 (dunamis::Pipeline::Pipeline.pipeline.cpp.152)
2025-04-02T10:39:37.103759Z: t=47e0: info: pipeline: Open pipeline: num_events=0 name=main.auth_events.3.v1.34003c9f-54e9-43ea-b2d6-ed396a98b4b7 (dunamis::Pipeline::Pipeline.pipeline.cpp.152)
2025-04-02T10:39:37.104232Z: t=47e0: info: pipeline: Open pipeline: num_events=0 name=main.anon_invalid_events.3.v1.34003c9f-54e9-43ea-b2d6-ed396a98b4b7 (dunamis::Pipeline::Pipeline.pipeline.cpp.152)
2025-04-02T10:39:37.104695Z: t=47e0: info: pipeline: Open pipeline: num_events=0 name=main.anon_events.3.v1.34003c9f-54e9-43ea-b2d6-ed396a98b4b7 (dunamis::Pipeline::Pipeline.pipeline.cpp.152)
2025-04-02T10:39:37.105061Z: t=47e0: info: mpfqs: open name=main.multi_part_events.3.v1.34003c9f-54e9-43ea-b2d6-ed396a98b4b7 (dunamis::MPFQStore::MPFQStore.mpfqstore.cpp.58)
2025-04-02T10:39:37.105303Z: t=47e0: info: orphaninstance: Initializing OrphanInstance (dunamis::OrphanInstance::OrphanInstance.orphaninstance.cpp.49)
2025-04-02T10:39:37.105337Z: t=47e0: info: sampler: Initializing Sampler (dunamis::profiler::Sampler::Sampler.sampler.cpp.37)
2025-04-02T10:39:37.105355Z: t=47e0: always: healthcheck: Initializing healthcheck (dunamis::HealthCheck::HealthCheck.healthcheck.cpp.44)
2025-04-02T10:39:37.105355Z: t=44cc: info: orphaninstance: Starting new orphan instance (dunamis::OrphanInstance::startNewInstance.orphaninstance.cpp.98)
2025-04-02T10:39:37.105375Z: t=47e0: always: ingestinstance: Initializing IngestInstanceImpl (dunamis::IngestInstanceImpl::IngestInstanceImpl.ingestinstanceimpl.cpp.129)
2025-04-02T10:39:37.105838Z: t=47e0: error: fs: FindFirstFile failed: errno=3 path=C:\Users\T99\AppData\Roaming\com.adobe.dunamis\34003c9f-54e9-43ea-b2d6-ed396a98b4b7\v1\3\multi_part_events (dunamis::Filesystem::listDirectory.filesystem_win.cpp.96)
2025-04-02T10:39:37.105883Z: t=47e0: info: sampler: Started Sampler (dunamis::profiler::Sampler::start.sampler.cpp.54)
2025-04-02T10:39:37.106159Z: t=4494: info: ingestinstance: Begin reportError: e=27 (dunamis::IngestInstanceImpl::reportError.ingestinstanceimpl.cpp.259)
2025-04-02T10:39:37.106178Z: t=47e0: info: ingestinstance: submit batch=1 kind=meta validate=-1 json={"event.workflow":"Lifecycle","event.subcategory":"Host","event.type":"success","event.subtype":"init","entity.config":{"guid":"34003c9f-54e9-43ea-b2d6-ed396a98b4b7"},"entity.debug":{"cache":{"3":{"namespace":"primary"}}}} (dunamis::IngestInstanceImpl::submitEventInPipeline.ingestinstanceimpl.cpp.334)
2025-04-02T10:39:37.106246Z: t=4494: info: ingestinstance: End reportError: e=27 (dunamis::IngestInstanceImpl::reportError.ingestinstanceimpl.cpp.259)
2025-04-02T10:39:37.106189Z: t=44cc: warn: fs: cannot lock: errno=32 path=C:\Users\T99\AppData\Roaming\com.adobe.dunamis\34003c9f-54e9-43ea-b2d6-ed396a98b4b7\v1\0 (dunamis::Filesystem::trylock.filesystem_win.cpp.150)
2025-04-02T10:39:37.106800Z: t=44cc: warn: fs: cannot lock: errno=32 path=C:\Users\T99\AppData\Roaming\com.adobe.dunamis\34003c9f-54e9-43ea-b2d6-ed396a98b4b7\v1\1 (dunamis::Filesystem::trylock.filesystem_win.cpp.150)
2025-04-02T10:39:37.107227Z: t=44cc: warn: fs: cannot lock: errno=32 path=C:\Users\T99\AppData\Roaming\com.adobe.dunamis\34003c9f-54e9-43ea-b2d6-ed396a98b4b7\v1\2 (dunamis::Filesystem::trylock.filesystem_win.cpp.150)
2025-04-02T10:39:37.107647Z: t=44cc: warn: fs: cannot lock: errno=32 path=C:\Users\T99\AppData\Roaming\com.adobe.dunamis\34003c9f-54e9-43ea-b2d6-ed396a98b4b7\v1\3 (dunamis::Filesystem::trylock.filesystem_win.cpp.150)
2025-04-02T10:39:37.114674Z: t=47e0: info: event.store: Created eventstore: num_files=0 name=main.meta_events.3.v1.34003c9f-54e9-43ea-b2d6-ed396a98b4b7 (dunamis::EventStore::openManifest.eventstore.cpp.188)
2025-04-02T10:39:37.116766Z: t=47e0: info: event.store: pushed=1 balance=1 name=main.meta_events.3.v1.34003c9f-54e9-43ea-b2d6-ed396a98b4b7 (dunamis::EventStore::push.eventstore.cpp.127)
2025-04-02T10:39:37.116796Z: t=47e0: info: api: End ingest start for config=34003c9f-54e9-43ea-b2d6-ed396a98b4b7 (dunamis_ingest_start::<lambda_0ecc30bd4ea65f8192e2d8b11b7b22cc>::operator ().ingest.cpp.62)
2025-04-02T10:39:37.116809Z: t=47e0: info: api: Begin online (dunamis_online::<lambda_dbfd0087fde4bb0eeef0f4d212e1976f>::operator ().dunamis.cpp.212)
2025-04-02T10:39:37.116820Z: t=47e0: info: netmon: Starting network monitor (dunamis::NetworkMonitor::start.networkmonitor.cpp.62)
2025-04-02T10:39:37.117392Z: t=47e0: info: netmon: network is online (dunamis::NetworkMonitor::updateNetworkState.networkmonitor.cpp.43)
2025-04-02T10:39:37.117414Z: t=47e0: info: session: network is online (dunamis::Session::onNetworkStateChange.session.cpp.507)
2025-04-02T10:39:37.117435Z: t=47e0: info: netpoll: Starting network poller (dunamis::NetworkPoller::start.networkpoller.cpp.42)
2025-04-02T10:39:37.117463Z: t=4494: info: pipeline: Change state: name=main.anon_events.3.v1.34003c9f-54e9-43ea-b2d6-ed396a98b4b7 state=On (dunamis::Pipeline::changeState.pipeline.cpp.188)
2025-04-02T10:39:37.117504Z: t=4494: info: pipeline: Change state: name=main.meta_events.3.v1.34003c9f-54e9-43ea-b2d6-ed396a98b4b7 state=On (dunamis::Pipeline::changeState.pipeline.cpp.188)
2025-04-02T10:39:37.117533Z: t=4494: info: ingestinstance: Begin reportError: e=27 (dunamis::IngestInstanceImpl::reportError.ingestinstanceimpl.cpp.259)
2025-04-02T10:39:37.117544Z: t=44cc: info: orphaninstance: Starting new orphan instance (dunamis::OrphanInstance::startNewInstance.orphaninstance.cpp.98)
2025-04-02T10:39:37.117553Z: t=4494: info: ingestinstance: End reportError: e=27 (dunamis::IngestInstanceImpl::reportError.ingestinstanceimpl.cpp.259)
2025-04-02T10:39:37.118039Z: t=47e0: info: api: End online (dunamis_online::<lambda_dbfd0087fde4bb0eeef0f4d212e1976f>::operator ().dunamis.cpp.212)
2025-04-02T10:39:37.118043Z: t=4494: info: ingestinstance: Begin reportError: e=27 (dunamis::IngestInstanceImpl::reportError.ingestinstanceimpl.cpp.259)
2025-04-02T10:39:37.118093Z: t=4494: info: ingestinstance: End reportError: e=27 (dunamis::IngestInstanceImpl::reportError.ingestinstanceimpl.cpp.259)
2025-04-02T10:39:37.118510Z: t=44cc: warn: fs: cannot lock: errno=32 path=C:\Users\T99\AppData\Roaming\com.adobe.dunamis\34003c9f-54e9-43ea-b2d6-ed396a98b4b7\v1\0 (dunamis::Filesystem::trylock.filesystem_win.cpp.150)
2025-04-02T10:39:37.118865Z: t=47e0: info: api: Begin add common attribute for instance=000001D1B4D3D8D0 key=event.category val=DESKTOP (dunamis_ingest_addCommonAttribute::<lambda_eaf23f88fe5ea0c7f0fdf9e35c8bafcb>::operator ().ingest.cpp.109)
2025-04-02T10:39:37.118880Z: t=47e0: info: ingestinstance: In addCommonAttribute key=event.category value=DESKTOP (dunamis::IngestInstanceImpl::addCommonAttribute.ingestinstanceimpl.cpp.198)
2025-04-02T10:39:37.118891Z: t=44cc: warn: fs: cannot lock: errno=32 path=C:\Users\T99\AppData\Roaming\com.adobe.dunamis\34003c9f-54e9-43ea-b2d6-ed396a98b4b7\v1\1 (dunamis::Filesystem::trylock.filesystem_win.cpp.150)
2025-04-02T10:39:37.119035Z: t=47e0: info: api: End add common attribute for instance=000001D1B4D3D8D0 key=event.category val=DESKTOP (dunamis_ingest_addCommonAttribute::<lambda_eaf23f88fe5ea0c7f0fdf9e35c8bafcb>::operator ().ingest.cpp.109)
2025-04-02T10:39:37.119063Z: t=47e0: info: api: Begin add common attribute for instance=000001D1B4D3D8D0 key=event.device_guid val={06F8A372-8D36-4FBA-9C1E-294ECBBEF4B0} (dunamis_ingest_addCommonAttribute::<lambda_eaf23f88fe5ea0c7f0fdf9e35c8bafcb>::operator ().ingest.cpp.109)
2025-04-02T10:39:37.119139Z: t=47e0: info: ingestinstance: In addCommonAttribute key=event.device_guid value={06F8A372-8D36-4FBA-9C1E-294ECBBEF4B0} (dunamis::IngestInstanceImpl::addCommonAttribute.ingestinstanceimpl.cpp.198)
2025-04-02T10:39:37.119212Z: t=44cc: warn: fs: cannot lock: errno=32 path=C:\Users\T99\AppData\Roaming\com.adobe.dunamis\34003c9f-54e9-43ea-b2d6-ed396a98b4b7\v1\2 (dunamis::Filesystem::trylock.filesystem_win.cpp.150)
2025-04-02T10:39:37.119218Z: t=47e0: info: api: End add common attribute for instance=000001D1B4D3D8D0 key=event.device_guid val={06F8A372-8D36-4FBA-9C1E-294ECBBEF4B0} (dunamis_ingest_addCommonAttribute::<lambda_eaf23f88fe5ea0c7f0fdf9e35c8bafcb>::operator ().ingest.cpp.109)
2025-04-02T10:39:37.119318Z: t=47e0: info: api: Begin add common attribute for instance=000001D1B4D3D8D0 key=event.language val=en_US (dunamis_ingest_addCommonAttribute::<lambda_eaf23f88fe5ea0c7f0fdf9e35c8bafcb>::operator ().ingest.cpp.109)
2025-04-02T10:39:37.119342Z: t=47e0: info: ingestinstance: In addCommonAttribute key=event.language value=en_US (dunamis::IngestInstanceImpl::addCommonAttribute.ingestinstanceimpl.cpp.198)
2025-04-02T10:39:37.119416Z: t=47e0: info: api: End add common attribute for instance=000001D1B4D3D8D0 key=event.language val=en_US (dunamis_ingest_addCommonAttribute::<lambda_eaf23f88fe5ea0c7f0fdf9e35c8bafcb>::operator ().ingest.cpp.109)
2025-04-02T10:39:37.119431Z: t=47e0: info: api: Begin add common attribute for instance=000001D1B4D3D8D0 key=event.subcategory val=Process Container (dunamis_ingest_addCommonAttribute::<lambda_eaf23f88fe5ea0c7f0fdf9e35c8bafcb>::operator ().ingest.cpp.109)
2025-04-02T10:39:37.119441Z: t=47e0: info: ingestinstance: In addCommonAttribute key=event.subcategory value=Process Container (dunamis::IngestInstanceImpl::addCommonAttribute.ingestinstanceimpl.cpp.198)
2025-04-02T10:39:37.119523Z: t=47e0: info: api: End add common attribute for instance=000001D1B4D3D8D0 key=event.subcategory val=Process Container (dunamis_ingest_addCommonAttribute::<lambda_eaf23f88fe5ea0c7f0fdf9e35c8bafcb>::operator ().ingest.cpp.109)
2025-04-02T10:39:37.119534Z: t=44cc: warn: fs: cannot lock: errno=32 path=C:\Users\T99\AppData\Roaming\com.adobe.dunamis\34003c9f-54e9-43ea-b2d6-ed396a98b4b7\v1\3 (dunamis::Filesystem::trylock.filesystem_win.cpp.150)
2025-04-02T10:39:37.119543Z: t=47e0: info: api: Begin add common attribute for instance=000001D1B4D3D8D0 key=event.user_agent val=CreativeCloud/6.5.0.348/Win-10.0 (dunamis_ingest_addCommonAttribute::<lambda_eaf23f88fe5ea0c7f0fdf9e35c8bafcb>::operator ().ingest.cpp.109)
2025-04-02T10:39:37.119572Z: t=47e0: info: ingestinstance: In addCommonAttribute key=event.user_agent value=CreativeCloud/6.5.0.348/Win-10.0 (dunamis::IngestInstanceImpl::addCommonAttribute.ingestinstanceimpl.cpp.198)
2025-04-02T10:39:37.119644Z: t=47e0: info: api: End add common attribute for instance=000001D1B4D3D8D0 key=event.user_agent val=CreativeCloud/6.5.0.348/Win-10.0 (dunamis_ingest_addCommonAttribute::<lambda_eaf23f88fe5ea0c7f0fdf9e35c8bafcb>::operator ().ingest.cpp.109)
2025-04-02T10:39:37.119674Z: t=47e0: info: api: Begin add common attribute for instance=000001D1B4D3D8D0 key=source.client_id val=CreativeCloud_v6_5 (dunamis_ingest_addCommonAttribute::<lambda_eaf23f88fe5ea0c7f0fdf9e35c8bafcb>::operator ().ingest.cpp.109)
2025-04-02T10:39:37.119693Z: t=47e0: info: ingestinstance: In addCommonAttribute key=source.client_id value=CreativeCloud_v6_5 (dunamis::IngestInstanceImpl::addCommonAttribute.ingestinstanceimpl.cpp.198)
2025-04-02T10:39:37.119793Z: t=47e0: info: api: End add common attribute for instance=000001D1B4D3D8D0 key=source.client_id val=CreativeCloud_v6_5 (dunamis_ingest_addCommonAttribute::<lambda_eaf23f88fe5ea0c7f0fdf9e35c8bafcb>::operator ().ingest.cpp.109)
2025-04-02T10:39:37.119818Z: t=47e0: info: api: Begin add common attribute for instance=000001D1B4D3D8D0 key=source.name val=Creative Cloud Helper (dunamis_ingest_addCommonAttribute::<lambda_eaf23f88fe5ea0c7f0fdf9e35c8bafcb>::operator ().ingest.cpp.109)
2025-04-02T10:39:37.119834Z: t=47e0: info: ingestinstance: In addCommonAttribute key=source.name value=Creative Cloud Helper (dunamis::IngestInstanceImpl::addCommonAttribute.ingestinstanceimpl.cpp.198)
2025-04-02T10:39:37.119941Z: t=47e0: info: api: End add common attribute for instance=000001D1B4D3D8D0 key=source.name val=Creative Cloud Helper (dunamis_ingest_addCommonAttribute::<lambda_eaf23f88fe5ea0c7f0fdf9e35c8bafcb>::operator ().ingest.cpp.109)
2025-04-02T10:39:37.119963Z: t=47e0: info: api: Begin add common attribute for instance=000001D1B4D3D8D0 key=source.os_version val=10.0.26100:64 (dunamis_ingest_addCommonAttribute::<lambda_eaf23f88fe5ea0c7f0fdf9e35c8bafcb>::operator ().ingest.cpp.109)
2025-04-02T10:39:37.119974Z: t=47e0: info: ingestinstance: In addCommonAttribute key=source.os_version value=10.0.26100:64 (dunamis::IngestInstanceImpl::addCommonAttribute.ingestinstanceimpl.cpp.198)
2025-04-02T10:39:37.120041Z: t=47e0: info: api: End add common attribute for instance=000001D1B4D3D8D0 key=source.os_version val=10.0.26100:64 (dunamis_ingest_addCommonAttribute::<lambda_eaf23f88fe5ea0c7f0fdf9e35c8bafcb>::operator ().ingest.cpp.109)
2025-04-02T10:39:37.120056Z: t=47e0: info: api: Begin add common attribute for instance=000001D1B4D3D8D0 key=source.platform val=Win-x86:64 (dunamis_ingest_addCommonAttribute::<lambda_eaf23f88fe5ea0c7f0fdf9e35c8bafcb>::operator ().ingest.cpp.109)
2025-04-02T10:39:37.120065Z: t=47e0: info: ingestinstance: In addCommonAttribute key=source.platform value=Win-x86:64 (dunamis::IngestInstanceImpl::addCommonAttribute.ingestinstanceimpl.cpp.198)
2025-04-02T10:39:37.120132Z: t=47e0: info: api: End add common attribute for instance=000001D1B4D3D8D0 key=source.platform val=Win-x86:64 (dunamis_ingest_addCommonAttribute::<lambda_eaf23f88fe5ea0c7f0fdf9e35c8bafcb>::operator ().ingest.cpp.109)
2025-04-02T10:39:37.120145Z: t=47e0: info: api: Begin add common attribute for instance=000001D1B4D3D8D0 key=source.version val=6.5.0.348 (dunamis_ingest_addCommonAttribute::<lambda_eaf23f88fe5ea0c7f0fdf9e35c8bafcb>::operator ().ingest.cpp.109)
2025-04-02T10:39:37.120154Z: t=47e0: info: ingestinstance: In addCommonAttribute key=source.version value=6.5.0.348 (dunamis::IngestInstanceImpl::addCommonAttribute.ingestinstanceimpl.cpp.198)
2025-04-02T10:39:37.120222Z: t=47e0: info: api: End add common attribute for instance=000001D1B4D3D8D0 key=source.version val=6.5.0.348 (dunamis_ingest_addCommonAttribute::<lambda_eaf23f88fe5ea0c7f0fdf9e35c8bafcb>::operator ().ingest.cpp.109)
2025-04-02T10:39:37.223414Z: t=47e0: info: api: Begin submitEvent for instance=000001D1B4D3D8D0 json={"ccd.remoteAppletID":"LiveType_BL","env.com.name":"CCH_LiveType","event.subtype":"launch","event.type":"success","event.workflow":"Debug"}
 batch=1 auth=0 validate=0 (dunamis_ingest_submitEvent::<lambda_eb25fa684c23db87f8ae717642a0e9c0>::operator ().ingest.cpp.163)
2025-04-02T10:39:37.223510Z: t=47e0: info: ingestinstance: submit batch=1 kind=anon validate=0 json={"ccd.remoteAppletID":"LiveType_BL","env.com.name":"CCH_LiveType","event.subtype":"launch","event.type":"success","event.workflow":"Debug"}
 (dunamis::IngestInstanceImpl::submitEventInPipeline.ingestinstanceimpl.cpp.334)
2025-04-02T10:39:37.229090Z: t=47e0: info: event.store: Created eventstore: num_files=0 name=main.anon_events.3.v1.34003c9f-54e9-43ea-b2d6-ed396a98b4b7 (dunamis::EventStore::openManifest.eventstore.cpp.188)
2025-04-02T10:39:37.244527Z: t=47e0: info: event.store: pushed=1 balance=1 name=main.anon_events.3.v1.34003c9f-54e9-43ea-b2d6-ed396a98b4b7 (dunamis::EventStore::push.eventstore.cpp.127)
2025-04-02T10:39:37.244553Z: t=47e0: info: api: End submitEvent for instance=000001D1B4D3D8D0 json={"ccd.remoteAppletID":"LiveType_BL","env.com.name":"CCH_LiveType","event.subtype":"launch","event.type":"success","event.workflow":"Debug"}
 batch=1 auth=0 validate=0 (dunamis_ingest_submitEvent::<lambda_eb25fa684c23db87f8ae717642a0e9c0>::operator ().ingest.cpp.163)
2025-04-02T10:40:07.148356Z: t=44cc: info: pipeline: Http request: name=main.anon_events.3.v1.34003c9f-54e9-43ea-b2d6-ed396a98b4b7 (dunamis::Pipeline::doPostBatch.pipeline.cpp.559)
2025-04-02T10:40:07.148594Z: t=44cc: info: http: Request: POST https://cc-api-data.adobe.io/ingest (dunamis::transfer::ExecutorImpl::createContext.executorimpl.cpp.180)
2025-04-02T10:40:07.148676Z: t=4494: info: pipeline: Http request: name=main.meta_events.3.v1.34003c9f-54e9-43ea-b2d6-ed396a98b4b7 (dunamis::Pipeline::doPostBatch.pipeline.cpp.559)
2025-04-02T10:40:07.148805Z: t=4494: info: http: Request: POST https://cc-api-data.adobe.io/ingest (dunamis::transfer::ExecutorImpl::createContext.executorimpl.cpp.180)
2025-04-02T10:40:07.367997Z: t=44cc: info: transfer: Request completed sucessfully. url=https://cc-api-data.adobe.io/ingest, status=0 None, reason=, verb=POST, latency=219212 microseconds (dunamis::transfer::TransferImpl::doLogMessage.transferimpl.cpp.342)
2025-04-02T10:40:07.368056Z: t=44cc: info: transfer: Perform request=1 scheduled=1 (dunamis::transfer::TransferImpl::perform.transferimpl.cpp.126)
2025-04-02T10:40:07.368095Z: t=44cc: info: pipeline: Http response: name=main.anon_events.3.v1.34003c9f-54e9-43ea-b2d6-ed396a98b4b7 x-request-id= OFaWYCwFwbuunZHgRvETuDeBY7GM0elq status=0 None (dunamis::`anonymous-namespace'::logHTTPResponse.pipeline.cpp.88)
2025-04-02T10:40:07.368157Z: t=44cc: info: event.store: popped=1 balance=0 name=main.anon_events.3.v1.34003c9f-54e9-43ea-b2d6-ed396a98b4b7 (dunamis::EventStore::pop.eventstore.cpp.141)
2025-04-02T10:40:07.373074Z: t=4494: info: transfer: Request completed sucessfully. url=https://cc-api-data.adobe.io/ingest, status=0 None, reason=, verb=POST, latency=224162 microseconds (dunamis::transfer::TransferImpl::doLogMessage.transferimpl.cpp.342)
2025-04-02T10:40:07.373147Z: t=4494: info: transfer: Perform request=1 scheduled=1 (dunamis::transfer::TransferImpl::perform.transferimpl.cpp.126)
2025-04-02T10:40:07.373200Z: t=4494: info: pipeline: Http response: name=main.meta_events.3.v1.34003c9f-54e9-43ea-b2d6-ed396a98b4b7 x-request-id= 9g98dBE7QA03Cb0eqd9tGwzgwpdLehxi status=0 None (dunamis::`anonymous-namespace'::logHTTPResponse.pipeline.cpp.88)
2025-04-02T10:40:07.373293Z: t=4494: info: event.store: popped=1 balance=0 name=main.meta_events.3.v1.34003c9f-54e9-43ea-b2d6-ed396a98b4b7 (dunamis::EventStore::pop.eventstore.cpp.141)
