2025-04-02T10:39:38.059005Z: t=451c: Info: jura.DBMigrator: coresync.db is found in C:\Users\T99\AppData\Local\Adobe\AdobeSync\CoreSync\coresync.db (DbMigrator.cpp.jura::DbMigrator::changeDBPathForNewInstalls.31)
2025-04-02T10:39:38.060247Z: t=451c: Info: GetLocalFolderPersistence: Constructing FolderPersistence (cssettings.cpp.sibcrux::GetPreferLocalDBRootFlag::<lambda_3ef157dd9adbd436c91ab7bf5be47cad>::operator ().1584)
2025-04-02T10:39:38.069312Z: t=451c: Info: jura.db: Opened database at C:\Users\T99\AppData\Local\Adobe\AdobeSync\CoreSync\coresync.db (Database.cpp.jura::Database::Database.104)
2025-04-02T10:39:38.076400Z: t=451c: Info: FolderPersistenceSqliteImpl: coresync.db migration successful/not required already on latest schema (FolderPersistenceSqliteImpl.cpp.jura::transitional::GetLocalFolderPersistence.1008)
2025-04-02T10:39:38.077420Z: t=451c: Info: jura.db: Closed database at C:\Users\T99\AppData\Local\Adobe\AdobeSync\CoreSync\coresync.db (Database.cpp.jura::Database::close.165)
2025-04-02T10:39:38.077558Z: t=451c: Info: jura.DBMigrator: PreferLocalDBRoot flag value is 1 (DbMigrator.cpp.jura::DbMigrator::changeDBPathForNewInstalls.35)
2025-04-02T10:39:38.077964Z: t=451c: Info: ipc: Begin VulcanMessageAdapter initialization (VulcanMessageAdapter.cpp.cosy::VulcanMessageAdapter::VulcanMessageAdapter.165)
2025-04-02T10:39:38.078030Z: t=451c: Always: ipc: VulcanMessageAdapter configuring IVulcanMessageDispatcher (VulcanMessageAdapter.cpp.cosy::VulcanMessageAdapter::VulcanMessageAdapter.167)
2025-04-02T10:39:38.078889Z: t=451c: Always: ipc: VulcanMessageAdapter not ready, wait (VulcanMessageAdapter.cpp.cosy::VulcanMessageAdapter::VulcanMessageAdapter.212)
2025-04-02T10:39:38.142717Z: t=451c: Always: ipc: VulcanMessageAdapter refreshing endpoints (VulcanMessageAdapter.cpp.cosy::VulcanMessageAdapter::VulcanMessageAdapter.221)
2025-04-02T10:39:38.144285Z: t=451c: Always: ipc: VulcanMessageAdapter refresh pending, wait... (VulcanMessageAdapter.cpp.cosy::VulcanMessageAdapter::VulcanMessageAdapter.229)
2025-04-02T10:39:38.144522Z: t=4488: Always: ipc: VulcanMessageAdapter switching to point to point (VulcanMessageAdapter.cpp.cosy::VulcanMessageAdapter::refreshEndPointsCallback.105)
2025-04-02T10:39:38.205341Z: t=451c: Always: ipc: VulcanMessageAdapter initialization done (VulcanMessageAdapter.cpp.cosy::VulcanMessageAdapter::VulcanMessageAdapter.244)
2025-04-02T10:39:38.205407Z: t=451c: Info: ipc: End VulcanMessageAdapter initialization (VulcanMessageAdapter.cpp.cosy::VulcanMessageAdapter::VulcanMessageAdapter.165)
2025-04-02T10:39:38.205964Z: t=451c: Error: cssettings: Failed in reading registry for feature : ParallelConnectionsLimit Error : Cannot open registry key 'Software\Policies\Adobe\CreativeCloud' in 'HKEY_CURRENT_USER': The system cannot find the file specified. (error 2) (cssettings.cpp.sibcrux::CsGetFeatureValue.1863)
2025-04-02T10:39:38.206016Z: t=451c: Info: cssettings: Feature ParallelConnectionsLimit value is  (cssettings.cpp.sibcrux::CsGetFeatureValue.1885)
2025-04-02T10:39:38.206055Z: t=451c: Info: parallelConnectionsLimit %d: 10 (cssettings.cpp.sibcrux::CsGetParallelConnectionLimit.1746)
2025-04-02T10:39:38.208460Z: t=451c: Always: GUDE: GUDE Logging Started (GudeLog.cpp.gude::gudeInitLog.134)
2025-04-02T10:39:38.210242Z: t=451c: Info: GUDE: SqliteResumeCache::openDB sqliteResumeTransfer.db successfully opened (SqliteResumeCache.cpp.gude::SqliteResumeCache::openDB.391)
2025-04-02T10:39:38.211019Z: t=451c: Info: GUDE: SqliteResumeCache.sqlOperation : Database Integrity Verification Started (SqliteResumeCache.cpp.gude::<lambda_deaad204e71f8c46f12f724cd922b71d>::operator ().81)
2025-04-02T10:39:38.211546Z: t=451c: Info: GUDE: SqliteResumeCache.sqlOperation : Database Integrity Verification Succeeded (SqliteResumeCache.cpp.gude::<lambda_deaad204e71f8c46f12f724cd922b71d>::operator ().81)
2025-04-02T10:39:38.211663Z: t=451c: Info: GUDE: SqliteResumeCache.sqlOperation : Database Schema Verification Started (SqliteResumeCache.cpp.gude::<lambda_deaad204e71f8c46f12f724cd922b71d>::operator ().81)
2025-04-02T10:39:38.213113Z: t=451c: Info: GUDE: SqliteResumeCache.sqlOperation : Database Schema Verification Succeeded (SqliteResumeCache.cpp.gude::<lambda_deaad204e71f8c46f12f724cd922b71d>::operator ().81)
2025-04-02T10:39:38.213205Z: t=451c: Info: GUDE: SqliteResumeCache.sqlOperation : Database Foreign Key Verification Started (SqliteResumeCache.cpp.gude::<lambda_deaad204e71f8c46f12f724cd922b71d>::operator ().81)
2025-04-02T10:39:38.213309Z: t=451c: Info: GUDE: SqliteResumeCache.sqlOperation : Database Foreign Key Verification Succeeded (SqliteResumeCache.cpp.gude::<lambda_deaad204e71f8c46f12f724cd922b71d>::operator ().81)
2025-04-02T10:39:38.213355Z: t=451c: Info: GUDE: SqliteResumeCache::SqliteResumeCache sqliteResumeTransfer.db successfully opened (SqliteResumeCache.cpp.gude::SqliteResumeCache::SqliteResumeCache.360)
2025-04-02T10:39:38.213405Z: t=451c: Info: GUDE: SQL success in enabling foreign key constraint (SqliteResumeCache.cpp.gude::SqliteResumeCache::enableForeignKeyConstraints.1791)
2025-04-02T10:39:38.213446Z: t=451c: Warning: GUDE: SqliteResumeCache::clearOutdatedCache deleting outdated cache (SqliteResumeCache.cpp.gude::SqliteResumeCache::clearOutdatedCache.806)
2025-04-02T10:39:38.213864Z: t=451c: Info: GUDE: SqliteResumeCache::SqliteResumeCache sqliteResumeTransfer.db successfully opened (SqliteResumeCache.cpp.gude::SqliteResumeCache::SqliteResumeCache.366)
2025-04-02T10:39:38.214528Z: t=451c: Info: GUDE: gude policy POLICY_USER limit (10,16,2) chunk 10485760, chunking (UL 0 DL 1), resXfer 1, adapt 0, NSURL 1, timeout 86400  (GudeEngineImpl.cpp.gude::GudeEngineImpl::GudeEngineImpl.76)
2025-04-02T10:39:38.214580Z: t=451c: Info: GUDE: Initialized -- gude-lib version: v0.17.5 app: gude (gude.cpp.gudeCreate::<lambda_c09c7093edc6a2042ce04b7373a01c6d>::operator ().44)
2025-04-02T10:39:38.215398Z: t=451c: Warning: GUDE: Ignoring attempt to reinit logging to C:\Users\T99\AppData\Local\Adobe\AdobeSync\CoreSync\GUDE\gude at level 4 retaining 3 days of logs (GudeLog.cpp.gude::gudeInitLog.137)
2025-04-02T10:39:38.216707Z: t=451c: Info: GUDE: SqliteResumeCache::openDB sqliteResumeTransfer.db successfully opened (SqliteResumeCache.cpp.gude::SqliteResumeCache::openDB.391)
2025-04-02T10:39:38.216982Z: t=451c: Info: GUDE: SqliteResumeCache.sqlOperation : Database Integrity Verification Started (SqliteResumeCache.cpp.gude::<lambda_deaad204e71f8c46f12f724cd922b71d>::operator ().81)
2025-04-02T10:39:38.217147Z: t=451c: Info: GUDE: SqliteResumeCache.sqlOperation : Database Integrity Verification Succeeded (SqliteResumeCache.cpp.gude::<lambda_deaad204e71f8c46f12f724cd922b71d>::operator ().81)
2025-04-02T10:39:38.217201Z: t=451c: Info: GUDE: SqliteResumeCache.sqlOperation : Database Schema Verification Started (SqliteResumeCache.cpp.gude::<lambda_deaad204e71f8c46f12f724cd922b71d>::operator ().81)
2025-04-02T10:39:38.217820Z: t=451c: Info: GUDE: SqliteResumeCache.sqlOperation : Database Schema Verification Succeeded (SqliteResumeCache.cpp.gude::<lambda_deaad204e71f8c46f12f724cd922b71d>::operator ().81)
2025-04-02T10:39:38.217870Z: t=451c: Info: GUDE: SqliteResumeCache.sqlOperation : Database Foreign Key Verification Started (SqliteResumeCache.cpp.gude::<lambda_deaad204e71f8c46f12f724cd922b71d>::operator ().81)
2025-04-02T10:39:38.217961Z: t=451c: Info: GUDE: SqliteResumeCache.sqlOperation : Database Foreign Key Verification Succeeded (SqliteResumeCache.cpp.gude::<lambda_deaad204e71f8c46f12f724cd922b71d>::operator ().81)
2025-04-02T10:39:38.218007Z: t=451c: Info: GUDE: SqliteResumeCache::SqliteResumeCache sqliteResumeTransfer.db successfully opened (SqliteResumeCache.cpp.gude::SqliteResumeCache::SqliteResumeCache.360)
2025-04-02T10:39:38.218052Z: t=451c: Info: GUDE: SQL success in enabling foreign key constraint (SqliteResumeCache.cpp.gude::SqliteResumeCache::enableForeignKeyConstraints.1791)
2025-04-02T10:39:38.218093Z: t=451c: Warning: GUDE: SqliteResumeCache::clearOutdatedCache deleting outdated cache (SqliteResumeCache.cpp.gude::SqliteResumeCache::clearOutdatedCache.806)
2025-04-02T10:39:38.218279Z: t=451c: Info: GUDE: SqliteResumeCache::SqliteResumeCache sqliteResumeTransfer.db successfully opened (SqliteResumeCache.cpp.gude::SqliteResumeCache::SqliteResumeCache.366)
2025-04-02T10:39:38.218479Z: t=451c: Info: GUDE: gude policy POLICY_USER limit (8,16,2) chunk 10485760, chunking (UL 0 DL 1), resXfer 1, adapt 0, NSURL 1, timeout 86400  (GudeEngineImpl.cpp.gude::GudeEngineImpl::GudeEngineImpl.76)
2025-04-02T10:39:38.218531Z: t=451c: Info: GUDE: Initialized -- gude-lib version: v0.17.5 app: gude (gude.cpp.gudeCreate::<lambda_c09c7093edc6a2042ce04b7373a01c6d>::operator ().44)
2025-04-02T10:39:38.222511Z: t=451c: Info: GetFolderPersistence: Constructing FolderPersistence (CoreSyncDBEnvironment.cpp.musync::CoreSyncDBEnvironment::<lambda_74b87b85bf0a82090361c6d19d37f771>::operator ().28)
2025-04-02T10:39:38.222780Z: t=451c: Info: jura.db: Opened database at C:\Users\T99\AppData\Local\Adobe\AdobeSync\CoreSync/coresync.db (Database.cpp.jura::Database::Database.104)
2025-04-02T10:39:38.223184Z: t=451c: Info: FolderPersistenceSqliteImpl: coresync.db migration successful/not required already on latest schema (FolderPersistenceSqliteImpl.cpp.jura::transitional::GetFolderPersistence.984)
2025-04-02T10:39:38.223402Z: t=451c: Info: AppShell: Cleared temp folder for skye abstract uploads, downloads: D:\UNI TRIER FILES\My Projects\TextSummarizer\tempskyeTemp (AppShell.cpp.musync::AppShell::AppShell.101)
2025-04-02T10:39:38.224916Z: t=451c: Info: transfer: setTargetDataRates: 0 upload, 0 download (TransferEngineImpl.cpp.jura::TransferEngineImpl::setTargetDataRates.903)
2025-04-02T10:39:38.224972Z: t=451c: Info: transfer: setTargetDataRates: 0 upload, 0 download (TransferEngineImpl.cpp.jura::TransferEngineImpl::setTargetDataRates.903)
2025-04-02T10:39:38.226967Z: t=451c: Info: IdentityManager: Begin Creating IdentityManagerImpl (IdentityManager.cpp.adobe::identitymanagement::IdentityManagerImpl::getInstance::<lambda_afd5be7fbb9aee6348fc7a8b869b5bbf>::operator ().1010)
2025-04-02T10:39:38.227339Z: t=451c: Info: IdentityManager: IMConfig localConfig : {retryInitialInterval_:1000,retryMaxInterval_:20000,spuriousHandleInitialInterval_:120000,spuriousHandleMaxInterval_:600000,healthCheckMultiplier_:4,healthCheckNRMultiplier_:12,healthCheckMaxInterval_:1800000,healthCheckNRMaxInterval_:86400000,forceTokenRefreshDelay_:86399400,authFailFallbackDelay_:3600000,minAdvanceAuthRefreshDelay_:300,imsClientID_: } (IdentityManager.cpp.adobe::identitymanagement::IdentityManagerImpl::setIMConfigs.237)
2025-04-02T10:39:38.227407Z: t=451c: Info: IdentityManager: End Creating IdentityManagerImpl (IdentityManager.cpp.adobe::identitymanagement::IdentityManagerImpl::getInstance::<lambda_afd5be7fbb9aee6348fc7a8b869b5bbf>::operator ().1010)
2025-04-02T10:39:38.229828Z: t=451c: Info: AppShell: Begin start (AppShell.cpp.musync::AppShell::startup.227)
2025-04-02T10:39:38.229903Z: t=451c: Always: CrashReportingEnvironment: crash reporting is not enabled. (CrashReportingEnvironment.cpp.musync::CrashReportingEnvironment::start.76)
2025-04-02T10:39:38.230253Z: t=1e2c: Info: NglWrapper: Begin initializeNGL PROD (NglWrapper.cpp.adobe::identitymanagement::NglWrapper::initializeNGL.159)
2025-04-02T10:39:38.232044Z: t=451c: Error: ACSL.PropStore: cannot open propstore Invalid argument (ACSLPropStore.cpp.AdobeACSL::ACSLPropStore::CreatePropStorePath.179)
2025-04-02T10:39:38.242441Z: t=451c: Info: dcx.logger: dcx-cpp v8.20.0 The default DCX logger has been replaced. Any further attempts to do so will be ignored. (DCXLogging.cpp.setLogger.213)
2025-04-02T10:39:38.242667Z: t=451c: Always: RetroEnvironment: reportAppVersionString: CoreSync v.7.4.0.31 x86 (RetroEnvironment.cpp.musync::reportAppVersionString.57)
2025-04-02T10:39:38.242725Z: t=451c: Always: RetroEnvironment: reportDetailedOsVersionInfo: OSVer: 10.0.0; AppVer: 7.4.0.31 (RetroEnvironment.cpp.musync::reportDetailedOsVersionInfo.78)
2025-04-02T10:39:38.242765Z: t=451c: Always: RetroEnvironment: reportHostVersionInfo: kHostVersion: 34 (RetroEnvironment.cpp.musync::reportHostVersionInfo.87)
2025-04-02T10:39:38.243330Z: t=451c: Info: cssettings: Feature LoadLiveTypePlugin value is 1 (cssettings.cpp.sibcrux::CsGetFeatureValue.1885)
2025-04-02T10:39:38.243414Z: t=451c: Info: cssettings: Featureflag LoadLiveTypePlugin value is : 1 (cssettings.cpp.sibcrux::CSGetPluginFeatureFlagFromRegistry.2146)
2025-04-02T10:39:38.243508Z: t=451c: Info: cssettings: Feature LoadLiveTypePluginRequest value is 1 (cssettings.cpp.sibcrux::CsGetFeatureValue.1885)
2025-04-02T10:39:38.243567Z: t=451c: Info: cssettings: Featureflag LoadLiveTypePluginRequest value is : 1 (cssettings.cpp.sibcrux::CSGetPluginFeatureFlagFromRegistry.2146)
2025-04-02T10:39:38.243911Z: t=451c: Info: Loading plugins from folder: 'C:\Program Files (x86)\Adobe\Adobe Sync\CoreSyncPlugins'
2025-04-02T10:39:38.244449Z: t=451c: Info: Loading plugins from folder: 'C:\Program Files (x86)\Adobe\Adobe Sync\CoreSyncPlugins\LiveType'
2025-04-02T10:39:38.256484Z: t=451c: Info: Plugin loaded: 'C:\Program Files (x86)\Adobe\Adobe Sync\CoreSyncPlugins\LiveType\LiveType.dll'
2025-04-02T10:39:38.256608Z: t=451c: Info: AppHookControllerImpl::onStartup in
2025-04-02T10:39:38.258702Z: t=451c: Info: [livetype] onStartup
2025-04-02T10:39:38.259328Z: t=451c: Info: [livetype] LiveType Version: 1.3.11
2025-04-02T10:39:38.264848Z: t=451c: Info: [livetype]  broadcastText any.livetype.StateChanged (broadcast: running=TRUE, signedIn=FALSE, syncStatus=OFF)
2025-04-02T10:39:38.265997Z: t=451c: Info: [livetype] onStartup => success
2025-04-02T10:39:38.266089Z: t=451c: Info: AppHookControllerImpl::onStartup out
2025-04-02T10:39:38.266244Z: t=451c: Info: jura: Begin Starting network monitor (NetworkMonitor_win.cpp.`anonymous-namespace'::WNetworkMonitor::start.195)
2025-04-02T10:39:38.280835Z: t=451c: Info: jura: End Starting network monitor (NetworkMonitor_win.cpp.`anonymous-namespace'::WNetworkMonitor::start.195)
2025-04-02T10:39:38.281150Z: t=451c: Info: FolderPersistenceSqliteImpl: VerifyAndRepair: checking DB structure (FolderPersistenceSqliteImpl.cpp.sibcrux::SyncSvc::FolderPersistenceSqliteImpl::VerifyAndRepair.587)
2025-04-02T10:39:38.281505Z: t=451c: Info: jura.db.verification: Database Integrity Verification Started (DatabaseVerifier.cpp.jura::DatabaseVerifier::verifyIntegrity.346)
2025-04-02T10:39:38.281749Z: t=451c: Info: jura.db.verification: Database Integrity Verification Succeeded (DatabaseVerifier.cpp.jura::DatabaseVerifier::verifyIntegrity.361)
2025-04-02T10:39:38.281848Z: t=451c: Info: jura.db.verification: Database Schema Verification Started (DatabaseVerifier.cpp.jura::DatabaseVerifier::verifySchema.371)
2025-04-02T10:39:38.282220Z: t=451c: Info: jura.db.verification: Database Schema Verification Succeeded (DatabaseVerifier.cpp.jura::DatabaseVerifier::verifySchema.415)
2025-04-02T10:39:38.282265Z: t=451c: Info: FolderPersistenceSqliteImpl: VerifyAndRepair: result is 1 (FolderPersistenceSqliteImpl.cpp.sibcrux::SyncSvc::FolderPersistenceSqliteImpl::VerifyAndRepair.612)
2025-04-02T10:39:38.282350Z: t=451c: Info: CoreSyncDBEnvironment: coresync.db migration successful/not required already on latest schema (CoreSyncDBEnvironment.cpp.musync::CoreSyncDBEnvironment::start.51)
2025-04-02T10:39:38.282392Z: t=451c: Info: LocalisingEnvironment: start (LocalisingEnvironment.cpp.musync::LocalisingEnvironment::start.30)
2025-04-02T10:39:38.292874Z: t=451c: Info: jura.db: Opened database at C:\Users\T99\AppData\Local\Adobe\AdobeSync\CoreSync\CCCg_a5a94add1efb8f7012d938cfb3de6e60.db (Database.cpp.jura::Database::Database.104)
2025-04-02T10:39:38.293013Z: t=451c: Info: jura.db.verification: Database Integrity Verification Started (DatabaseVerifier.cpp.jura::DatabaseVerifier::verifyIntegrity.346)
2025-04-02T10:39:38.293360Z: t=451c: Info: jura.db.verification: Database Integrity Verification Succeeded (DatabaseVerifier.cpp.jura::DatabaseVerifier::verifyIntegrity.361)
2025-04-02T10:39:38.293515Z: t=451c: Info: jura.db.verification: Database Integrity Verification Started (DatabaseVerifier.cpp.jura::DatabaseVerifier::verifyIntegrity.346)
2025-04-02T10:39:38.293675Z: t=451c: Info: jura.db.verification: Database Integrity Verification Succeeded (DatabaseVerifier.cpp.jura::DatabaseVerifier::verifyIntegrity.361)
2025-04-02T10:39:38.293769Z: t=451c: Info: jura.db.verification: Database Schema Verification Started (DatabaseVerifier.cpp.jura::DatabaseVerifier::verifySchema.371)
2025-04-02T10:39:38.294093Z: t=451c: Info: jura.db.verification: Database Schema Verification Succeeded (DatabaseVerifier.cpp.jura::DatabaseVerifier::verifySchema.415)
2025-04-02T10:39:38.294309Z: t=451c: Info: jura.db: Closed database at C:\Users\T99\AppData\Local\Adobe\AdobeSync\CoreSync\CCCg_a5a94add1efb8f7012d938cfb3de6e60.db (Database.cpp.jura::Database::close.165)
2025-04-02T10:39:38.295810Z: t=35f4: Info: app: Begin Starting up (AppController.cpp.musync::AppControllerImpl::startHandler.498)
2025-04-02T10:39:38.297293Z: t=35f4: Info: app: Sending ETS event for: CORESYNC_PROCESS_STARTING_UP.CORESYNC_PROCESS (AppController.cpp.musync::AppControllerImpl::dispatchCoreSyncProcessNotification.437)
2025-04-02T10:39:38.297367Z: t=35f4: Info: AnalyticsEnvironment: IngestEventProcessor::sendEvent for Process:process:start (IngestEventProcesssor.cpp.musync::analyticsPrivate::IngestEventProcessor::sendEvent.355)
2025-04-02T10:39:38.298042Z: t=35f4: Info: ipc: Broadcasting sync.out.broadcast.app.startedup b785f0d5-c3f4-48be-8d47-9b7170574cf9 (CoreSyncController.cpp.musync::CoreSyncControllerImpl::LogHelper::sendBroadcast.296)
2025-04-02T10:39:38.298526Z: t=35f4: Error: cssettings: Failed in reading registry for feature : MaxLogFileSize Error : Cannot open registry key 'Software\Policies\Adobe\CreativeCloud' in 'HKEY_CURRENT_USER': The system cannot find the file specified. (error 2) (cssettings.cpp.sibcrux::CsGetFeatureValue.1863)
2025-04-02T10:39:38.298578Z: t=4488: Info: [livetype] onTextReceived sync.out.broadcast.app.startedup
2025-04-02T10:39:38.298594Z: t=35f4: Info: cssettings: Feature MaxLogFileSize value is  (cssettings.cpp.sibcrux::CsGetFeatureValue.1885)
2025-04-02T10:39:38.298798Z: t=35f4: Info: IdentityManager: Begin initializeNGL (IdentityManager.cpp.adobe::identitymanagement::IdentityManagerImpl::setHandlers.205)
2025-04-02T10:39:38.298868Z: t=35f4: Info: IdentityManager: isCachedProfileValid - No UserProfile cached (IdentityManager.cpp.adobe::identitymanagement::IdentityManagerImpl::isCachedProfileValid.709)
2025-04-02T10:39:38.298914Z: t=3e38: Info: cssettings: Failed to read from registry: Cannot read registry value 'LogFileDaysLimit' in 'HKEY_CURRENT_USER\Software\Adobe\CreativeCloud' (cssettings.cpp.sibcrux::CsGetLogFileDaysLimit.1706)
2025-04-02T10:39:38.298924Z: t=35f4: Info: IdentityManager: End initializeNGL (IdentityManager.cpp.adobe::identitymanagement::IdentityManagerImpl::setHandlers.205)
2025-04-02T10:39:38.299104Z: t=3e38: Info: LOG_FILE_DAYS_LIMIT : 30 (cssettings.cpp.sibcrux::CsCleanUpOldLogFiles.684)
2025-04-02T10:39:38.299157Z: t=35f4: Info: app: Starting IM HealthCheck timer (AppController.cpp.musync::AppControllerImpl::startIMHealthCheckTimer.1076)
2025-04-02T10:39:38.299298Z: t=35f4: Info: app: End Starting up (AppController.cpp.musync::AppControllerImpl::startHandler.498)
2025-04-02T10:39:38.299402Z: t=451c: Info: AppShell: End start (AppShell.cpp.musync::AppShell::startup.227)
2025-04-02T10:39:38.299746Z: t=3e38: Info: app: setTargetDataRates: 0 upload, 0 download (AppController.cpp.musync::AppControllerImpl::LogPreferencesData.494)
2025-04-02T10:39:38.307287Z: t=1e2c: Info: NglWrapper: End initializeNGL PROD (NglWrapper.cpp.adobe::identitymanagement::NglWrapper::initializeNGL.159)
2025-04-02T10:39:38.312636Z: t=349c: Info: IdentityManager: profileReadyNotifier - pId 1 (IdentityManager.cpp.adobe::identitymanagement::IdentityManagerImpl::initialize::<lambda_34d90e0950e5dc6a6db4ef6a7cbc1876>::operator ().187)
2025-04-02T10:39:38.312836Z: t=1e2c: Info: IdentityManager: Begin handleNGLProfileUpdate (IdentityManager.cpp.adobe::identitymanagement::IdentityManagerImpl::handleNGLProfileUpdate.947)
2025-04-02T10:39:38.313707Z: t=1e2c: Info: IdentityManager: handleNGLProfileUpdate - pId 1 code: NglStatusCode:403 (IdentityManager.cpp.adobe::identitymanagement::IdentityManagerImpl::handleNGLProfileUpdate.959)
2025-04-02T10:39:38.313761Z: t=1e2c: Info: IdentityManager: Resetting - profile  (IdentityManager.cpp.adobe::identitymanagement::IdentityManagerImpl::resetUserProfile.693)
2025-04-02T10:39:38.314224Z: t=1e2c: Info: IdentityManager: End handleNGLProfileUpdate (IdentityManager.cpp.adobe::identitymanagement::IdentityManagerImpl::handleNGLProfileUpdate.947)
