SessionID=e8bcd962-3f43-4da2-a183-504b9cf9e501.1743590375116 Timestamp=2025-04-02T12:39:35:116+0200 ThreadID=16168 Component=ngl-lib_NglAppLib Description="InitializeLogger: -------- Initializing session logs --------"
SessionID=e8bcd962-3f43-4da2-a183-504b9cf9e501.1743590375116 Timestamp=2025-04-02T12:39:35:129+0200 ThreadID=16168 Component=ngl-lib_kOperatingConfig Description="GetRuntimeDetails: No operating configs found"
SessionID=e8bcd962-3f43-4da2-a183-504b9cf9e501.1743590375116 Timestamp=2025-04-02T12:39:35:137+0200 ThreadID=16168 Component=ngl-lib_kOperatingConfig Description="GetRuntimeDetails: Fallback to NAMED_USER_ONLINE!!"
SessionID=e8bcd962-3f43-4da2-a183-504b9cf9e501.1743590375116 Timestamp=2025-04-02T12:39:35:144+0200 ThreadID=16168 Component=ngl-lib_NglAppLib Description="SetConfig: OS Name=WINDOWS_64, OS Version=10.0.26100.1"
SessionID=e8bcd962-3f43-4da2-a183-504b9cf9e501.1743590375116 Timestamp=2025-04-02T12:39:35:170+0200 ThreadID=16168 Component=ngl-lib_NglAppLib Description="SetConfig: NGLLibVersion=1.40.0.10, Environment=5, Runtimemode=NAMED_USER_ONLINE, NpdID="
SessionID=e8bcd962-3f43-4da2-a183-504b9cf9e501.1743590375116 Timestamp=2025-04-02T12:39:35:180+0200 ThreadID=16168 Component=ngl-lib_NglAppLib Description="SetConfig succeeded - SetConfig: ClientID=CreativeCloud_v6_5, AppID=CreativeCloud2, AppVersion=6.5.0.348, NglRunMode=0"
SessionID=e8bcd962-3f43-4da2-a183-504b9cf9e501.1743590375116 Timestamp=2025-04-02T12:39:35:194+0200 ThreadID=16168 Component=ngl-lib_NglAppLib Description="SetConfig: Isotropic0.1734733921000.0"
SessionID=e8bcd962-3f43-4da2-a183-504b9cf9e501.1743590375116 Timestamp=2025-04-02T12:39:35:222+0200 ThreadID=16168 Component=ngl-lib_NglIngestManager Description="NglIngestManager : Initializing Ingest Manager"
SessionID=e8bcd962-3f43-4da2-a183-504b9cf9e501.1743590375116 Timestamp=2025-04-02T12:39:35:234+0200 ThreadID=18172 Component=ngl-lib_NglFeatureManager Description="GetOperatingMode : runtime mode : 1"
SessionID=e8bcd962-3f43-4da2-a183-504b9cf9e501.1743590375116 Timestamp=2025-04-02T12:39:35:244+0200 ThreadID=18172 Component=ngl-lib_FileHandlingUtilsWithLocking Description="ReadFile: Failed with os error code: 2 reason: No such file or directory"
SessionID=e8bcd962-3f43-4da2-a183-504b9cf9e501.1743590375116 Timestamp=2025-04-02T12:39:35:256+0200 ThreadID=18172 Component=ngl-lib_NglFeatureManager Description="GetFlagsFromFs: Finished with status: 8 | OsErrorCode: 2 | OsErrorDesc: No such file or directory"
SessionID=e8bcd962-3f43-4da2-a183-504b9cf9e501.1743590375116 Timestamp=2025-04-02T12:39:35:268+0200 ThreadID=16168 Component=ngl-lib_FileHandlingUtilsWithLocking Description="ReadFile: Failed with os error code: 2 reason: No such file or directory"
SessionID=e8bcd962-3f43-4da2-a183-504b9cf9e501.1743590375116 Timestamp=2025-04-02T12:39:35:278+0200 ThreadID=16168 Component=ngl-lib_InitTriggerSpecialEvent Description="operator () : (App)OPMPD not found"
SessionID=e8bcd962-3f43-4da2-a183-504b9cf9e501.1743590375116 Timestamp=2025-04-02T12:39:35:287+0200 ThreadID=16168 Component=ngl-lib_FileHandlingUtilsWithLocking Description="ReadFile: Failed with os error code: 2 reason: No such file or directory"
SessionID=e8bcd962-3f43-4da2-a183-504b9cf9e501.1743590375116 Timestamp=2025-04-02T12:39:35:305+0200 ThreadID=16168 Component=ngl-lib_InitTriggerSpecialEvent Description="operator () : (App)OPMPD not found"
SessionID=e8bcd962-3f43-4da2-a183-504b9cf9e501.1743590375116 Timestamp=2025-04-02T12:39:35:331+0200 ThreadID=16168 Component=ngl-lib_NglIngestManager Description="StartIngestService :  Ingest manager started."
SessionID=e8bcd962-3f43-4da2-a183-504b9cf9e501.1743590375116 Timestamp=2025-04-02T12:39:35:343+0200 ThreadID=18176 Component=ngl-lib_NglIngestManager Description="ProcessNglIngestEvents : Ingest Process - Started"
SessionID=e8bcd962-3f43-4da2-a183-504b9cf9e501.1743590375116 Timestamp=2025-04-02T12:39:35:353+0200 ThreadID=18176 Component=ngl-lib_NglIngestManager Description="ProcessNglIngestEvents :  Ingest manager State: Running "
SessionID=e8bcd962-3f43-4da2-a183-504b9cf9e501.1743590375116 Timestamp=2025-04-02T12:39:35:364+0200 ThreadID=16168 Component=ngl-lib_NglIngestManager Description="StartIngestService :  Ingest Monitor success thread started."
SessionID=e8bcd962-3f43-4da2-a183-504b9cf9e501.1743590375116 Timestamp=2025-04-02T12:39:35:374+0200 ThreadID=17540 Component=ngl-lib_NglIngestManager Description="MonitorSuccessEventsThread : Ingest Success Event Monitor - Started"
SessionID=e8bcd962-3f43-4da2-a183-504b9cf9e501.1743590375116 Timestamp=2025-04-02T12:39:35:385+0200 ThreadID=18172 Component=ngl-lib_DataStorageFs Description="DataStorageFs: mFeatureSupported set to 1 at start"
SessionID=e8bcd962-3f43-4da2-a183-504b9cf9e501.1743590375116 Timestamp=2025-04-02T12:39:35:395+0200 ThreadID=16168 Component=ngl-lib_SyncManager Description="SyncManager : Initializing SyncManager"
SessionID=e8bcd962-3f43-4da2-a183-504b9cf9e501.1743590375116 Timestamp=2025-04-02T12:39:35:407+0200 ThreadID=18172 Component=ngl-lib_DataStorageFs Description="SetLegacyStorageSupported: mLegacyStorageSupported set to 1"
SessionID=e8bcd962-3f43-4da2-a183-504b9cf9e501.1743590375116 Timestamp=2025-04-02T12:39:35:416+0200 ThreadID=18172 Component=ngl-lib_DataStorageFs Description="SetLegacyStorageSupportedFromCapabilityFile: status: 0 OsErrorCode: 0"
SessionID=e8bcd962-3f43-4da2-a183-504b9cf9e501.1743590375116 Timestamp=2025-04-02T12:39:35:425+0200 ThreadID=16168 Component=ngl-lib_SyncManager Description="StartSyncService: SyncService started"
SessionID=e8bcd962-3f43-4da2-a183-504b9cf9e501.1743590375116 Timestamp=2025-04-02T12:39:35:435+0200 ThreadID=17536 Component=ngl-lib_DataStorageFs Description="SetLegacyStorageSupported: mLegacyStorageSupported set to 1"
SessionID=e8bcd962-3f43-4da2-a183-504b9cf9e501.1743590375116 Timestamp=2025-04-02T12:39:35:452+0200 ThreadID=17536 Component=ngl-lib_DataStorageFs Description="SetLegacyStorageSupportedFromCapabilityFile: status: 0 OsErrorCode: 0"
SessionID=e8bcd962-3f43-4da2-a183-504b9cf9e501.1743590375116 Timestamp=2025-04-02T12:39:35:461+0200 ThreadID=17688 Component=ngl-lib_OSUtil Description="GetCCDVersion: Successfully retrieved the version of CCD at C:\Program Files\Adobe\Adobe Creative Cloud\ACC\Creative Cloud.exe"
SessionID=e8bcd962-3f43-4da2-a183-504b9cf9e501.1743590375116 Timestamp=2025-04-02T12:39:35:471+0200 ThreadID=18172 Component=ngl-lib_DataStorage Description="GetFromUserCredMgrStorage error 1168 data not found in storage."
SessionID=e8bcd962-3f43-4da2-a183-504b9cf9e501.1743590375116 Timestamp=2025-04-02T12:39:35:484+0200 ThreadID=16168 Component=ngl-lib_NglController Description="SetNglWorkflowParams: Custom CEF-Resource mode: 0"
SessionID=e8bcd962-3f43-4da2-a183-504b9cf9e501.1743590375116 Timestamp=2025-04-02T12:39:35:494+0200 ThreadID=17536 Component=ngl-lib_SyncManager Description="RecurringSync: Executing the pending sync for key Package Info..."
SessionID=e8bcd962-3f43-4da2-a183-504b9cf9e501.1743590375116 Timestamp=2025-04-02T12:39:35:505+0200 ThreadID=17688 Component=ngl-lib_OSUtil Description="GetNGLWFVersion: Successfully retrieved the version of NGLWF at C:\Program Files\Common Files\Adobe\Adobe Desktop Common\NGL\adobe_licensing_wf.exe"
SessionID=e8bcd962-3f43-4da2-a183-504b9cf9e501.1743590375116 Timestamp=2025-04-02T12:39:35:515+0200 ThreadID=16168 Component=ngl-lib_NglController Description="VerifyAndSetNglWfDirPath: Path: C:\Program Files\Common Files\Adobe\Adobe Desktop Common\NGL\adobe_licensing_wf.exe"
SessionID=e8bcd962-3f43-4da2-a183-504b9cf9e501.1743590375116 Timestamp=2025-04-02T12:39:35:527+0200 ThreadID=17536 Component=ngl-lib_DataStorage Description="GetLastModifiedTime error 1168 data not found in storage."
SessionID=e8bcd962-3f43-4da2-a183-504b9cf9e501.1743590375116 Timestamp=2025-04-02T12:39:35:536+0200 ThreadID=18172 Component=ngl-lib_NGLLibFactory Description="GetIsSoftVirtualizationModeEnabled: Setting Soft Virtual Enviroment Flag as False as VDI is false."
SessionID=e8bcd962-3f43-4da2-a183-504b9cf9e501.1743590375116 Timestamp=2025-04-02T12:39:35:544+0200 ThreadID=17688 Component=ngl-lib_OSUtil Description="GetNGLWFHelperVersion: Successfully retrieved the version of NGLWF Helper at C:\Program Files\Common Files\Adobe\Adobe Desktop Common\NGL\adobe_licensing_wf_helper.exe"
SessionID=e8bcd962-3f43-4da2-a183-504b9cf9e501.1743590375116 Timestamp=2025-04-02T12:39:35:551+0200 ThreadID=16168 Component=ngl-lib_NglController Description="VerifyAndSetCefResourcesPath: Path: C:\Program Files\Common Files\Adobe\Adobe Desktop Common\CEF"
SessionID=e8bcd962-3f43-4da2-a183-504b9cf9e501.1743590375116 Timestamp=2025-04-02T12:39:35:561+0200 ThreadID=17536 Component=ngl-lib_SyncManager Description="SyncRunnable: returnStatus: 8, lSyncAction: 0, key: Package Info"
SessionID=e8bcd962-3f43-4da2-a183-504b9cf9e501.1743590375116 Timestamp=2025-04-02T12:39:35:571+0200 ThreadID=17536 Component=ngl-lib_SyncManager Description="RecurringSync: Executing the pending sync for key Password..."
SessionID=e8bcd962-3f43-4da2-a183-504b9cf9e501.1743590375116 Timestamp=2025-04-02T12:39:35:580+0200 ThreadID=18172 Component=ngl-lib_DataStorage Description="GetFromUserCredMgrStorage error 1168 data not found in storage."
SessionID=e8bcd962-3f43-4da2-a183-504b9cf9e501.1743590375116 Timestamp=2025-04-02T12:39:35:588+0200 ThreadID=18172 Component=ngl-lib_UserPrincipalDao Description="GetUserPrincipal failed in GetUserProfile, status: 8"
SessionID=e8bcd962-3f43-4da2-a183-504b9cf9e501.1743590375116 Timestamp=2025-04-02T12:39:35:596+0200 ThreadID=17536 Component=ngl-lib_DataStorage Description="GetLastModifiedTime error 1168 data not found in storage."
SessionID=e8bcd962-3f43-4da2-a183-504b9cf9e501.1743590375116 Timestamp=2025-04-02T12:39:35:603+0200 ThreadID=16168 Component=ngl-lib_OSUtil Description="GetLocalBrowserOverrides: No local config file found falling back to default browser sequence."
SessionID=e8bcd962-3f43-4da2-a183-504b9cf9e501.1743590375116 Timestamp=2025-04-02T12:39:35:612+0200 ThreadID=18172 Component=ngl-lib_NUSecureProfileFetcher ErrorID=PrincipalMgrOperationStatus:6 Description="ValidateAndGetCachedSP : Failed to fetch principal"
SessionID=e8bcd962-3f43-4da2-a183-504b9cf9e501.1743590375116 Timestamp=2025-04-02T12:39:35:622+0200 ThreadID=17536 Component=ngl-lib_SyncManager Description="SyncRunnable: returnStatus: 8, lSyncAction: 0, key: Password"
SessionID=e8bcd962-3f43-4da2-a183-504b9cf9e501.1743590375116 Timestamp=2025-04-02T12:39:35:633+0200 ThreadID=18172 Component=ngl-lib_NglAppLib ErrorID=218 Description="GetCachedNglProfile Status: Data Not Found : Principal"
SessionID=e8bcd962-3f43-4da2-a183-504b9cf9e501.1743590375116 Timestamp=2025-04-02T12:39:35:642+0200 ThreadID=17536 Component=ngl-lib_SyncManager Description="RecurringSync: Executing the pending sync for key User DT..."
SessionID=e8bcd962-3f43-4da2-a183-504b9cf9e501.1743590375116 Timestamp=2025-04-02T12:39:35:653+0200 ThreadID=16168 Component=ngl-lib_OSUtil Description="InitWebViewData: Webview version: 1"
SessionID=e8bcd962-3f43-4da2-a183-504b9cf9e501.1743590375116 Timestamp=2025-04-02T12:39:35:664+0200 ThreadID=16168 Component=ngl-lib_OSUtil Description="SetEmbeddedBrowserVersion: EmbeddedBrowserVersion: CEF:116.0.0.0:1.12.0.5"
SessionID=e8bcd962-3f43-4da2-a183-504b9cf9e501.1743590375116 Timestamp=2025-04-02T12:39:35:675+0200 ThreadID=16168 Component=ngl-lib_NglController Description="SetNgluPath: adobe licensing helper not found in path from NglAppLibConfig, using from default location"
SessionID=e8bcd962-3f43-4da2-a183-504b9cf9e501.1743590375116 Timestamp=2025-04-02T12:39:35:687+0200 ThreadID=17536 Component=ngl-lib_DataStorage Description="GetLastModifiedTime error 1168 data not found in storage."
SessionID=e8bcd962-3f43-4da2-a183-504b9cf9e501.1743590375116 Timestamp=2025-04-02T12:39:35:700+0200 ThreadID=18172 Component=ngl-lib_DataStorage Description="GetFromUserCredMgrStorage error 1168 data not found in storage."
SessionID=e8bcd962-3f43-4da2-a183-504b9cf9e501.1743590375116 Timestamp=2025-04-02T12:39:35:712+0200 ThreadID=18172 Component=ngl-lib_UserPrincipalDao Description="GetUserPrincipal failed in GetUserProfile, status: 8"
SessionID=e8bcd962-3f43-4da2-a183-504b9cf9e501.1743590375116 Timestamp=2025-04-02T12:39:35:722+0200 ThreadID=18172 Component=ngl-lib_NUSecureProfileFetcher ErrorID=PrincipalMgrOperationStatus:6 Description="ValidateAndGetPrefetchedSP : Failed to fetch principal"
SessionID=e8bcd962-3f43-4da2-a183-504b9cf9e501.1743590375116 Timestamp=2025-04-02T12:39:35:733+0200 ThreadID=17536 Component=ngl-lib_SyncManager Description="SyncRunnable: returnStatus: 8, lSyncAction: 0, key: User DT"
SessionID=e8bcd962-3f43-4da2-a183-504b9cf9e501.1743590375116 Timestamp=2025-04-02T12:39:35:744+0200 ThreadID=17536 Component=ngl-lib_SyncManager Description="RecurringSync: Executing the pending sync for key User OS Info..."
SessionID=e8bcd962-3f43-4da2-a183-504b9cf9e501.1743590375116 Timestamp=2025-04-02T12:39:35:754+0200 ThreadID=16168 Component=ngl-lib_NglController Description="NglController: constructor invoked in 4 license mode, NglRunMode - 0 & ReInitStatus failure ExtBrwAuth_Enabled:false"
SessionID=e8bcd962-3f43-4da2-a183-504b9cf9e501.1743590375116 Timestamp=2025-04-02T12:39:35:761+0200 ThreadID=18172 Component=ngl-lib_NglAppLib ErrorID=218 Description="GetPrefetchedNglProfile Status: Data Not Found : Principal"
SessionID=e8bcd962-3f43-4da2-a183-504b9cf9e501.1743590375116 Timestamp=2025-04-02T12:39:35:769+0200 ThreadID=18172 Component=ngl-lib_NglController Description="GetCachedProfile: Prefetched profile latest, using prefetched profile"
SessionID=e8bcd962-3f43-4da2-a183-504b9cf9e501.1743590375116 Timestamp=2025-04-02T12:39:35:778+0200 ThreadID=16168 Component=ngl-lib_NglController Description="InitializeProfileUpdates: invoked and running in headed mode"
SessionID=e8bcd962-3f43-4da2-a183-504b9cf9e501.1743590375116 Timestamp=2025-04-02T12:39:35:786+0200 ThreadID=16168 Component=ngl-lib_NglController Description="InitializeProfileUpdatesInternal: invoked and running in headed mode"
SessionID=e8bcd962-3f43-4da2-a183-504b9cf9e501.1743590375116 Timestamp=2025-04-02T12:39:35:796+0200 ThreadID=17536 Component=ngl-lib_DataStorage Description="GetLastModifiedTime error 1168 data not found in storage."
SessionID=e8bcd962-3f43-4da2-a183-504b9cf9e501.1743590375116 Timestamp=2025-04-02T12:39:35:803+0200 ThreadID=16168 Component=ngl-lib_NglController Description="ExecuteRequest: request id: 1 api: 0 data?: no workflow?: no"
SessionID=e8bcd962-3f43-4da2-a183-504b9cf9e501.1743590375116 Timestamp=2025-04-02T12:39:35:812+0200 ThreadID=17536 Component=ngl-lib_SyncManager Description="SyncRunnable: returnStatus: 8, lSyncAction: 0, key: User OS Info"
SessionID=e8bcd962-3f43-4da2-a183-504b9cf9e501.1743590375116 Timestamp=2025-04-02T12:39:35:820+0200 ThreadID=17536 Component=ngl-lib_SyncManager Description="RecurringSync: Executing the pending sync for key User Profile..."
SessionID=e8bcd962-3f43-4da2-a183-504b9cf9e501.1743590375116 Timestamp=2025-04-02T12:39:35:829+0200 ThreadID=16168 Component=ngl-lib_NglController Description="ExecuteRequest: request id: 2 api: 0 data?: no workflow?: no"
SessionID=e8bcd962-3f43-4da2-a183-504b9cf9e501.1743590375116 Timestamp=2025-04-02T12:39:35:837+0200 ThreadID=16168 Component=ngl-lib_NglController Description="InitializeProfileUpdatesInternal: Initial internal status = 403"
SessionID=e8bcd962-3f43-4da2-a183-504b9cf9e501.1743590375116 Timestamp=2025-04-02T12:39:35:849+0200 ThreadID=17536 Component=ngl-lib_DataStorage Description="GetLastModifiedTime error 1168 data not found in storage."
SessionID=e8bcd962-3f43-4da2-a183-504b9cf9e501.1743590375116 Timestamp=2025-04-02T12:39:35:860+0200 ThreadID=16168 Component=ngl-lib_NglController Description="LogCurrentUser: CachedNotValidated UserID=0"
SessionID=e8bcd962-3f43-4da2-a183-504b9cf9e501.1743590375116 Timestamp=2025-04-02T12:39:35:871+0200 ThreadID=18172 Component=ngl-lib_NglController Description="SubmitSystemIngestEvents: Platform is Not Virtual | VDI: 0 "
SessionID=e8bcd962-3f43-4da2-a183-504b9cf9e501.1743590375116 Timestamp=2025-04-02T12:39:35:881+0200 ThreadID=17536 Component=ngl-lib_SyncManager Description="SyncRunnable: returnStatus: 8, lSyncAction: 0, key: User Profile"
SessionID=e8bcd962-3f43-4da2-a183-504b9cf9e501.1743590375116 Timestamp=2025-04-02T12:39:35:892+0200 ThreadID=18172 Component=ngl-lib_NglController Description="SubmitSystemIngestEvents: Key=5c1d49d546d6b3278d17bd9d30eafc32357faccc3b675c2f19e9bd37e46bbe2a"
SessionID=e8bcd962-3f43-4da2-a183-504b9cf9e501.1743590375116 Timestamp=2025-04-02T12:39:35:901+0200 ThreadID=18176 Component=ngl-lib_NglIngestStorageEvent Description="GetEventInfoJson : Error - Ingest Guid:69a39ed7-4a6e-43c3-99c9-d3364c17cf27 SubCategory:FeatureFlagValues StatusCode:0 OsErrorCode:0"
SessionID=e8bcd962-3f43-4da2-a183-504b9cf9e501.1743590375116 Timestamp=2025-04-02T12:39:35:909+0200 ThreadID=16168 Component=ngl-lib_NglController Description="RegisterImsStatusCallback: invoked"
SessionID=e8bcd962-3f43-4da2-a183-504b9cf9e501.1743590375116 Timestamp=2025-04-02T12:39:35:918+0200 ThreadID=16168 Component=ngl-lib_NglController Description="RegisterBulkPrefetchCallback: invoked"
SessionID=e8bcd962-3f43-4da2-a183-504b9cf9e501.1743590375116 Timestamp=2025-04-02T12:39:35:925+0200 ThreadID=16168 Component=ngl-lib_NglController Description="InitializeWorkflows: invoked"
SessionID=e8bcd962-3f43-4da2-a183-504b9cf9e501.1743590375116 Timestamp=2025-04-02T12:39:35:932+0200 ThreadID=18176 Component=ngl-lib_NglIngestWorkflowEvent Description="GetEventInfoJson : Error - Ingest Guid:9a922c5c-8387-4148-bd57-92953fe4aaf6 SubCategory:WorkflowExtBrowAuthEnabled StatusCode:2 OsErrorCode:"
SessionID=e8bcd962-3f43-4da2-a183-504b9cf9e501.1743590375116 Timestamp=2025-04-02T12:39:35:939+0200 ThreadID=17536 Component=ngl-lib_SyncManager Description="RecurringSync: Executing the pending sync for key Username..."
SessionID=e8bcd962-3f43-4da2-a183-504b9cf9e501.1743590375116 Timestamp=2025-04-02T12:39:35:947+0200 ThreadID=18172 Component=ngl-lib_NglController Description="SubmitSystemIngestEvents: DP API CNG functions success "
SessionID=e8bcd962-3f43-4da2-a183-504b9cf9e501.1743590375116 Timestamp=2025-04-02T12:39:35:955+0200 ThreadID=16168 Component=ngl-lib_NglAppLib Description="SetAppRuntimeConfig: AppLocale=en_US"
SessionID=e8bcd962-3f43-4da2-a183-504b9cf9e501.1743590375116 Timestamp=2025-04-02T12:39:35:964+0200 ThreadID=17536 Component=ngl-lib_DataStorage Description="GetLastModifiedTime error 1168 data not found in storage."
SessionID=e8bcd962-3f43-4da2-a183-504b9cf9e501.1743590375116 Timestamp=2025-04-02T12:39:35:976+0200 ThreadID=18176 Component=ngl-lib_DataStorage Description="GetLastModifiedTime error 1168 data not found in storage."
SessionID=e8bcd962-3f43-4da2-a183-504b9cf9e501.1743590375116 Timestamp=2025-04-02T12:39:35:988+0200 ThreadID=18172 Component=ngl-lib_NglController Description="SubmitWebViewIngestData: Webview runtime is installed."
SessionID=e8bcd962-3f43-4da2-a183-504b9cf9e501.1743590375116 Timestamp=2025-04-02T12:39:35:997+0200 ThreadID=16168 Component=ngl-lib_NglController Description="StartRecurringAuthAndProfileChecks: invoked"
SessionID=e8bcd962-3f43-4da2-a183-504b9cf9e501.1743590375116 Timestamp=2025-04-02T12:39:36:007+0200 ThreadID=17536 Component=ngl-lib_SyncManager Description="SyncRunnable: returnStatus: 8, lSyncAction: 0, key: Username"
SessionID=e8bcd962-3f43-4da2-a183-504b9cf9e501.1743590375116 Timestamp=2025-04-02T12:39:36:016+0200 ThreadID=18172 Component=ngl-lib_OSUtil Description="<hidden>: Process path: C:\Program Files (x86)\Common Files\Adobe\Adobe Desktop Common\ADS\Adobe Desktop Service.exe"
SessionID=e8bcd962-3f43-4da2-a183-504b9cf9e501.1743590375116 Timestamp=2025-04-02T12:39:36:028+0200 ThreadID=18176 Component=ngl-lib_FileHandlingUtilsWithLocking Description="ReadFile: Failed with os error code: 2 reason: No such file or directory"
SessionID=e8bcd962-3f43-4da2-a183-504b9cf9e501.1743590375116 Timestamp=2025-04-02T12:39:36:039+0200 ThreadID=18176 Component=ngl-lib_DataStorageFs Description="GetItemFromFsStorageImpl: key: User DT; status: 8 OsErrorCode: 2"
SessionID=e8bcd962-3f43-4da2-a183-504b9cf9e501.1743590375116 Timestamp=2025-04-02T12:39:36:051+0200 ThreadID=17788 Component=ngl-lib_NglController Description="InitialProfileTimer: app is licensed"
SessionID=e8bcd962-3f43-4da2-a183-504b9cf9e501.1743590375116 Timestamp=2025-04-02T12:39:36:063+0200 ThreadID=18176 Component=ngl-lib_UserPrincipalDao Description="GetUserPrincipal failed in GetUserProfile, status: 8"
SessionID=e8bcd962-3f43-4da2-a183-504b9cf9e501.1743590375116 Timestamp=2025-04-02T12:39:36:073+0200 ThreadID=18176 Component=ngl-lib_NglIngestManager ErrorID=322 Description="GetAccessToken : Failed to fetch access token"
SessionID=e8bcd962-3f43-4da2-a183-504b9cf9e501.1743590375116 Timestamp=2025-04-02T12:39:36:082+0200 ThreadID=17792 Component=ngl-lib_NUSecureProfileFetcher Description="GetDeviceTokenAndProfile : invoked"
SessionID=e8bcd962-3f43-4da2-a183-504b9cf9e501.1743590375116 Timestamp=2025-04-02T12:39:36:092+0200 ThreadID=17728 Component=ngl-lib_DataStorage Description="GetLastModifiedTime error 1168 data not found in storage."
SessionID=e8bcd962-3f43-4da2-a183-504b9cf9e501.1743590375116 Timestamp=2025-04-02T12:39:36:110+0200 ThreadID=17728 Component=ngl-lib_FileHandlingUtilsWithLocking Description="ReadFile: Failed with os error code: 2 reason: No such file or directory"
SessionID=e8bcd962-3f43-4da2-a183-504b9cf9e501.1743590375116 Timestamp=2025-04-02T12:39:36:122+0200 ThreadID=17728 Component=ngl-lib_DataStorageFs Description="GetItemFromFsStorageImpl: key: User DT; status: 8 OsErrorCode: 2"
SessionID=e8bcd962-3f43-4da2-a183-504b9cf9e501.1743590375116 Timestamp=2025-04-02T12:39:36:133+0200 ThreadID=17728 Component=ngl-lib_UserPrincipalDao Description="GetUserPrincipal failed in GetUserProfile, status: 8"
SessionID=e8bcd962-3f43-4da2-a183-504b9cf9e501.1743590375116 Timestamp=2025-04-02T12:39:36:141+0200 ThreadID=17728 Component=ngl-lib_NglFeatureManager ErrorID=218 Description="GetAccessToken : Failed to fetch access token"
SessionID=e8bcd962-3f43-4da2-a183-504b9cf9e501.1743590375116 Timestamp=2025-04-02T12:39:36:149+0200 ThreadID=18176 Component=ngl-lib_DataStorage Description="GetLastModifiedTime error 1168 data not found in storage."
SessionID=e8bcd962-3f43-4da2-a183-504b9cf9e501.1743590375116 Timestamp=2025-04-02T12:39:36:158+0200 ThreadID=18176 Component=ngl-lib_FileHandlingUtilsWithLocking Description="ReadFile: Failed with os error code: 2 reason: No such file or directory"
SessionID=e8bcd962-3f43-4da2-a183-504b9cf9e501.1743590375116 Timestamp=2025-04-02T12:39:36:165+0200 ThreadID=18176 Component=ngl-lib_DataStorageFs Description="GetItemFromFsStorageImpl: key: Username; status: 8 OsErrorCode: 2"
SessionID=e8bcd962-3f43-4da2-a183-504b9cf9e501.1743590375116 Timestamp=2025-04-02T12:39:36:173+0200 ThreadID=17792 Component=ngl-lib_DataStorage Description="GetLastModifiedTime error 1168 data not found in storage."
SessionID=e8bcd962-3f43-4da2-a183-504b9cf9e501.1743590375116 Timestamp=2025-04-02T12:39:36:180+0200 ThreadID=18176 Component=ngl-lib_HttpRestConnectorForPost Description="SendHttpRequestSync: Request about to start"
SessionID=e8bcd962-3f43-4da2-a183-504b9cf9e501.1743590375116 Timestamp=2025-04-02T12:39:36:188+0200 ThreadID=18172 Component=ngl-lib_OSUtil Description="<hidden>: Process path: C:\Program Files (x86)\Common Files\Adobe\Adobe Desktop Common\ADS\Adobe Desktop Service.exe"
SessionID=e8bcd962-3f43-4da2-a183-504b9cf9e501.1743590375116 Timestamp=2025-04-02T12:39:36:197+0200 ThreadID=18176 Component=ngl-lib_HttpRestConnectorForPost Description="SendHttpRequestASyncCallInternal detected Windows version >= 8.1, using auto proxy settings"
SessionID=e8bcd962-3f43-4da2-a183-504b9cf9e501.1743590375116 Timestamp=2025-04-02T12:39:36:206+0200 ThreadID=17792 Component=ngl-lib_FileHandlingUtilsWithLocking Description="ReadFile: Failed with os error code: 2 reason: No such file or directory"
SessionID=e8bcd962-3f43-4da2-a183-504b9cf9e501.1743590375116 Timestamp=2025-04-02T12:39:36:214+0200 ThreadID=17792 Component=ngl-lib_DataStorageFs Description="GetItemFromFsStorageImpl: key: User DT; status: 8 OsErrorCode: 2"
SessionID=e8bcd962-3f43-4da2-a183-504b9cf9e501.1743590375116 Timestamp=2025-04-02T12:39:36:221+0200 ThreadID=17792 Component=ngl-lib_UserPrincipalDao Description="GetUserPrincipal failed in GetUserProfile, status: 8"
SessionID=e8bcd962-3f43-4da2-a183-504b9cf9e501.1743590375116 Timestamp=2025-04-02T12:39:36:228+0200 ThreadID=17792 Component=ngl-lib_NUSecureProfileFetcher Description="GetDeviceTokenAndProfile : Blocking initial unauth call for unlicensed app (principal not found)"
SessionID=e8bcd962-3f43-4da2-a183-504b9cf9e501.1743590375116 Timestamp=2025-04-02T12:39:36:238+0200 ThreadID=17728 Component=ngl-lib_DataStorage Description="GetLastModifiedTime error 1168 data not found in storage."
SessionID=e8bcd962-3f43-4da2-a183-504b9cf9e501.1743590375116 Timestamp=2025-04-02T12:39:36:246+0200 ThreadID=18176 Component=ngl-lib_HttpRestConnectorForPost Description="SendHttpRequestASyncCallInternal: Calling endpoint https://cc-api-data.adobe.io/ingest"
SessionID=e8bcd962-3f43-4da2-a183-504b9cf9e501.1743590375116 Timestamp=2025-04-02T12:39:36:258+0200 ThreadID=17792 Component=ngl-lib_NglAppLib ErrorID=255 Description="GetLatestNglProfile Status: Unlicensed apps are denied to reach out to COPS if there is no user signed in"
SessionID=e8bcd962-3f43-4da2-a183-504b9cf9e501.1743590375116 Timestamp=2025-04-02T12:39:36:266+0200 ThreadID=17792 Component=ngl-lib_NglController Description="ProcessV2Profile: mIsTempLicense=0"
SessionID=e8bcd962-3f43-4da2-a183-504b9cf9e501.1743590375116 Timestamp=2025-04-02T12:39:36:273+0200 ThreadID=17792 Component=ngl-lib_NglController Description="ProcessV2Profile: request id: 2 api: 0 call-status: 255 profile-status: 403 sequence: initial workflow?: no spinner?: no"
SessionID=e8bcd962-3f43-4da2-a183-504b9cf9e501.1743590375116 Timestamp=2025-04-02T12:39:36:282+0200 ThreadID=17792 Component=ngl-lib_NglController Description="HandleV2Response: Cannot handle undefined response (request 2 type 9 status 403 sequence initial)"
SessionID=e8bcd962-3f43-4da2-a183-504b9cf9e501.1743590375116 Timestamp=2025-04-02T12:39:36:290+0200 ThreadID=17792 Component=ngl-lib_NglController Description="ProcessV2Profile: request id: 2 api: 0 call-status: 255 profile-status: 403 sequence: initial workflow?: no spinner?: no"
SessionID=e8bcd962-3f43-4da2-a183-504b9cf9e501.1743590375116 Timestamp=2025-04-02T12:39:36:299+0200 ThreadID=17792 Component=ngl-lib_NglController Description="ProcessV2Profile: Initial profile fetch failed, use cached profile"
SessionID=e8bcd962-3f43-4da2-a183-504b9cf9e501.1743590375116 Timestamp=2025-04-02T12:39:36:309+0200 ThreadID=17728 Component=ngl-lib_FileHandlingUtilsWithLocking Description="ReadFile: Failed with os error code: 2 reason: No such file or directory"
SessionID=e8bcd962-3f43-4da2-a183-504b9cf9e501.1743590375116 Timestamp=2025-04-02T12:39:36:317+0200 ThreadID=17728 Component=ngl-lib_DataStorageFs Description="GetItemFromFsStorageImpl: key: Username; status: 8 OsErrorCode: 2"
SessionID=e8bcd962-3f43-4da2-a183-504b9cf9e501.1743590375116 Timestamp=2025-04-02T12:39:36:325+0200 ThreadID=17728 Component=ngl-lib_HttpRestConnectorForGet Description="SendHttpRequestSync: Request about to start"
SessionID=e8bcd962-3f43-4da2-a183-504b9cf9e501.1743590375116 Timestamp=2025-04-02T12:39:36:333+0200 ThreadID=17792 Component=ngl-lib_NglController Description="ProcessV2Profile: Initial profile failure: licensed from cache (profile status 403)"
SessionID=e8bcd962-3f43-4da2-a183-504b9cf9e501.1743590375116 Timestamp=2025-04-02T12:39:36:342+0200 ThreadID=17792 Component=ngl-lib_NglController Description="LogCurrentUser: Cached UserID=0"
SessionID=e8bcd962-3f43-4da2-a183-504b9cf9e501.1743590375116 Timestamp=2025-04-02T12:39:36:349+0200 ThreadID=17728 Component=ngl-lib_HttpRestConnectorForGet Description="SendHttpRequestASyncCallInternal detected Windows version >= 8.1, using auto proxy settings"
SessionID=e8bcd962-3f43-4da2-a183-504b9cf9e501.1743590375116 Timestamp=2025-04-02T12:39:36:361+0200 ThreadID=17792 Component=ngl-lib_NglController Description="NotifyData: request id: 2 api: 0"
SessionID=e8bcd962-3f43-4da2-a183-504b9cf9e501.1743590375116 Timestamp=2025-04-02T12:39:36:369+0200 ThreadID=17728 Component=ngl-lib_HttpRestConnectorForGet Description="SendHttpRequestASyncCallInternal: Calling endpoint https://p13n.adobe.io/fg/api/v2/feature"
SessionID=e8bcd962-3f43-4da2-a183-504b9cf9e501.1743590375116 Timestamp=2025-04-02T12:39:36:378+0200 ThreadID=17792 Component=ngl-lib_NglController Description="GetProfile: request 2 recieved"
SessionID=e8bcd962-3f43-4da2-a183-504b9cf9e501.1743590375116 Timestamp=2025-04-02T12:39:36:387+0200 ThreadID=17792 Component=ngl-lib_NglController Description="GetProfile: request 2 returned status 403"
SessionID=e8bcd962-3f43-4da2-a183-504b9cf9e501.1743590375116 Timestamp=2025-04-02T12:39:36:397+0200 ThreadID=17792 Component=ngl-lib_NglSDKInterface Description="SetLatestProfileDataId: invoked with id: 2"
SessionID=e8bcd962-3f43-4da2-a183-504b9cf9e501.1743590375116 Timestamp=2025-04-02T12:39:36:406+0200 ThreadID=17792 Component=ngl-lib_NglController Description="StartRecurringAuthAndProfileChecks: invoked already"
SessionID=e8bcd962-3f43-4da2-a183-504b9cf9e501.1743590375116 Timestamp=2025-04-02T12:39:36:415+0200 ThreadID=17792 Component=ngl-lib_NglController Description="EnableProfileRefresh: invoked"
SessionID=e8bcd962-3f43-4da2-a183-504b9cf9e501.1743590375116 Timestamp=2025-04-02T12:39:36:423+0200 ThreadID=18000 Component=ngl-lib_NglController Description="GetProxyCredentials: invoked"
SessionID=e8bcd962-3f43-4da2-a183-504b9cf9e501.1743590375116 Timestamp=2025-04-02T12:39:36:432+0200 ThreadID=17788 Component=ngl-lib_HttpRestConnectorForPost Description="OnCallBack: Received response with status 200"
SessionID=e8bcd962-3f43-4da2-a183-504b9cf9e501.1743590375116 Timestamp=2025-04-02T12:39:36:440+0200 ThreadID=18000 Component=ngl-lib_DataStorage Description="GetLastModifiedTime error 1168 data not found in storage."
SessionID=e8bcd962-3f43-4da2-a183-504b9cf9e501.1743590375116 Timestamp=2025-04-02T12:39:36:449+0200 ThreadID=18000 Component=ngl-lib_FileHandlingUtilsWithLocking Description="ReadFile: Failed with os error code: 2 reason: No such file or directory"
SessionID=e8bcd962-3f43-4da2-a183-504b9cf9e501.1743590375116 Timestamp=2025-04-02T12:39:36:457+0200 ThreadID=18000 Component=ngl-lib_DataStorageFs Description="GetItemFromFsStorageImpl: key: Username; status: 8 OsErrorCode: 2"
SessionID=e8bcd962-3f43-4da2-a183-504b9cf9e501.1743590375116 Timestamp=2025-04-02T12:39:36:467+0200 ThreadID=18000 Component=ngl-lib_NglCommonLib Description="GetProxyCredentials - returned with : SecureStorageStatus:8 & NglStatusCode:242"
SessionID=e8bcd962-3f43-4da2-a183-504b9cf9e501.1743590375116 Timestamp=2025-04-02T12:39:36:480+0200 ThreadID=18176 Component=ngl-lib_HttpRestConnectorForPost Description="SendHttpRequestSync: Request complete, received status 0"
SessionID=e8bcd962-3f43-4da2-a183-504b9cf9e501.1743590375116 Timestamp=2025-04-02T12:39:36:492+0200 ThreadID=18176 Component=ngl-lib_FileHandlingUtilsWithLocking Description="ReadFile: Failed with os error code: 2 reason: No such file or directory"
SessionID=e8bcd962-3f43-4da2-a183-504b9cf9e501.1743590375116 Timestamp=2025-04-02T12:39:36:502+0200 ThreadID=18176 Component=ngl-lib_NglIngestManager Description="ProcessNglIngestEvents : Sent OPMPD event."
SessionID=e8bcd962-3f43-4da2-a183-504b9cf9e501.1743590375116 Timestamp=2025-04-02T12:39:36:514+0200 ThreadID=18176 Component=ngl-lib_FileHandlingUtilsWithLocking Description="ReadFile: Failed with os error code: 2 reason: No such file or directory"
SessionID=e8bcd962-3f43-4da2-a183-504b9cf9e501.1743590375116 Timestamp=2025-04-02T12:39:36:534+0200 ThreadID=18176 Component=ngl-lib_NglIngestManager Description="ProcessNglIngestEvents : Sent App OPMPD event."
SessionID=e8bcd962-3f43-4da2-a183-504b9cf9e501.1743590375116 Timestamp=2025-04-02T12:39:36:544+0200 ThreadID=18176 Component=ngl-lib_NglIngestStorageEvent Description="GetEventInfoJson : Error - Ingest Guid:d33c27bd-c582-4f38-b973-66b2de96a544 SubCategory:WebViewStatus StatusCode:0 OsErrorCode:0"
SessionID=e8bcd962-3f43-4da2-a183-504b9cf9e501.1743590375116 Timestamp=2025-04-02T12:39:36:553+0200 ThreadID=18176 Component=ngl-lib_DataStorage Description="GetLastModifiedTime error 1168 data not found in storage."
SessionID=e8bcd962-3f43-4da2-a183-504b9cf9e501.1743590375116 Timestamp=2025-04-02T12:39:36:567+0200 ThreadID=18176 Component=ngl-lib_FileHandlingUtilsWithLocking Description="ReadFile: Failed with os error code: 2 reason: No such file or directory"
SessionID=e8bcd962-3f43-4da2-a183-504b9cf9e501.1743590375116 Timestamp=2025-04-02T12:39:36:581+0200 ThreadID=18176 Component=ngl-lib_DataStorageFs Description="GetItemFromFsStorageImpl: key: User DT; status: 8 OsErrorCode: 2"
SessionID=e8bcd962-3f43-4da2-a183-504b9cf9e501.1743590375116 Timestamp=2025-04-02T12:39:36:592+0200 ThreadID=18176 Component=ngl-lib_UserPrincipalDao Description="GetUserPrincipal failed in GetUserProfile, status: 8"
SessionID=e8bcd962-3f43-4da2-a183-504b9cf9e501.1743590375116 Timestamp=2025-04-02T12:39:36:602+0200 ThreadID=18176 Component=ngl-lib_NglIngestManager ErrorID=322 Description="GetAccessToken : Failed to fetch access token"
SessionID=e8bcd962-3f43-4da2-a183-504b9cf9e501.1743590375116 Timestamp=2025-04-02T12:39:36:611+0200 ThreadID=18176 Component=ngl-lib_DataStorage Description="GetLastModifiedTime error 1168 data not found in storage."
SessionID=e8bcd962-3f43-4da2-a183-504b9cf9e501.1743590375116 Timestamp=2025-04-02T12:39:36:625+0200 ThreadID=18176 Component=ngl-lib_FileHandlingUtilsWithLocking Description="ReadFile: Failed with os error code: 2 reason: No such file or directory"
SessionID=e8bcd962-3f43-4da2-a183-504b9cf9e501.1743590375116 Timestamp=2025-04-02T12:39:36:637+0200 ThreadID=18176 Component=ngl-lib_DataStorageFs Description="GetItemFromFsStorageImpl: key: Username; status: 8 OsErrorCode: 2"
SessionID=e8bcd962-3f43-4da2-a183-504b9cf9e501.1743590375116 Timestamp=2025-04-02T12:39:36:649+0200 ThreadID=18176 Component=ngl-lib_HttpRestConnectorForPost Description="SendHttpRequestSync: Request about to start"
SessionID=e8bcd962-3f43-4da2-a183-504b9cf9e501.1743590375116 Timestamp=2025-04-02T12:39:36:660+0200 ThreadID=18176 Component=ngl-lib_HttpRestConnectorForPost Description="SendHttpRequestASyncCallInternal detected Windows version >= 8.1, using auto proxy settings"
SessionID=e8bcd962-3f43-4da2-a183-504b9cf9e501.1743590375116 Timestamp=2025-04-02T12:39:36:674+0200 ThreadID=18176 Component=ngl-lib_HttpRestConnectorForPost Description="SendHttpRequestASyncCallInternal: Calling endpoint https://cc-api-data.adobe.io/ingest"
SessionID=e8bcd962-3f43-4da2-a183-504b9cf9e501.1743590375116 Timestamp=2025-04-02T12:39:36:734+0200 ThreadID=18172 Component=ngl-lib_HttpRestConnectorForGet Description="OnCallBack: Received response with status 200"
SessionID=e8bcd962-3f43-4da2-a183-504b9cf9e501.1743590375116 Timestamp=2025-04-02T12:39:36:747+0200 ThreadID=17728 Component=ngl-lib_HttpRestConnectorForGet Description="SendHttpRequestSync: Request complete, received status 0"
SessionID=e8bcd962-3f43-4da2-a183-504b9cf9e501.1743590375116 Timestamp=2025-04-02T12:39:36:759+0200 ThreadID=17728 Component=ngl-lib_NglFeatureManager Description="ProcessClientJson: client details for client ID Ngl_1_40 is empty"
SessionID=e8bcd962-3f43-4da2-a183-504b9cf9e501.1743590375116 Timestamp=2025-04-02T12:39:36:811+0200 ThreadID=17728 Component=ngl-lib_NglFeatureManager Description="ProcessClientJson: client details for client ID Ngl_CreativeCloud2 is empty"
SessionID=e8bcd962-3f43-4da2-a183-504b9cf9e501.1743590375116 Timestamp=2025-04-02T12:39:36:857+0200 ThreadID=17728 Component=ngl-lib_NglFeatureManager Description="UpdateFeatureFetchSSOFile: FS write status: 0 | OsErrorCode: 0 | OsErrorDesc: "
SessionID=e8bcd962-3f43-4da2-a183-504b9cf9e501.1743590375116 Timestamp=2025-04-02T12:39:36:867+0200 ThreadID=17728 Component=ngl-lib_NglFeatureManager Description="SaveFlagsToFs: Finished with status: 0 | OsErrorCode: 0 | OsErrorDesc: "
SessionID=e8bcd962-3f43-4da2-a183-504b9cf9e501.1743590375116 Timestamp=2025-04-02T12:39:36:877+0200 ThreadID=17728 Component=ngl-lib_NglFeatureManager Description="FetchFlagsFromFloodgate: HTTP call returned with HttpRequestStatus: 0 | HttpResponseCode: 200 | X-Request-Id:  npB9BFbMPTE7bR7dYchz5ECicOhHPQb1 | ReturnStatus: 0"
SessionID=e8bcd962-3f43-4da2-a183-504b9cf9e501.1743590375116 Timestamp=2025-04-02T12:39:36:889+0200 ThreadID=17732 Component=ngl-lib_SSOWatcher Description="ProcessSSOFileData: Feature flag fetch event detected"
SessionID=e8bcd962-3f43-4da2-a183-504b9cf9e501.1743590375116 Timestamp=2025-04-02T12:39:36:901+0200 ThreadID=18172 Component=ngl-lib_HttpRestConnectorForPost Description="OnCallBack: Received response with status 200"
SessionID=e8bcd962-3f43-4da2-a183-504b9cf9e501.1743590375116 Timestamp=2025-04-02T12:39:36:912+0200 ThreadID=17788 Component=ngl-lib_NglFeatureManager Description="GetFlagsFromFs: Finished with status: 0 | OsErrorCode: 0 | OsErrorDesc: "
SessionID=e8bcd962-3f43-4da2-a183-504b9cf9e501.1743590375116 Timestamp=2025-04-02T12:39:36:933+0200 ThreadID=17728 Component=ngl-lib_NglFeatureManager Description="FetchFlagsAsync : FetchFlags returned with status code: 0"
SessionID=e8bcd962-3f43-4da2-a183-504b9cf9e501.1743590375116 Timestamp=2025-04-02T12:39:36:955+0200 ThreadID=17788 Component=ngl-lib_NglFeatureManager Description="ProcessClientJson: client details for client ID Ngl_1_40 is empty"
SessionID=e8bcd962-3f43-4da2-a183-504b9cf9e501.1743590375116 Timestamp=2025-04-02T12:39:36:968+0200 ThreadID=17788 Component=ngl-lib_NglFeatureManager Description="ProcessClientJson: client details for client ID Ngl_CreativeCloud2 is empty"
SessionID=e8bcd962-3f43-4da2-a183-504b9cf9e501.1743590375116 Timestamp=2025-04-02T12:39:36:979+0200 ThreadID=17788 Component=ngl-lib_NglFeatureManager Description="UpdateFeatureFlagsFromFsAsync : UpdateFlags returned with status: 1"
SessionID=e8bcd962-3f43-4da2-a183-504b9cf9e501.1743590375116 Timestamp=2025-04-02T12:39:36:989+0200 ThreadID=18176 Component=ngl-lib_HttpRestConnectorForPost Description="SendHttpRequestSync: Request complete, received status 0"
SessionID=e8bcd962-3f43-4da2-a183-504b9cf9e501.1743590375116 Timestamp=2025-04-02T12:39:37:551+0200 ThreadID=10608 Component=ngl-lib_DataStorage Description="GetLastModifiedTime error 1168 data not found in storage."
SessionID=e8bcd962-3f43-4da2-a183-504b9cf9e501.1743590375116 Timestamp=2025-04-02T12:39:37:560+0200 ThreadID=10608 Component=ngl-lib_FileHandlingUtilsWithLocking Description="ReadFile: Failed with os error code: 2 reason: No such file or directory"
SessionID=e8bcd962-3f43-4da2-a183-504b9cf9e501.1743590375116 Timestamp=2025-04-02T12:39:37:570+0200 ThreadID=10608 Component=ngl-lib_DataStorageFs Description="GetItemFromFsStorageImpl: key: User DT; status: 8 OsErrorCode: 2"
SessionID=e8bcd962-3f43-4da2-a183-504b9cf9e501.1743590375116 Timestamp=2025-04-02T12:39:37:582+0200 ThreadID=10608 Component=ngl-lib_UserPrincipalDao Description="GetUserPrincipal failed in GetUserProfile, status: 8"
SessionID=e8bcd962-3f43-4da2-a183-504b9cf9e501.1743590375116 Timestamp=2025-04-02T12:39:37:594+0200 ThreadID=10608 Component=ngl-lib_NGLLibFactory Description="GetIdentifierForIMSInteraction: Genereated device token identifier is 4b3b42df-69de-432c-9cd3-949e4a0e9a99"
SessionID=e8bcd962-3f43-4da2-a183-504b9cf9e501.1743590375116 Timestamp=2025-04-02T12:39:37:681+0200 ThreadID=10608 Component=ngl-lib_DataStorage Description="GetLastModifiedTime error 1168 data not found in storage."
SessionID=e8bcd962-3f43-4da2-a183-504b9cf9e501.1743590375116 Timestamp=2025-04-02T12:39:37:712+0200 ThreadID=10608 Component=ngl-lib_FileHandlingUtilsWithLocking Description="ReadFile: Failed with os error code: 2 reason: No such file or directory"
SessionID=e8bcd962-3f43-4da2-a183-504b9cf9e501.1743590375116 Timestamp=2025-04-02T12:39:37:748+0200 ThreadID=10608 Component=ngl-lib_DataStorageFs Description="GetItemFromFsStorageImpl: key: User DT; status: 8 OsErrorCode: 2"
SessionID=e8bcd962-3f43-4da2-a183-504b9cf9e501.1743590375116 Timestamp=2025-04-02T12:39:37:769+0200 ThreadID=10608 Component=ngl-lib_UserPrincipalDao Description="GetUserPrincipal failed in GetUserProfile, status: 8"
SessionID=e8bcd962-3f43-4da2-a183-504b9cf9e501.1743590375116 Timestamp=2025-04-02T12:39:37:783+0200 ThreadID=10608 Component=ngl-lib_NglCommonLib Description="GetPrincipal - returned with NglStatusCode:218"
SessionID=e8bcd962-3f43-4da2-a183-504b9cf9e501.1743590375116 Timestamp=2025-04-02T12:39:37:799+0200 ThreadID=10608 Component=ngl-lib_NglAppLib ErrorID=218 Description="GetPrincipal Status: Data Not Found : Principal"
SessionID=e8bcd962-3f43-4da2-a183-504b9cf9e501.1743590375116 Timestamp=2025-04-02T12:39:37:817+0200 ThreadID=10608 Component=ngl-lib_NglController Description="HasDeviceToken: deviceToken is false"
SessionID=e8bcd962-3f43-4da2-a183-504b9cf9e501.1743590375116 Timestamp=2025-04-02T12:39:37:833+0200 ThreadID=10608 Component=ngl-lib_NglController Description="GetCurrentUserGuid: invoked"
SessionID=e8bcd962-3f43-4da2-a183-504b9cf9e501.1743590375116 Timestamp=2025-04-02T12:39:37:881+0200 ThreadID=12028 Component=ngl-lib_NglController Description="GetImsAuthInfoParamsString: invoked "
SessionID=e8bcd962-3f43-4da2-a183-504b9cf9e501.1743590375116 Timestamp=2025-04-02T12:39:37:897+0200 ThreadID=12028 Component=ngl-lib_NglController Description="ExecuteRequest: request id: 3 api: 12 data?: no workflow?: no"
SessionID=e8bcd962-3f43-4da2-a183-504b9cf9e501.1743590375116 Timestamp=2025-04-02T12:39:37:912+0200 ThreadID=18172 Component=ngl-lib_OSUtil Description="GetImsAuthInfoParamsFromDevice: finished with status 1, Registry read returned 1"
SessionID=e8bcd962-3f43-4da2-a183-504b9cf9e501.1743590375116 Timestamp=2025-04-02T12:39:37:924+0200 ThreadID=18172 Component=ngl-lib_NglController Description="operator () : Ims Auth Info Params not configured on device"
SessionID=e8bcd962-3f43-4da2-a183-504b9cf9e501.1743590375116 Timestamp=2025-04-02T12:39:37:953+0200 ThreadID=17828 Component=ngl-lib_DataStorage Description="GetLastModifiedTime error 1168 data not found in storage."
SessionID=e8bcd962-3f43-4da2-a183-504b9cf9e501.1743590375116 Timestamp=2025-04-02T12:39:37:966+0200 ThreadID=17828 Component=ngl-lib_FileHandlingUtilsWithLocking Description="ReadFile: Failed with os error code: 2 reason: No such file or directory"
SessionID=e8bcd962-3f43-4da2-a183-504b9cf9e501.1743590375116 Timestamp=2025-04-02T12:39:37:976+0200 ThreadID=17828 Component=ngl-lib_DataStorageFs Description="GetItemFromFsStorageImpl: key: User DT; status: 8 OsErrorCode: 2"
SessionID=e8bcd962-3f43-4da2-a183-504b9cf9e501.1743590375116 Timestamp=2025-04-02T12:39:37:988+0200 ThreadID=17828 Component=ngl-lib_UserPrincipalDao Description="GetUserPrincipal failed in GetUserProfile, status: 8"
SessionID=e8bcd962-3f43-4da2-a183-504b9cf9e501.1743590375116 Timestamp=2025-04-02T12:39:37:999+0200 ThreadID=17828 Component=ngl-lib_NglCommonLib Description="GetPrincipal - returned with NglStatusCode:218"
SessionID=e8bcd962-3f43-4da2-a183-504b9cf9e501.1743590375116 Timestamp=2025-04-02T12:39:38:007+0200 ThreadID=17828 Component=ngl-lib_NglAppLib ErrorID=218 Description="GetPrincipal Status: Data Not Found : Principal"
SessionID=e8bcd962-3f43-4da2-a183-504b9cf9e501.1743590375116 Timestamp=2025-04-02T12:39:38:018+0200 ThreadID=17828 Component=ngl-lib_NglController Description="HasDeviceToken: deviceToken is false"
SessionID=e8bcd962-3f43-4da2-a183-504b9cf9e501.1743590375116 Timestamp=2025-04-02T12:39:38:029+0200 ThreadID=17828 Component=ngl-lib_NglController Description="GetCurrentUserGuid: invoked"
SessionID=e8bcd962-3f43-4da2-a183-504b9cf9e501.1743590375116 Timestamp=2025-04-02T12:39:38:107+0200 ThreadID=13104 Component=ngl-lib_NglController Description="SignInWithoutSpinner: invoked"
SessionID=e8bcd962-3f43-4da2-a183-504b9cf9e501.1743590375116 Timestamp=2025-04-02T12:39:38:126+0200 ThreadID=13104 Component=ngl-lib_NglController Description="ExecuteRequest: request id: 4 api: 0 data?: no workflow?: no"
SessionID=e8bcd962-3f43-4da2-a183-504b9cf9e501.1743590375116 Timestamp=2025-04-02T12:39:38:136+0200 ThreadID=18172 Component=ngl-lib_NUSecureProfileFetcher Description="GetDeviceTokenAndProfile : invoked"
SessionID=e8bcd962-3f43-4da2-a183-504b9cf9e501.1743590375116 Timestamp=2025-04-02T12:39:38:149+0200 ThreadID=18172 Component=ngl-lib_DataStorage Description="GetLastModifiedTime error 1168 data not found in storage."
SessionID=e8bcd962-3f43-4da2-a183-504b9cf9e501.1743590375116 Timestamp=2025-04-02T12:39:38:158+0200 ThreadID=18172 Component=ngl-lib_FileHandlingUtilsWithLocking Description="ReadFile: Failed with os error code: 2 reason: No such file or directory"
SessionID=e8bcd962-3f43-4da2-a183-504b9cf9e501.1743590375116 Timestamp=2025-04-02T12:39:38:171+0200 ThreadID=18172 Component=ngl-lib_DataStorageFs Description="GetItemFromFsStorageImpl: key: User DT; status: 8 OsErrorCode: 2"
SessionID=e8bcd962-3f43-4da2-a183-504b9cf9e501.1743590375116 Timestamp=2025-04-02T12:39:38:182+0200 ThreadID=18172 Component=ngl-lib_UserPrincipalDao Description="GetUserPrincipal failed in GetUserProfile, status: 8"
SessionID=e8bcd962-3f43-4da2-a183-504b9cf9e501.1743590375116 Timestamp=2025-04-02T12:39:38:192+0200 ThreadID=18172 Component=ngl-lib_NUSecureProfileFetcher Description="GetDeviceTokenAndProfile : SignIn triggered - Routed to Unauthenticated call to get SUSI (principal not found)"
SessionID=e8bcd962-3f43-4da2-a183-504b9cf9e501.1743590375116 Timestamp=2025-04-02T12:39:38:204+0200 ThreadID=18172 Component=ngl-lib_DataStorage Description="GetFromUserCredMgrStorage error 1168 data not found in storage."
SessionID=e8bcd962-3f43-4da2-a183-504b9cf9e501.1743590375116 Timestamp=2025-04-02T12:39:38:216+0200 ThreadID=18172 Component=ngl-lib_DataStorage Description="GetFromUserCredMgrStorage error 1168 data not found in storage."
SessionID=e8bcd962-3f43-4da2-a183-504b9cf9e501.1743590375116 Timestamp=2025-04-02T12:39:38:226+0200 ThreadID=18172 Component=ngl-lib_NUSecureProfileDao Description="GetSecureProfile : ASNP and prefetched ASNP not found"
SessionID=e8bcd962-3f43-4da2-a183-504b9cf9e501.1743590375116 Timestamp=2025-04-02T12:39:38:237+0200 ThreadID=18172 Component=ngl-lib_DataStorage Description="GetLastModifiedTime error 1168 data not found in storage."
SessionID=e8bcd962-3f43-4da2-a183-504b9cf9e501.1743590375116 Timestamp=2025-04-02T12:39:38:246+0200 ThreadID=18172 Component=ngl-lib_FileHandlingUtilsWithLocking Description="ReadFile: Failed with os error code: 2 reason: No such file or directory"
SessionID=e8bcd962-3f43-4da2-a183-504b9cf9e501.1743590375116 Timestamp=2025-04-02T12:39:38:254+0200 ThreadID=18172 Component=ngl-lib_DataStorageFs Description="GetItemFromFsStorageImpl: key: User DT; status: 8 OsErrorCode: 2"
SessionID=e8bcd962-3f43-4da2-a183-504b9cf9e501.1743590375116 Timestamp=2025-04-02T12:39:38:267+0200 ThreadID=18172 Component=ngl-lib_UserPrincipalDao Description="GetUserPrincipal failed in GetUserProfile, status: 8"
SessionID=e8bcd962-3f43-4da2-a183-504b9cf9e501.1743590375116 Timestamp=2025-04-02T12:39:38:279+0200 ThreadID=18172 Component=ngl-lib_OSUtil Description="GetImsAuthInfoParamsFromDevice: finished with status 1, Registry read returned 1"
SessionID=e8bcd962-3f43-4da2-a183-504b9cf9e501.1743590375116 Timestamp=2025-04-02T12:39:38:291+0200 ThreadID=18172 Component=ngl-lib_DataStorage Description="GetLastModifiedTime error 1168 data not found in storage."
SessionID=e8bcd962-3f43-4da2-a183-504b9cf9e501.1743590375116 Timestamp=2025-04-02T12:39:38:302+0200 ThreadID=18172 Component=ngl-lib_FileHandlingUtilsWithLocking Description="ReadFile: Failed with os error code: 2 reason: No such file or directory"
SessionID=e8bcd962-3f43-4da2-a183-504b9cf9e501.1743590375116 Timestamp=2025-04-02T12:39:38:312+0200 ThreadID=18172 Component=ngl-lib_DataStorageFs Description="GetItemFromFsStorageImpl: key: Username; status: 8 OsErrorCode: 2"
SessionID=e8bcd962-3f43-4da2-a183-504b9cf9e501.1743590375116 Timestamp=2025-04-02T12:39:38:321+0200 ThreadID=18172 Component=ngl-lib_COPWebAPIConnector Description="FetchSPAndWorkflow: Fetching Information for User : Req-Id-4f29be15-37fa-4e1c-bc82-e432c80bfa93"
SessionID=e8bcd962-3f43-4da2-a183-504b9cf9e501.1743590375116 Timestamp=2025-04-02T12:39:38:329+0200 ThreadID=18172 Component=ngl-lib_HttpRestConnectorForPost Description="SendHttpRequestSync: Request about to start"
SessionID=e8bcd962-3f43-4da2-a183-504b9cf9e501.1743590375116 Timestamp=2025-04-02T12:39:38:339+0200 ThreadID=18172 Component=ngl-lib_HttpRestConnectorForPost Description="SendHttpRequestASyncCallInternal detected Windows version >= 8.1, using auto proxy settings"
SessionID=e8bcd962-3f43-4da2-a183-504b9cf9e501.1743590375116 Timestamp=2025-04-02T12:39:38:352+0200 ThreadID=18172 Component=ngl-lib_HttpRestConnectorForPost Description="SendHttpRequestASyncCallInternal: Calling endpoint https://lcs-cops.adobe.io/asnp/unlicensed/jwt/v1"
SessionID=e8bcd962-3f43-4da2-a183-504b9cf9e501.1743590375116 Timestamp=2025-04-02T12:39:38:574+0200 ThreadID=17784 Component=ngl-lib_HttpRestConnectorForPost Description="OnCallBack: Received response with status 200"
SessionID=e8bcd962-3f43-4da2-a183-504b9cf9e501.1743590375116 Timestamp=2025-04-02T12:39:38:586+0200 ThreadID=18172 Component=ngl-lib_HttpRestConnectorForPost Description="SendHttpRequestSync: Request complete, received status 0"
SessionID=e8bcd962-3f43-4da2-a183-504b9cf9e501.1743590375116 Timestamp=2025-04-02T12:39:38:594+0200 ThreadID=18172 Component=ngl-lib_COPWebAPIConnector Description="FetchSPAndWorkflow: X-Request-Id:  Req-Id-4f29be15-37fa-4e1c-bc82-e432c80bfa93"
SessionID=e8bcd962-3f43-4da2-a183-504b9cf9e501.1743590375116 Timestamp=2025-04-02T12:39:38:602+0200 ThreadID=18172 Component=ngl-lib_COPWebAPIConnector Description="FetchSPAndWorkflow: X-NGL-Desktop-ASNP-Flags: "
SessionID=e8bcd962-3f43-4da2-a183-504b9cf9e501.1743590375116 Timestamp=2025-04-02T12:39:38:618+0200 ThreadID=18176 Component=ngl-lib_DataStorage Description="GetLastModifiedTime error 1168 data not found in storage."
SessionID=e8bcd962-3f43-4da2-a183-504b9cf9e501.1743590375116 Timestamp=2025-04-02T12:39:38:628+0200 ThreadID=18172 Component=ngl-lib_SPVerifier Description="IsValidSignedProfile: Signature verification success"
SessionID=e8bcd962-3f43-4da2-a183-504b9cf9e501.1743590375116 Timestamp=2025-04-02T12:39:38:639+0200 ThreadID=18176 Component=ngl-lib_FileHandlingUtilsWithLocking Description="ReadFile: Failed with os error code: 2 reason: No such file or directory"
SessionID=e8bcd962-3f43-4da2-a183-504b9cf9e501.1743590375116 Timestamp=2025-04-02T12:39:38:652+0200 ThreadID=18176 Component=ngl-lib_DataStorageFs Description="GetItemFromFsStorageImpl: key: User DT; status: 8 OsErrorCode: 2"
SessionID=e8bcd962-3f43-4da2-a183-504b9cf9e501.1743590375116 Timestamp=2025-04-02T12:39:38:666+0200 ThreadID=18176 Component=ngl-lib_UserPrincipalDao Description="GetUserPrincipal failed in GetUserProfile, status: 8"
SessionID=e8bcd962-3f43-4da2-a183-504b9cf9e501.1743590375116 Timestamp=2025-04-02T12:39:38:681+0200 ThreadID=18176 Component=ngl-lib_NglIngestManager ErrorID=322 Description="GetAccessToken : Failed to fetch access token"
SessionID=e8bcd962-3f43-4da2-a183-504b9cf9e501.1743590375116 Timestamp=2025-04-02T12:39:38:694+0200 ThreadID=18176 Component=ngl-lib_DataStorage Description="GetLastModifiedTime error 1168 data not found in storage."
SessionID=e8bcd962-3f43-4da2-a183-504b9cf9e501.1743590375116 Timestamp=2025-04-02T12:39:38:703+0200 ThreadID=18172 Component=ngl-lib_ServerConfiguredControlProfile Description="SetKeychainRouteToNGLU: setting mKeychainRouteToNGLU = 0 "
SessionID=e8bcd962-3f43-4da2-a183-504b9cf9e501.1743590375116 Timestamp=2025-04-02T12:39:38:713+0200 ThreadID=18176 Component=ngl-lib_FileHandlingUtilsWithLocking Description="ReadFile: Failed with os error code: 2 reason: No such file or directory"
SessionID=e8bcd962-3f43-4da2-a183-504b9cf9e501.1743590375116 Timestamp=2025-04-02T12:39:38:724+0200 ThreadID=18176 Component=ngl-lib_DataStorageFs Description="GetItemFromFsStorageImpl: key: Username; status: 8 OsErrorCode: 2"
SessionID=e8bcd962-3f43-4da2-a183-504b9cf9e501.1743590375116 Timestamp=2025-04-02T12:39:38:734+0200 ThreadID=18176 Component=ngl-lib_HttpRestConnectorForPost Description="SendHttpRequestSync: Request about to start"
SessionID=e8bcd962-3f43-4da2-a183-504b9cf9e501.1743590375116 Timestamp=2025-04-02T12:39:38:743+0200 ThreadID=18172 Component=ngl-lib_InMemoryStorage Description="SetASNP  Setting onLocalSignout as it does have a valid value, before - 10 , now - 408"
SessionID=e8bcd962-3f43-4da2-a183-504b9cf9e501.1743590375116 Timestamp=2025-04-02T12:39:38:751+0200 ThreadID=18176 Component=ngl-lib_HttpRestConnectorForPost Description="SendHttpRequestASyncCallInternal detected Windows version >= 8.1, using auto proxy settings"
SessionID=e8bcd962-3f43-4da2-a183-504b9cf9e501.1743590375116 Timestamp=2025-04-02T12:39:38:761+0200 ThreadID=18172 Component=ngl-lib_NUSecureProfileDao Description="DeleteSecureProfile : invoked"
SessionID=e8bcd962-3f43-4da2-a183-504b9cf9e501.1743590375116 Timestamp=2025-04-02T12:39:38:771+0200 ThreadID=18176 Component=ngl-lib_HttpRestConnectorForPost Description="SendHttpRequestASyncCallInternal: Calling endpoint https://cc-api-data.adobe.io/ingest"
SessionID=e8bcd962-3f43-4da2-a183-504b9cf9e501.1743590375116 Timestamp=2025-04-02T12:39:38:779+0200 ThreadID=18172 Component=ngl-lib_DataStorage Description="DeleteFromUserCredMgrStorage error 1168 data not found in storage."
SessionID=e8bcd962-3f43-4da2-a183-504b9cf9e501.1743590375116 Timestamp=2025-04-02T12:39:38:786+0200 ThreadID=18172 Component=ngl-lib_DataStorage Description="DeleteFromUserCredMgrStorage error 1168 data not found in storage."
SessionID=e8bcd962-3f43-4da2-a183-504b9cf9e501.1743590375116 Timestamp=2025-04-02T12:39:38:795+0200 ThreadID=18172 Component=ngl-lib_NglAppLib ErrorID=403 Description="GetLatestNglProfile Status: NGL Profile Unavailable"
SessionID=e8bcd962-3f43-4da2-a183-504b9cf9e501.1743590375116 Timestamp=2025-04-02T12:39:38:803+0200 ThreadID=18172 Component=ngl-lib_NglController Description="ProcessV2Profile: mIsTempLicense=0"
SessionID=e8bcd962-3f43-4da2-a183-504b9cf9e501.1743590375116 Timestamp=2025-04-02T12:39:38:810+0200 ThreadID=18172 Component=ngl-lib_NglController Description="ProcessV2Profile: request id: 4 api: 0 call-status: 403 profile-status: 403 sequence: subsequent workflow?: yes spinner?: no"
SessionID=e8bcd962-3f43-4da2-a183-504b9cf9e501.1743590375116 Timestamp=2025-04-02T12:39:38:818+0200 ThreadID=18172 Component=ngl-lib_NglController Description="ProcessV2Profile: Update refresh interval to 604800000 "
SessionID=e8bcd962-3f43-4da2-a183-504b9cf9e501.1743590375116 Timestamp=2025-04-02T12:39:38:825+0200 ThreadID=18172 Component=ngl-lib_NglController Description="HandleV2Response: Handle NUL response (request 4 type 0 status 403 sequence subsequent)"
SessionID=e8bcd962-3f43-4da2-a183-504b9cf9e501.1743590375116 Timestamp=2025-04-02T12:39:38:835+0200 ThreadID=18172 Component=ngl-lib_NglController Description="NotifyWorkflow: request id: 4 api: 0 spinner?: no"
SessionID=e8bcd962-3f43-4da2-a183-504b9cf9e501.1743590375116 Timestamp=2025-04-02T12:39:38:843+0200 ThreadID=18172 Component=ngl-lib_NglController Description="GetWorkflow: invoked for request id 4"
SessionID=e8bcd962-3f43-4da2-a183-504b9cf9e501.1743590375116 Timestamp=2025-04-02T12:39:38:850+0200 ThreadID=18172 Component=ngl-lib_NglController Description="NotifyWorkflowBeforeData: Notifying a workflow since its a headed app"
SessionID=e8bcd962-3f43-4da2-a183-504b9cf9e501.1743590375116 Timestamp=2025-04-02T12:39:38:859+0200 ThreadID=18172 Component=ngl-lib_NglController Description="DisableProfileRefresh: invoked"
SessionID=e8bcd962-3f43-4da2-a183-504b9cf9e501.1743590375116 Timestamp=2025-04-02T12:39:38:869+0200 ThreadID=1756 Component=ngl-lib_DataStorage Description="GetLastModifiedTime error 1168 data not found in storage."
SessionID=e8bcd962-3f43-4da2-a183-504b9cf9e501.1743590375116 Timestamp=2025-04-02T12:39:38:876+0200 ThreadID=18172 Component=ngl-lib_NglController Description="ProcessV2Profile: handler succeeded (latest profile status 403)"
SessionID=e8bcd962-3f43-4da2-a183-504b9cf9e501.1743590375116 Timestamp=2025-04-02T12:39:38:885+0200 ThreadID=1756 Component=ngl-lib_FileHandlingUtilsWithLocking Description="ReadFile: Failed with os error code: 2 reason: No such file or directory"
SessionID=e8bcd962-3f43-4da2-a183-504b9cf9e501.1743590375116 Timestamp=2025-04-02T12:39:38:891+0200 ThreadID=1756 Component=ngl-lib_DataStorageFs Description="GetItemFromFsStorageImpl: key: User DT; status: 8 OsErrorCode: 2"
SessionID=e8bcd962-3f43-4da2-a183-504b9cf9e501.1743590375116 Timestamp=2025-04-02T12:39:38:900+0200 ThreadID=1756 Component=ngl-lib_UserPrincipalDao Description="GetUserPrincipal failed in GetUserProfile, status: 8"
SessionID=e8bcd962-3f43-4da2-a183-504b9cf9e501.1743590375116 Timestamp=2025-04-02T12:39:38:908+0200 ThreadID=1756 Component=ngl-lib_NglCommonLib Description="GetPrincipal - returned with NglStatusCode:218"
SessionID=e8bcd962-3f43-4da2-a183-504b9cf9e501.1743590375116 Timestamp=2025-04-02T12:39:38:917+0200 ThreadID=1756 Component=ngl-lib_NglAppLib ErrorID=218 Description="GetPrincipal Status: Data Not Found : Principal"
SessionID=e8bcd962-3f43-4da2-a183-504b9cf9e501.1743590375116 Timestamp=2025-04-02T12:39:38:925+0200 ThreadID=1756 Component=ngl-lib_NglController Description="HasDeviceToken: deviceToken is false"
SessionID=e8bcd962-3f43-4da2-a183-504b9cf9e501.1743590375116 Timestamp=2025-04-02T12:39:38:933+0200 ThreadID=18172 Component=ngl-lib_HttpRestConnectorForPost Description="OnCallBack: Received response with status 200"
SessionID=e8bcd962-3f43-4da2-a183-504b9cf9e501.1743590375116 Timestamp=2025-04-02T12:39:38:941+0200 ThreadID=5088 Component=ngl-lib_DataStorage Description="GetLastModifiedTime error 1168 data not found in storage."
SessionID=e8bcd962-3f43-4da2-a183-504b9cf9e501.1743590375116 Timestamp=2025-04-02T12:39:38:948+0200 ThreadID=5088 Component=ngl-lib_FileHandlingUtilsWithLocking Description="ReadFile: Failed with os error code: 2 reason: No such file or directory"
SessionID=e8bcd962-3f43-4da2-a183-504b9cf9e501.1743590375116 Timestamp=2025-04-02T12:39:38:956+0200 ThreadID=5088 Component=ngl-lib_DataStorageFs Description="GetItemFromFsStorageImpl: key: User DT; status: 8 OsErrorCode: 2"
SessionID=e8bcd962-3f43-4da2-a183-504b9cf9e501.1743590375116 Timestamp=2025-04-02T12:39:38:964+0200 ThreadID=18176 Component=ngl-lib_HttpRestConnectorForPost Description="SendHttpRequestSync: Request complete, received status 0"
SessionID=e8bcd962-3f43-4da2-a183-504b9cf9e501.1743590375116 Timestamp=2025-04-02T12:39:38:971+0200 ThreadID=5088 Component=ngl-lib_UserPrincipalDao Description="GetUserPrincipal failed in GetUserProfile, status: 8"
SessionID=e8bcd962-3f43-4da2-a183-504b9cf9e501.1743590375116 Timestamp=2025-04-02T12:39:38:977+0200 ThreadID=5088 Component=ngl-lib_NglCommonLib Description="GetPrincipal - returned with NglStatusCode:218"
SessionID=e8bcd962-3f43-4da2-a183-504b9cf9e501.1743590375116 Timestamp=2025-04-02T12:39:38:984+0200 ThreadID=5088 Component=ngl-lib_NglAppLib ErrorID=218 Description="GetPrincipal Status: Data Not Found : Principal"
SessionID=e8bcd962-3f43-4da2-a183-504b9cf9e501.1743590375116 Timestamp=2025-04-02T12:39:38:990+0200 ThreadID=5088 Component=ngl-lib_NglController Description="HasDeviceToken: deviceToken is false"
SessionID=e8bcd962-3f43-4da2-a183-504b9cf9e501.1743590375116 Timestamp=2025-04-02T12:39:38:999+0200 ThreadID=1756 Component=ngl-lib_NglController Description="GetCurrentUserGuid: invoked"
SessionID=e8bcd962-3f43-4da2-a183-504b9cf9e501.1743590375116 Timestamp=2025-04-02T12:39:39:008+0200 ThreadID=5088 Component=ngl-lib_NglController Description="GetCurrentUserGuid: invoked"
SessionID=e8bcd962-3f43-4da2-a183-504b9cf9e501.1743590375116 Timestamp=2025-04-02T12:39:39:019+0200 ThreadID=5088 Component=ngl-lib_DataStorage Description="GetLastModifiedTime error 1168 data not found in storage."
SessionID=e8bcd962-3f43-4da2-a183-504b9cf9e501.1743590375116 Timestamp=2025-04-02T12:39:39:026+0200 ThreadID=5088 Component=ngl-lib_FileHandlingUtilsWithLocking Description="ReadFile: Failed with os error code: 2 reason: No such file or directory"
SessionID=e8bcd962-3f43-4da2-a183-504b9cf9e501.1743590375116 Timestamp=2025-04-02T12:39:39:033+0200 ThreadID=5088 Component=ngl-lib_DataStorageFs Description="GetItemFromFsStorageImpl: key: User DT; status: 8 OsErrorCode: 2"
SessionID=e8bcd962-3f43-4da2-a183-504b9cf9e501.1743590375116 Timestamp=2025-04-02T12:39:39:043+0200 ThreadID=5088 Component=ngl-lib_UserPrincipalDao Description="GetUserPrincipal failed in GetUserProfile, status: 8"
SessionID=e8bcd962-3f43-4da2-a183-504b9cf9e501.1743590375116 Timestamp=2025-04-02T12:39:39:343+0200 ThreadID=18208 Component=ngl-lib_DataStorage Description="GetLastModifiedTime error 1168 data not found in storage."
SessionID=e8bcd962-3f43-4da2-a183-504b9cf9e501.1743590375116 Timestamp=2025-04-02T12:39:39:355+0200 ThreadID=18208 Component=ngl-lib_FileHandlingUtilsWithLocking Description="ReadFile: Failed with os error code: 2 reason: No such file or directory"
SessionID=e8bcd962-3f43-4da2-a183-504b9cf9e501.1743590375116 Timestamp=2025-04-02T12:39:39:369+0200 ThreadID=18208 Component=ngl-lib_DataStorageFs Description="GetItemFromFsStorageImpl: key: User DT; status: 8 OsErrorCode: 2"
SessionID=e8bcd962-3f43-4da2-a183-504b9cf9e501.1743590375116 Timestamp=2025-04-02T12:39:39:398+0200 ThreadID=18208 Component=ngl-lib_UserPrincipalDao Description="GetUserPrincipal failed in GetUserProfile, status: 8"
SessionID=e8bcd962-3f43-4da2-a183-504b9cf9e501.1743590375116 Timestamp=2025-04-02T12:39:39:405+0200 ThreadID=18208 Component=ngl-lib_NglCommonLib Description="GetPrincipal - returned with NglStatusCode:218"
SessionID=e8bcd962-3f43-4da2-a183-504b9cf9e501.1743590375116 Timestamp=2025-04-02T12:39:39:418+0200 ThreadID=18208 Component=ngl-lib_NglAppLib ErrorID=218 Description="GetPrincipal Status: Data Not Found : Principal"
SessionID=e8bcd962-3f43-4da2-a183-504b9cf9e501.1743590375116 Timestamp=2025-04-02T12:39:39:425+0200 ThreadID=18208 Component=ngl-lib_NglController Description="HasDeviceToken: deviceToken is false"
SessionID=e8bcd962-3f43-4da2-a183-504b9cf9e501.1743590375116 Timestamp=2025-04-02T12:39:39:436+0200 ThreadID=18208 Component=ngl-lib_NglController Description="GetCurrentUserGuid: invoked"
SessionID=e8bcd962-3f43-4da2-a183-504b9cf9e501.1743590375116 Timestamp=2025-04-02T12:39:39:447+0200 ThreadID=10608 Component=ngl-lib_DataStorage Description="GetLastModifiedTime error 1168 data not found in storage."
SessionID=e8bcd962-3f43-4da2-a183-504b9cf9e501.1743590375116 Timestamp=2025-04-02T12:39:39:454+0200 ThreadID=10608 Component=ngl-lib_FileHandlingUtilsWithLocking Description="ReadFile: Failed with os error code: 2 reason: No such file or directory"
SessionID=e8bcd962-3f43-4da2-a183-504b9cf9e501.1743590375116 Timestamp=2025-04-02T12:39:39:464+0200 ThreadID=10608 Component=ngl-lib_DataStorageFs Description="GetItemFromFsStorageImpl: key: User DT; status: 8 OsErrorCode: 2"
SessionID=e8bcd962-3f43-4da2-a183-504b9cf9e501.1743590375116 Timestamp=2025-04-02T12:39:39:471+0200 ThreadID=10608 Component=ngl-lib_UserPrincipalDao Description="GetUserPrincipal failed in GetUserProfile, status: 8"
SessionID=e8bcd962-3f43-4da2-a183-504b9cf9e501.1743590375116 Timestamp=2025-04-02T12:39:39:484+0200 ThreadID=10608 Component=ngl-lib_NglCommonLib Description="GetPrincipal - returned with NglStatusCode:218"
SessionID=e8bcd962-3f43-4da2-a183-504b9cf9e501.1743590375116 Timestamp=2025-04-02T12:39:39:493+0200 ThreadID=10608 Component=ngl-lib_NglAppLib ErrorID=218 Description="GetPrincipal Status: Data Not Found : Principal"
SessionID=e8bcd962-3f43-4da2-a183-504b9cf9e501.1743590375116 Timestamp=2025-04-02T12:39:39:504+0200 ThreadID=10608 Component=ngl-lib_NglController Description="HasDeviceToken: deviceToken is false"
SessionID=e8bcd962-3f43-4da2-a183-504b9cf9e501.1743590375116 Timestamp=2025-04-02T12:39:39:514+0200 ThreadID=10608 Component=ngl-lib_NglController Description="GetCurrentUserGuid: invoked"
SessionID=e8bcd962-3f43-4da2-a183-504b9cf9e501.1743590375116 Timestamp=2025-04-02T12:44:38:989+0200 ThreadID=18176 Component=ngl-lib_DataStorage Description="GetLastModifiedTime error 1168 data not found in storage."
SessionID=e8bcd962-3f43-4da2-a183-504b9cf9e501.1743590375116 Timestamp=2025-04-02T12:44:38:996+0200 ThreadID=18176 Component=ngl-lib_FileHandlingUtilsWithLocking Description="ReadFile: Failed with os error code: 2 reason: No such file or directory"
SessionID=e8bcd962-3f43-4da2-a183-504b9cf9e501.1743590375116 Timestamp=2025-04-02T12:44:39:003+0200 ThreadID=18176 Component=ngl-lib_DataStorageFs Description="GetItemFromFsStorageImpl: key: User DT; status: 8 OsErrorCode: 2"
SessionID=e8bcd962-3f43-4da2-a183-504b9cf9e501.1743590375116 Timestamp=2025-04-02T12:44:39:010+0200 ThreadID=18176 Component=ngl-lib_UserPrincipalDao Description="GetUserPrincipal failed in GetUserProfile, status: 8"
SessionID=e8bcd962-3f43-4da2-a183-504b9cf9e501.1743590375116 Timestamp=2025-04-02T12:44:39:017+0200 ThreadID=18176 Component=ngl-lib_NglIngestManager ErrorID=322 Description="GetAccessToken : Failed to fetch access token"
SessionID=e8bcd962-3f43-4da2-a183-504b9cf9e501.1743590375116 Timestamp=2025-04-02T12:44:39:023+0200 ThreadID=18176 Component=ngl-lib_DataStorage Description="GetLastModifiedTime error 1168 data not found in storage."
SessionID=e8bcd962-3f43-4da2-a183-504b9cf9e501.1743590375116 Timestamp=2025-04-02T12:44:39:029+0200 ThreadID=18176 Component=ngl-lib_FileHandlingUtilsWithLocking Description="ReadFile: Failed with os error code: 2 reason: No such file or directory"
SessionID=e8bcd962-3f43-4da2-a183-504b9cf9e501.1743590375116 Timestamp=2025-04-02T12:44:39:036+0200 ThreadID=18176 Component=ngl-lib_DataStorageFs Description="GetItemFromFsStorageImpl: key: Username; status: 8 OsErrorCode: 2"
SessionID=e8bcd962-3f43-4da2-a183-504b9cf9e501.1743590375116 Timestamp=2025-04-02T12:44:39:042+0200 ThreadID=18176 Component=ngl-lib_HttpRestConnectorForPost Description="SendHttpRequestSync: Request about to start"
SessionID=e8bcd962-3f43-4da2-a183-504b9cf9e501.1743590375116 Timestamp=2025-04-02T12:44:39:049+0200 ThreadID=18176 Component=ngl-lib_HttpRestConnectorForPost Description="SendHttpRequestASyncCallInternal detected Windows version >= 8.1, using auto proxy settings"
SessionID=e8bcd962-3f43-4da2-a183-504b9cf9e501.1743590375116 Timestamp=2025-04-02T12:44:39:059+0200 ThreadID=18176 Component=ngl-lib_HttpRestConnectorForPost Description="SendHttpRequestASyncCallInternal: Calling endpoint https://cc-api-data.adobe.io/ingest"
SessionID=e8bcd962-3f43-4da2-a183-504b9cf9e501.1743590375116 Timestamp=2025-04-02T12:44:39:277+0200 ThreadID=17728 Component=ngl-lib_HttpRestConnectorForPost Description="OnCallBack: Received response with status 200"
SessionID=e8bcd962-3f43-4da2-a183-504b9cf9e501.1743590375116 Timestamp=2025-04-02T12:44:39:289+0200 ThreadID=18176 Component=ngl-lib_HttpRestConnectorForPost Description="SendHttpRequestSync: Request complete, received status 0"
SessionID=e8bcd962-3f43-4da2-a183-504b9cf9e501.1743590375116 Timestamp=2025-04-02T12:45:03:490+0200 ThreadID=18372 Component=ngl-lib_NglController Description="GetCurrentUserGuid: invoked"
SessionID=e8bcd962-3f43-4da2-a183-504b9cf9e501.1743590375116 Timestamp=2025-04-02T12:50:35:297+0200 ThreadID=18372 Component=ngl-lib_NglController Description="GetCurrentUserGuid: invoked"
SessionID=e8bcd962-3f43-4da2-a183-504b9cf9e501.1743590375116 Timestamp=2025-04-02T12:54:38:904+0200 ThreadID=17536 Component=ngl-lib_DataStorageFs Description="SetLegacyStorageSupported: mLegacyStorageSupported set to 1"
SessionID=e8bcd962-3f43-4da2-a183-504b9cf9e501.1743590375116 Timestamp=2025-04-02T12:54:38:913+0200 ThreadID=17536 Component=ngl-lib_DataStorageFs Description="SetLegacyStorageSupportedFromCapabilityFile: status: 0 OsErrorCode: 0"
SessionID=e8bcd962-3f43-4da2-a183-504b9cf9e501.1743590375116 Timestamp=2025-04-02T12:54:38:926+0200 ThreadID=17536 Component=ngl-lib_SyncManager Description="RecurringSync: Executing the pending sync for key Package Info..."
SessionID=e8bcd962-3f43-4da2-a183-504b9cf9e501.1743590375116 Timestamp=2025-04-02T12:54:38:933+0200 ThreadID=17536 Component=ngl-lib_DataStorage Description="GetLastModifiedTime error 1168 data not found in storage."
SessionID=e8bcd962-3f43-4da2-a183-504b9cf9e501.1743590375116 Timestamp=2025-04-02T12:54:38:940+0200 ThreadID=17536 Component=ngl-lib_SyncManager Description="SyncRunnable: returnStatus: 8, lSyncAction: 0, key: Package Info"
SessionID=e8bcd962-3f43-4da2-a183-504b9cf9e501.1743590375116 Timestamp=2025-04-02T12:54:38:948+0200 ThreadID=17536 Component=ngl-lib_SyncManager Description="RecurringSync: Executing the pending sync for key Password..."
SessionID=e8bcd962-3f43-4da2-a183-504b9cf9e501.1743590375116 Timestamp=2025-04-02T12:54:38:955+0200 ThreadID=17536 Component=ngl-lib_DataStorage Description="GetLastModifiedTime error 1168 data not found in storage."
SessionID=e8bcd962-3f43-4da2-a183-504b9cf9e501.1743590375116 Timestamp=2025-04-02T12:54:38:963+0200 ThreadID=17536 Component=ngl-lib_SyncManager Description="SyncRunnable: returnStatus: 8, lSyncAction: 0, key: Password"
SessionID=e8bcd962-3f43-4da2-a183-504b9cf9e501.1743590375116 Timestamp=2025-04-02T12:54:38:970+0200 ThreadID=17536 Component=ngl-lib_SyncManager Description="RecurringSync: Executing the pending sync for key User DT..."
SessionID=e8bcd962-3f43-4da2-a183-504b9cf9e501.1743590375116 Timestamp=2025-04-02T12:54:38:977+0200 ThreadID=17536 Component=ngl-lib_DataStorage Description="GetLastModifiedTime error 1168 data not found in storage."
SessionID=e8bcd962-3f43-4da2-a183-504b9cf9e501.1743590375116 Timestamp=2025-04-02T12:54:38:984+0200 ThreadID=17536 Component=ngl-lib_SyncManager Description="SyncRunnable: returnStatus: 8, lSyncAction: 0, key: User DT"
SessionID=e8bcd962-3f43-4da2-a183-504b9cf9e501.1743590375116 Timestamp=2025-04-02T12:54:38:991+0200 ThreadID=17536 Component=ngl-lib_SyncManager Description="RecurringSync: Executing the pending sync for key User OS Info..."
SessionID=e8bcd962-3f43-4da2-a183-504b9cf9e501.1743590375116 Timestamp=2025-04-02T12:54:38:999+0200 ThreadID=17536 Component=ngl-lib_DataStorage Description="GetLastModifiedTime error 1168 data not found in storage."
SessionID=e8bcd962-3f43-4da2-a183-504b9cf9e501.1743590375116 Timestamp=2025-04-02T12:54:39:006+0200 ThreadID=17536 Component=ngl-lib_SyncManager Description="SyncRunnable: returnStatus: 8, lSyncAction: 0, key: User OS Info"
SessionID=e8bcd962-3f43-4da2-a183-504b9cf9e501.1743590375116 Timestamp=2025-04-02T12:54:39:013+0200 ThreadID=17536 Component=ngl-lib_SyncManager Description="RecurringSync: Executing the pending sync for key User Profile..."
SessionID=e8bcd962-3f43-4da2-a183-504b9cf9e501.1743590375116 Timestamp=2025-04-02T12:54:39:020+0200 ThreadID=17536 Component=ngl-lib_DataStorage Description="GetLastModifiedTime error 1168 data not found in storage."
SessionID=e8bcd962-3f43-4da2-a183-504b9cf9e501.1743590375116 Timestamp=2025-04-02T12:54:39:027+0200 ThreadID=17536 Component=ngl-lib_SyncManager Description="SyncRunnable: returnStatus: 8, lSyncAction: 0, key: User Profile"
SessionID=e8bcd962-3f43-4da2-a183-504b9cf9e501.1743590375116 Timestamp=2025-04-02T12:54:39:034+0200 ThreadID=17536 Component=ngl-lib_SyncManager Description="RecurringSync: Executing the pending sync for key Username..."
SessionID=e8bcd962-3f43-4da2-a183-504b9cf9e501.1743590375116 Timestamp=2025-04-02T12:54:39:040+0200 ThreadID=17536 Component=ngl-lib_DataStorage Description="GetLastModifiedTime error 1168 data not found in storage."
SessionID=e8bcd962-3f43-4da2-a183-504b9cf9e501.1743590375116 Timestamp=2025-04-02T12:54:39:047+0200 ThreadID=17536 Component=ngl-lib_SyncManager Description="SyncRunnable: returnStatus: 8, lSyncAction: 0, key: Username"
SessionID=e8bcd962-3f43-4da2-a183-504b9cf9e501.1743590375116 Timestamp=2025-04-02T12:56:05:927+0200 ThreadID=18372 Component=ngl-lib_NglController Description="GetCurrentUserGuid: invoked"
SessionID=e8bcd962-3f43-4da2-a183-504b9cf9e501.1743590375116 Timestamp=2025-04-02T12:59:35:434+0200 ThreadID=18176 Component=ngl-lib_DataStorage Description="GetLastModifiedTime error 1168 data not found in storage."
SessionID=e8bcd962-3f43-4da2-a183-504b9cf9e501.1743590375116 Timestamp=2025-04-02T12:59:35:442+0200 ThreadID=18176 Component=ngl-lib_FileHandlingUtilsWithLocking Description="ReadFile: Failed with os error code: 2 reason: No such file or directory"
SessionID=e8bcd962-3f43-4da2-a183-504b9cf9e501.1743590375116 Timestamp=2025-04-02T12:59:35:448+0200 ThreadID=18176 Component=ngl-lib_DataStorageFs Description="GetItemFromFsStorageImpl: key: User DT; status: 8 OsErrorCode: 2"
SessionID=e8bcd962-3f43-4da2-a183-504b9cf9e501.1743590375116 Timestamp=2025-04-02T12:59:35:454+0200 ThreadID=18176 Component=ngl-lib_UserPrincipalDao Description="GetUserPrincipal failed in GetUserProfile, status: 8"
SessionID=e8bcd962-3f43-4da2-a183-504b9cf9e501.1743590375116 Timestamp=2025-04-02T12:59:35:461+0200 ThreadID=18176 Component=ngl-lib_NglIngestManager ErrorID=322 Description="GetAccessToken : Failed to fetch access token"
SessionID=e8bcd962-3f43-4da2-a183-504b9cf9e501.1743590375116 Timestamp=2025-04-02T12:59:35:468+0200 ThreadID=18176 Component=ngl-lib_DataStorage Description="GetLastModifiedTime error 1168 data not found in storage."
SessionID=e8bcd962-3f43-4da2-a183-504b9cf9e501.1743590375116 Timestamp=2025-04-02T12:59:35:475+0200 ThreadID=18176 Component=ngl-lib_FileHandlingUtilsWithLocking Description="ReadFile: Failed with os error code: 2 reason: No such file or directory"
SessionID=e8bcd962-3f43-4da2-a183-504b9cf9e501.1743590375116 Timestamp=2025-04-02T12:59:35:481+0200 ThreadID=18176 Component=ngl-lib_DataStorageFs Description="GetItemFromFsStorageImpl: key: Username; status: 8 OsErrorCode: 2"
SessionID=e8bcd962-3f43-4da2-a183-504b9cf9e501.1743590375116 Timestamp=2025-04-02T12:59:35:487+0200 ThreadID=18176 Component=ngl-lib_HttpRestConnectorForPost Description="SendHttpRequestSync: Request about to start"
SessionID=e8bcd962-3f43-4da2-a183-504b9cf9e501.1743590375116 Timestamp=2025-04-02T12:59:35:495+0200 ThreadID=18176 Component=ngl-lib_HttpRestConnectorForPost Description="SendHttpRequestASyncCallInternal detected Windows version >= 8.1, using auto proxy settings"
SessionID=e8bcd962-3f43-4da2-a183-504b9cf9e501.1743590375116 Timestamp=2025-04-02T12:59:35:505+0200 ThreadID=18176 Component=ngl-lib_HttpRestConnectorForPost Description="SendHttpRequestASyncCallInternal: Calling endpoint https://cc-api-data.adobe.io/ingest"
SessionID=e8bcd962-3f43-4da2-a183-504b9cf9e501.1743590375116 Timestamp=2025-04-02T12:59:35:713+0200 ThreadID=11508 Component=ngl-lib_HttpRestConnectorForPost Description="OnCallBack: Received response with status 200"
SessionID=e8bcd962-3f43-4da2-a183-504b9cf9e501.1743590375116 Timestamp=2025-04-02T12:59:35:727+0200 ThreadID=18176 Component=ngl-lib_HttpRestConnectorForPost Description="SendHttpRequestSync: Request complete, received status 0"
